--- org.apache.commons.lang3.RandomStringUtils_ESTest::test05
org.evosuite.runtime.mock.java.lang.MockIllegalArgumentException: Parameter end (0) must be greater than start (27)
--- org.apache.commons.lang3.RandomStringUtils_ESTest::test11
org.evosuite.runtime.mock.java.lang.MockIllegalArgumentException: Parameter end (32) must be greater than start (3306)
