--- org.joda.time.Partial_ESTest::test32
org.evosuite.runtime.mock.java.lang.MockIllegalArgumentException: Field 'months' is not supported
--- org.joda.time.Partial_ESTest::test33
org.evosuite.runtime.mock.java.lang.MockIllegalArgumentException: Field 'millis' is not supported
--- org.joda.time.Partial_ESTest::test34
org.evosuite.runtime.mock.java.lang.MockIllegalArgumentException: Field 'years' is not supported
--- org.joda.time.Partial_ESTest::test35
org.evosuite.runtime.mock.java.lang.MockIllegalArgumentException: Field 'days' is not supported
--- org.joda.time.Partial_ESTest::test50
junit.framework.AssertionFailedError: expected:<...nth=14, millisOfDay=[444]81320]> but was:<...nth=14, millisOfDay=[732]81320]>
	at org.junit.Assert.assertEquals(Assert.java:115)
	at org.junit.Assert.assertEquals(Assert.java:144)
	at org.joda.time.Partial_ESTest.test50(Partial_ESTest.java:725)
	at sun.reflect.NativeMethodAccessorImpl.invoke0(Native Method)
	at sun.reflect.NativeMethodAccessorImpl.invoke(NativeMethodAccessorImpl.java:57)
	at sun.reflect.DelegatingMethodAccessorImpl.invoke(DelegatingMethodAccessorImpl.java:43)
	at java.lang.reflect.Method.invoke(Method.java:606)
	at org.junit.runners.model.FrameworkMethod$1.runReflectiveCall(FrameworkMethod.java:47)
	at org.junit.internal.runners.model.ReflectiveCallable.run(ReflectiveCallable.java:12)
	at org.junit.runners.model.FrameworkMethod.invokeExplosively(FrameworkMethod.java:44)
	at org.junit.internal.runners.statements.InvokeMethod.evaluate(InvokeMethod.java:17)
	at org.junit.internal.runners.statements.RunBefores.evaluate(RunBefores.java:26)
	at org.junit.internal.runners.statements.RunAfters.evaluate(RunAfters.java:27)
	at org.junit.internal.runners.statements.FailOnTimeout$StatementThread.run(FailOnTimeout.java:74)
