[WARNING] 
[WARNING] Some problems were encountered while building the effective settings
[WARNING] expected START_TAG or END_TAG not TEXT (position: TEXT seen ...<repository> \ua0\r\n      \ua0\ua0 \ua0<i... @29:13)  @ /home/junyang/.m2/settings.xml, line 29, column 13
[WARNING] 
[INFO] Scanning for projects...
[WARNING] 
[WARNING] Some problems were encountered while building the effective model for joda-time:joda-time:jar:2.0
[WARNING] 'build.plugins.plugin.(groupId:artifactId)' must be unique but found duplicate declaration of plugin org.apache.maven.plugins:maven-surefire-plugin @ line 264, column 9
[WARNING] The expression ${pom.build.sourceDirectory} is deprecated. Please use ${project.build.sourceDirectory} instead.
[WARNING] The expression ${pom.build.outputDirectory} is deprecated. Please use ${project.build.outputDirectory} instead.
[WARNING] 
[WARNING] It is highly recommended to fix these problems because they threaten the stability of your build.
[WARNING] 
[WARNING] For this reason, future Maven versions might no longer support building such malformed projects.
[WARNING] 
[INFO] 
[INFO] ------------------------< joda-time:joda-time >-------------------------
[INFO] Building Joda time 2.0
[INFO] --------------------------------[ jar ]---------------------------------
[INFO] 
[INFO] --- maven-resources-plugin:2.6:resources (default-resources) @ joda-time ---
[WARNING] Using platform encoding (UTF-8 actually) to copy filtered resources, i.e. build is platform dependent!
[INFO] Copying 0 resource to META-INF
[INFO] Copying 0 resource to .
[INFO] Copying 9 resources to .
[INFO] 
[INFO] --- maven-compiler-plugin:2.3.1:compile (default-compile) @ joda-time ---
[WARNING] File encoding has not been set, using platform encoding UTF-8, i.e. build is platform dependent!
[INFO] Compiling 2 source files to /home/junyang/PR/SubjectPrograms/Time/11/target/classes
[INFO] -------------------------------------------------------------
[ERROR] COMPILATION ERROR : 
[INFO] -------------------------------------------------------------
[ERROR] /home/junyang/PR/SubjectPrograms/Time/11/src/main/java/org/joda/time/tz/DateTimeZoneBuilder.java:[371,14] error: cannot find symbol

[ERROR]  class DateTimeZoneBuilder
/home/junyang/PR/SubjectPrograms/Time/11/src/main/java/org/joda/time/tz/DateTimeZoneBuilder.java:[371,33] error: cannot find symbol

[ERROR]  class DateTimeZoneBuilder
/home/junyang/PR/SubjectPrograms/Time/11/src/main/java/org/joda/time/tz/DateTimeZoneBuilder.java:[371,38] error: cannot find symbol

[INFO] 3 errors 
[INFO] -------------------------------------------------------------
[INFO] ------------------------------------------------------------------------
[INFO] BUILD FAILURE
[INFO] ------------------------------------------------------------------------
[INFO] Total time:  1.812 s
[INFO] Finished at: 2021-07-26T08:17:03-07:00
[INFO] ------------------------------------------------------------------------
[ERROR] Failed to execute goal org.apache.maven.plugins:maven-compiler-plugin:2.3.1:compile (default-compile) on project joda-time: Compilation failure: Compilation failure: 
[ERROR] /home/junyang/PR/SubjectPrograms/Time/11/src/main/java/org/joda/time/tz/DateTimeZoneBuilder.java:[371,14] error: cannot find symbol
[ERROR] 
[ERROR]  class DateTimeZoneBuilder
[ERROR] /home/junyang/PR/SubjectPrograms/Time/11/src/main/java/org/joda/time/tz/DateTimeZoneBuilder.java:[371,33] error: cannot find symbol
[ERROR] 
[ERROR]  class DateTimeZoneBuilder
[ERROR] /home/junyang/PR/SubjectPrograms/Time/11/src/main/java/org/joda/time/tz/DateTimeZoneBuilder.java:[371,38] error: cannot find symbol
[ERROR] -> [Help 1]
[ERROR] 
[ERROR] To see the full stack trace of the errors, re-run Maven with the -e switch.
[ERROR] Re-run Maven using the -X switch to enable full debug logging.
[ERROR] 
[ERROR] For more information about the errors and possible solutions, please read the following articles:
[ERROR] [Help 1] http://cwiki.apache.org/confluence/display/MAVEN/MojoFailureException
