--- org.joda.time.Partial_ESTest::test35
org.evosuite.runtime.mock.java.lang.MockIllegalArgumentException: Field 'hours' is not supported
--- org.joda.time.Partial_ESTest::test36
org.evosuite.runtime.mock.java.lang.MockIllegalArgumentException: Field 'hours' is not supported
--- org.joda.time.Partial_ESTest::test42
org.evosuite.runtime.mock.java.lang.MockIllegalArgumentException: Field 'hourOfDay' is not supported
--- org.joda.time.Partial_ESTest::test44
org.evosuite.runtime.mock.java.lang.MockIllegalArgumentException: Field 'hourOfDay' is not supported
