--- org.apache.commons.math3.optimization.direct.CMAESOptimizer_ESTest::test01
java.lang.Exception: test timed out after 4000 milliseconds
	at org.evosuite.runtime.sandbox.PermissionStatistics.rememberRecentReadFilePermissions(PermissionStatistics.java:116)
	at org.evosuite.runtime.sandbox.PermissionStatistics.permissionAllowed(PermissionStatistics.java:134)
	at org.evosuite.runtime.sandbox.MSecurityManager.checkPermission(MSecurityManager.java:447)
	at java.lang.SecurityManager.checkPropertyAccess(SecurityManager.java:1298)
	at java.lang.System.getProperty(System.java:708)
	at org.evosuite.runtime.vfs.VirtualFileSystem.getTmpFolderPath(VirtualFileSystem.java:258)
	at org.evosuite.runtime.vfs.VirtualFileSystem.init(VirtualFileSystem.java:195)
	at org.evosuite.runtime.Runtime.resetRuntime(Runtime.java:85)
	at org.evosuite.runtime.classhandling.ClassResetter.reset(ClassResetter.java:142)
	at org.evosuite.runtime.classhandling.ClassStateSupport.resetClasses(ClassStateSupport.java:87)
	at org.apache.commons.math3.optimization.direct.CMAESOptimizer_ESTest_scaffolding.resetClasses(CMAESOptimizer_ESTest_scaffolding.java:230)
	at org.apache.commons.math3.optimization.direct.CMAESOptimizer_ESTest_scaffolding.doneWithTestCase(CMAESOptimizer_ESTest_scaffolding.java:60)
	at sun.reflect.NativeMethodAccessorImpl.invoke0(Native Method)
	at sun.reflect.NativeMethodAccessorImpl.invoke(NativeMethodAccessorImpl.java:57)
	at sun.reflect.DelegatingMethodAccessorImpl.invoke(DelegatingMethodAccessorImpl.java:43)
	at java.lang.reflect.Method.invoke(Method.java:606)
	at org.junit.runners.model.FrameworkMethod$1.runReflectiveCall(FrameworkMethod.java:47)
	at org.junit.internal.runners.model.ReflectiveCallable.run(ReflectiveCallable.java:12)
	at org.junit.runners.model.FrameworkMethod.invokeExplosively(FrameworkMethod.java:44)
	at org.junit.internal.runners.statements.RunAfters.evaluate(RunAfters.java:33)
	at org.junit.internal.runners.statements.FailOnTimeout$StatementThread.run(FailOnTimeout.java:74)
--- org.apache.commons.math3.optimization.direct.CMAESOptimizer_ESTest::test02
junit.framework.AssertionFailedError: Expecting exception: IllegalStateException
	at org.junit.Assert.fail(Assert.java:88)
	at org.apache.commons.math3.optimization.direct.CMAESOptimizer_ESTest.test02(CMAESOptimizer_ESTest.java:123)
	at sun.reflect.NativeMethodAccessorImpl.invoke0(Native Method)
	at sun.reflect.NativeMethodAccessorImpl.invoke(NativeMethodAccessorImpl.java:57)
	at sun.reflect.DelegatingMethodAccessorImpl.invoke(DelegatingMethodAccessorImpl.java:43)
	at java.lang.reflect.Method.invoke(Method.java:606)
	at org.junit.runners.model.FrameworkMethod$1.runReflectiveCall(FrameworkMethod.java:47)
	at org.junit.internal.runners.model.ReflectiveCallable.run(ReflectiveCallable.java:12)
	at org.junit.runners.model.FrameworkMethod.invokeExplosively(FrameworkMethod.java:44)
	at org.junit.internal.runners.statements.InvokeMethod.evaluate(InvokeMethod.java:17)
	at org.junit.internal.runners.statements.RunBefores.evaluate(RunBefores.java:26)
	at org.junit.internal.runners.statements.RunAfters.evaluate(RunAfters.java:27)
	at org.junit.internal.runners.statements.FailOnTimeout$StatementThread.run(FailOnTimeout.java:74)
--- org.apache.commons.math3.optimization.direct.CMAESOptimizer_ESTest::test04
org.apache.commons.math3.exception.DimensionMismatchException: 8 != 10
--- org.apache.commons.math3.optimization.direct.CMAESOptimizer_ESTest::test10
junit.framework.AssertionFailedError: Expecting exception: IllegalStateException
	at org.junit.Assert.fail(Assert.java:88)
	at org.apache.commons.math3.optimization.direct.CMAESOptimizer_ESTest.test10(CMAESOptimizer_ESTest.java:375)
	at sun.reflect.NativeMethodAccessorImpl.invoke0(Native Method)
	at sun.reflect.NativeMethodAccessorImpl.invoke(NativeMethodAccessorImpl.java:57)
	at sun.reflect.DelegatingMethodAccessorImpl.invoke(DelegatingMethodAccessorImpl.java:43)
	at java.lang.reflect.Method.invoke(Method.java:606)
	at org.junit.runners.model.FrameworkMethod$1.runReflectiveCall(FrameworkMethod.java:47)
	at org.junit.internal.runners.model.ReflectiveCallable.run(ReflectiveCallable.java:12)
	at org.junit.runners.model.FrameworkMethod.invokeExplosively(FrameworkMethod.java:44)
	at org.junit.internal.runners.statements.InvokeMethod.evaluate(InvokeMethod.java:17)
	at org.junit.internal.runners.statements.RunBefores.evaluate(RunBefores.java:26)
	at org.junit.internal.runners.statements.RunAfters.evaluate(RunAfters.java:27)
	at org.junit.internal.runners.statements.FailOnTimeout$StatementThread.run(FailOnTimeout.java:74)
--- org.apache.commons.math3.optimization.direct.CMAESOptimizer_ESTest::test11
org.apache.commons.math3.exception.DimensionMismatchException: 8 != 10
--- org.apache.commons.math3.optimization.direct.CMAESOptimizer_ESTest::test14
junit.framework.AssertionFailedError: Expecting exception: IllegalStateException
	at org.junit.Assert.fail(Assert.java:88)
	at org.apache.commons.math3.optimization.direct.CMAESOptimizer_ESTest.test14(CMAESOptimizer_ESTest.java:509)
	at sun.reflect.NativeMethodAccessorImpl.invoke0(Native Method)
	at sun.reflect.NativeMethodAccessorImpl.invoke(NativeMethodAccessorImpl.java:57)
	at sun.reflect.DelegatingMethodAccessorImpl.invoke(DelegatingMethodAccessorImpl.java:43)
	at java.lang.reflect.Method.invoke(Method.java:606)
	at org.junit.runners.model.FrameworkMethod$1.runReflectiveCall(FrameworkMethod.java:47)
	at org.junit.internal.runners.model.ReflectiveCallable.run(ReflectiveCallable.java:12)
	at org.junit.runners.model.FrameworkMethod.invokeExplosively(FrameworkMethod.java:44)
	at org.junit.internal.runners.statements.InvokeMethod.evaluate(InvokeMethod.java:17)
	at org.junit.internal.runners.statements.RunBefores.evaluate(RunBefores.java:26)
	at org.junit.internal.runners.statements.RunAfters.evaluate(RunAfters.java:27)
	at org.junit.internal.runners.statements.FailOnTimeout$StatementThread.run(FailOnTimeout.java:74)
