--- org.apache.commons.cli2.builder.RegressionTest0::test087
java.lang.IllegalArgumentException: Trigger hi![<--1> [<--2> [<--3> [<--4> [<--5> [<--6> [<--7> [<--8> [<--9> [<--10> [<--11> [<--12> [<--13> [<--14> [<--15> [<--16> [<--17> [<--18> [<--19> [<--20> [<--21> [<--22> [<--23> [<--24> [<--25> [<--26> [<--27> [<--28> [<--29> [<--30> [<--31> [<--32>]]]]]]]]]]]]]]]]]]]]]]]]]]]]]]]] must be prefixed with a value from [org.apache.commons.cli2.validation.InvalidArgumentException: --]
	at org.apache.commons.cli2.option.OptionImpl.checkPrefix(OptionImpl.java:157)
	at org.apache.commons.cli2.option.OptionImpl.checkPrefixes(OptionImpl.java:133)
	at org.apache.commons.cli2.option.DefaultOption.<init>(DefaultOption.java:118)
	at org.apache.commons.cli2.builder.DefaultOptionBuilder.create(DefaultOptionBuilder.java:92)
	at org.apache.commons.cli2.builder.RegressionTest0.test087(RegressionTest0.java:4704)
	at sun.reflect.NativeMethodAccessorImpl.invoke0(Native Method)
	at sun.reflect.NativeMethodAccessorImpl.invoke(NativeMethodAccessorImpl.java:62)
	at sun.reflect.DelegatingMethodAccessorImpl.invoke(DelegatingMethodAccessorImpl.java:43)
	at java.lang.reflect.Method.invoke(Method.java:498)
	at org.junit.runners.model.FrameworkMethod$1.runReflectiveCall(FrameworkMethod.java:47)
	at org.junit.internal.runners.model.ReflectiveCallable.run(ReflectiveCallable.java:12)
	at org.junit.runners.model.FrameworkMethod.invokeExplosively(FrameworkMethod.java:44)
	at org.junit.internal.runners.statements.InvokeMethod.evaluate(InvokeMethod.java:17)
	at org.junit.runners.ParentRunner.runLeaf(ParentRunner.java:271)
	at org.junit.runners.BlockJUnit4ClassRunner.runChild(BlockJUnit4ClassRunner.java:70)
	at org.junit.runners.BlockJUnit4ClassRunner.runChild(BlockJUnit4ClassRunner.java:50)
	at org.junit.runners.ParentRunner$3.run(ParentRunner.java:238)
	at org.junit.runners.ParentRunner$1.schedule(ParentRunner.java:63)
	at org.junit.runners.ParentRunner.runChildren(ParentRunner.java:236)
	at org.junit.runners.ParentRunner.access$000(ParentRunner.java:53)
	at org.junit.runners.ParentRunner$2.evaluate(ParentRunner.java:229)
	at org.junit.runners.ParentRunner.run(ParentRunner.java:309)
	at org.junit.runners.Suite.runChild(Suite.java:127)
	at org.junit.runners.Suite.runChild(Suite.java:26)
	at org.junit.runners.ParentRunner$3.run(ParentRunner.java:238)
	at org.junit.runners.ParentRunner$1.schedule(ParentRunner.java:63)
	at org.junit.runners.ParentRunner.runChildren(ParentRunner.java:236)
	at org.junit.runners.ParentRunner.access$000(ParentRunner.java:53)
	at org.junit.runners.ParentRunner$2.evaluate(ParentRunner.java:229)
	at org.junit.runners.ParentRunner.run(ParentRunner.java:309)
	at junit.framework.JUnit4TestAdapter.run(JUnit4TestAdapter.java:38)
	at org.apache.tools.ant.taskdefs.optional.junit.JUnitTestRunner.run(JUnitTestRunner.java:534)
	at org.apache.tools.ant.taskdefs.optional.junit.JUnitTestRunner.launch(JUnitTestRunner.java:1196)
	at org.apache.tools.ant.taskdefs.optional.junit.JUnitTestRunner.main(JUnitTestRunner.java:1014)
--- org.apache.commons.cli2.builder.RegressionTest0::test128
java.lang.IllegalArgumentException: Trigger hi![<--1> [<--2> [<--3> [<--4> [<--5> [<--6> [<--7> [<--8> [<--9> [<--10> [<--11> [<--12> [<--13> [<--14> [<--15> [<--16> [<--17> [<--18> [<--19> [<--20> [<--21> [<--22> [<--23> [<--24> [<--25> [<--26> [<--27> [<--28> [<--29> [<--30> [<--31> [<--32>]]]]]]]]]]]]]]]]]]]]]]]]]]]]]]]] must be prefixed with a value from [org.apache.commons.cli2.validation.InvalidArgumentException: --]
	at org.apache.commons.cli2.option.OptionImpl.checkPrefix(OptionImpl.java:157)
	at org.apache.commons.cli2.option.OptionImpl.checkPrefixes(OptionImpl.java:133)
	at org.apache.commons.cli2.option.DefaultOption.<init>(DefaultOption.java:118)
	at org.apache.commons.cli2.builder.DefaultOptionBuilder.create(DefaultOptionBuilder.java:92)
	at org.apache.commons.cli2.builder.RegressionTest0.test128(RegressionTest0.java:7003)
	at sun.reflect.NativeMethodAccessorImpl.invoke0(Native Method)
	at sun.reflect.NativeMethodAccessorImpl.invoke(NativeMethodAccessorImpl.java:62)
	at sun.reflect.DelegatingMethodAccessorImpl.invoke(DelegatingMethodAccessorImpl.java:43)
	at java.lang.reflect.Method.invoke(Method.java:498)
	at org.junit.runners.model.FrameworkMethod$1.runReflectiveCall(FrameworkMethod.java:47)
	at org.junit.internal.runners.model.ReflectiveCallable.run(ReflectiveCallable.java:12)
	at org.junit.runners.model.FrameworkMethod.invokeExplosively(FrameworkMethod.java:44)
	at org.junit.internal.runners.statements.InvokeMethod.evaluate(InvokeMethod.java:17)
	at org.junit.runners.ParentRunner.runLeaf(ParentRunner.java:271)
	at org.junit.runners.BlockJUnit4ClassRunner.runChild(BlockJUnit4ClassRunner.java:70)
	at org.junit.runners.BlockJUnit4ClassRunner.runChild(BlockJUnit4ClassRunner.java:50)
	at org.junit.runners.ParentRunner$3.run(ParentRunner.java:238)
	at org.junit.runners.ParentRunner$1.schedule(ParentRunner.java:63)
	at org.junit.runners.ParentRunner.runChildren(ParentRunner.java:236)
	at org.junit.runners.ParentRunner.access$000(ParentRunner.java:53)
	at org.junit.runners.ParentRunner$2.evaluate(ParentRunner.java:229)
	at org.junit.runners.ParentRunner.run(ParentRunner.java:309)
	at org.junit.runners.Suite.runChild(Suite.java:127)
	at org.junit.runners.Suite.runChild(Suite.java:26)
	at org.junit.runners.ParentRunner$3.run(ParentRunner.java:238)
	at org.junit.runners.ParentRunner$1.schedule(ParentRunner.java:63)
	at org.junit.runners.ParentRunner.runChildren(ParentRunner.java:236)
	at org.junit.runners.ParentRunner.access$000(ParentRunner.java:53)
	at org.junit.runners.ParentRunner$2.evaluate(ParentRunner.java:229)
	at org.junit.runners.ParentRunner.run(ParentRunner.java:309)
	at junit.framework.JUnit4TestAdapter.run(JUnit4TestAdapter.java:38)
	at org.apache.tools.ant.taskdefs.optional.junit.JUnitTestRunner.run(JUnitTestRunner.java:534)
	at org.apache.tools.ant.taskdefs.optional.junit.JUnitTestRunner.launch(JUnitTestRunner.java:1196)
	at org.apache.tools.ant.taskdefs.optional.junit.JUnitTestRunner.main(JUnitTestRunner.java:1014)
--- org.apache.commons.cli2.builder.RegressionTest0::test151
java.lang.IllegalArgumentException: Trigger hi![<--1> [<--2> [<--3> [<--4> [<--5> [<--6> [<--7> [<--8> [<--9> [<--10> [<--11> [<--12> [<--13> [<--14> [<--15> [<--16> [<--17> [<--18> [<--19> [<--20> [<--21> [<--22> [<--23> [<--24> [<--25> [<--26> [<--27> [<--28> [<--29> [<--30> [<--31> [<--32>]]]]]]]]]]]]]]]]]]]]]]]]]]]]]]]] must be prefixed with a value from [org.apache.commons.cli2.validation.InvalidArgumentException: --]
	at org.apache.commons.cli2.option.OptionImpl.checkPrefix(OptionImpl.java:157)
	at org.apache.commons.cli2.option.OptionImpl.checkPrefixes(OptionImpl.java:133)
	at org.apache.commons.cli2.option.DefaultOption.<init>(DefaultOption.java:118)
	at org.apache.commons.cli2.builder.DefaultOptionBuilder.create(DefaultOptionBuilder.java:92)
	at org.apache.commons.cli2.builder.RegressionTest0.test151(RegressionTest0.java:8225)
	at sun.reflect.NativeMethodAccessorImpl.invoke0(Native Method)
	at sun.reflect.NativeMethodAccessorImpl.invoke(NativeMethodAccessorImpl.java:62)
	at sun.reflect.DelegatingMethodAccessorImpl.invoke(DelegatingMethodAccessorImpl.java:43)
	at java.lang.reflect.Method.invoke(Method.java:498)
	at org.junit.runners.model.FrameworkMethod$1.runReflectiveCall(FrameworkMethod.java:47)
	at org.junit.internal.runners.model.ReflectiveCallable.run(ReflectiveCallable.java:12)
	at org.junit.runners.model.FrameworkMethod.invokeExplosively(FrameworkMethod.java:44)
	at org.junit.internal.runners.statements.InvokeMethod.evaluate(InvokeMethod.java:17)
	at org.junit.runners.ParentRunner.runLeaf(ParentRunner.java:271)
	at org.junit.runners.BlockJUnit4ClassRunner.runChild(BlockJUnit4ClassRunner.java:70)
	at org.junit.runners.BlockJUnit4ClassRunner.runChild(BlockJUnit4ClassRunner.java:50)
	at org.junit.runners.ParentRunner$3.run(ParentRunner.java:238)
	at org.junit.runners.ParentRunner$1.schedule(ParentRunner.java:63)
	at org.junit.runners.ParentRunner.runChildren(ParentRunner.java:236)
	at org.junit.runners.ParentRunner.access$000(ParentRunner.java:53)
	at org.junit.runners.ParentRunner$2.evaluate(ParentRunner.java:229)
	at org.junit.runners.ParentRunner.run(ParentRunner.java:309)
	at org.junit.runners.Suite.runChild(Suite.java:127)
	at org.junit.runners.Suite.runChild(Suite.java:26)
	at org.junit.runners.ParentRunner$3.run(ParentRunner.java:238)
	at org.junit.runners.ParentRunner$1.schedule(ParentRunner.java:63)
	at org.junit.runners.ParentRunner.runChildren(ParentRunner.java:236)
	at org.junit.runners.ParentRunner.access$000(ParentRunner.java:53)
	at org.junit.runners.ParentRunner$2.evaluate(ParentRunner.java:229)
	at org.junit.runners.ParentRunner.run(ParentRunner.java:309)
	at junit.framework.JUnit4TestAdapter.run(JUnit4TestAdapter.java:38)
	at org.apache.tools.ant.taskdefs.optional.junit.JUnitTestRunner.run(JUnitTestRunner.java:534)
	at org.apache.tools.ant.taskdefs.optional.junit.JUnitTestRunner.launch(JUnitTestRunner.java:1196)
	at org.apache.tools.ant.taskdefs.optional.junit.JUnitTestRunner.main(JUnitTestRunner.java:1014)
--- org.apache.commons.cli2.builder.RegressionTest0::test152
java.lang.IllegalArgumentException: Trigger hi![<--1> [<--2> [<--3> [<--4> [<--5> [<--6> [<--7> [<--8> [<--9> [<--10> [<--11> [<--12> [<--13> [<--14> [<--15> [<--16> [<--17> [<--18> [<--19> [<--20> [<--21> [<--22> [<--23> [<--24> [<--25> [<--26> [<--27> [<--28> [<--29> [<--30> [<--31> [<--32>]]]]]]]]]]]]]]]]]]]]]]]]]]]]]]]] must be prefixed with a value from [org.apache.commons.cli2.validation.InvalidArgumentException: --]
	at org.apache.commons.cli2.option.OptionImpl.checkPrefix(OptionImpl.java:157)
	at org.apache.commons.cli2.option.OptionImpl.checkPrefixes(OptionImpl.java:133)
	at org.apache.commons.cli2.option.DefaultOption.<init>(DefaultOption.java:118)
	at org.apache.commons.cli2.builder.DefaultOptionBuilder.create(DefaultOptionBuilder.java:92)
	at org.apache.commons.cli2.builder.RegressionTest0.test152(RegressionTest0.java:8324)
	at sun.reflect.NativeMethodAccessorImpl.invoke0(Native Method)
	at sun.reflect.NativeMethodAccessorImpl.invoke(NativeMethodAccessorImpl.java:62)
	at sun.reflect.DelegatingMethodAccessorImpl.invoke(DelegatingMethodAccessorImpl.java:43)
	at java.lang.reflect.Method.invoke(Method.java:498)
	at org.junit.runners.model.FrameworkMethod$1.runReflectiveCall(FrameworkMethod.java:47)
	at org.junit.internal.runners.model.ReflectiveCallable.run(ReflectiveCallable.java:12)
	at org.junit.runners.model.FrameworkMethod.invokeExplosively(FrameworkMethod.java:44)
	at org.junit.internal.runners.statements.InvokeMethod.evaluate(InvokeMethod.java:17)
	at org.junit.runners.ParentRunner.runLeaf(ParentRunner.java:271)
	at org.junit.runners.BlockJUnit4ClassRunner.runChild(BlockJUnit4ClassRunner.java:70)
	at org.junit.runners.BlockJUnit4ClassRunner.runChild(BlockJUnit4ClassRunner.java:50)
	at org.junit.runners.ParentRunner$3.run(ParentRunner.java:238)
	at org.junit.runners.ParentRunner$1.schedule(ParentRunner.java:63)
	at org.junit.runners.ParentRunner.runChildren(ParentRunner.java:236)
	at org.junit.runners.ParentRunner.access$000(ParentRunner.java:53)
	at org.junit.runners.ParentRunner$2.evaluate(ParentRunner.java:229)
	at org.junit.runners.ParentRunner.run(ParentRunner.java:309)
	at org.junit.runners.Suite.runChild(Suite.java:127)
	at org.junit.runners.Suite.runChild(Suite.java:26)
	at org.junit.runners.ParentRunner$3.run(ParentRunner.java:238)
	at org.junit.runners.ParentRunner$1.schedule(ParentRunner.java:63)
	at org.junit.runners.ParentRunner.runChildren(ParentRunner.java:236)
	at org.junit.runners.ParentRunner.access$000(ParentRunner.java:53)
	at org.junit.runners.ParentRunner$2.evaluate(ParentRunner.java:229)
	at org.junit.runners.ParentRunner.run(ParentRunner.java:309)
	at junit.framework.JUnit4TestAdapter.run(JUnit4TestAdapter.java:38)
	at org.apache.tools.ant.taskdefs.optional.junit.JUnitTestRunner.run(JUnitTestRunner.java:534)
	at org.apache.tools.ant.taskdefs.optional.junit.JUnitTestRunner.launch(JUnitTestRunner.java:1196)
	at org.apache.tools.ant.taskdefs.optional.junit.JUnitTestRunner.main(JUnitTestRunner.java:1014)
--- org.apache.commons.cli2.builder.RegressionTest0::test162
java.lang.IllegalArgumentException: Trigger hi![<--1> [<--2> [<--3> [<--4> [<--5> [<--6> [<--7> [<--8> [<--9> [<--10> [<--11> [<--12> [<--13> [<--14> [<--15> [<--16> [<--17> [<--18> [<--19> [<--20> [<--21> [<--22> [<--23> [<--24> [<--25> [<--26> [<--27> [<--28> [<--29> [<--30> [<--31> [<--32>]]]]]]]]]]]]]]]]]]]]]]]]]]]]]]]] must be prefixed with a value from [org.apache.commons.cli2.validation.InvalidArgumentException: --]
	at org.apache.commons.cli2.option.OptionImpl.checkPrefix(OptionImpl.java:157)
	at org.apache.commons.cli2.option.OptionImpl.checkPrefixes(OptionImpl.java:133)
	at org.apache.commons.cli2.option.DefaultOption.<init>(DefaultOption.java:118)
	at org.apache.commons.cli2.builder.DefaultOptionBuilder.create(DefaultOptionBuilder.java:92)
	at org.apache.commons.cli2.builder.RegressionTest0.test162(RegressionTest0.java:8832)
	at sun.reflect.NativeMethodAccessorImpl.invoke0(Native Method)
	at sun.reflect.NativeMethodAccessorImpl.invoke(NativeMethodAccessorImpl.java:62)
	at sun.reflect.DelegatingMethodAccessorImpl.invoke(DelegatingMethodAccessorImpl.java:43)
	at java.lang.reflect.Method.invoke(Method.java:498)
	at org.junit.runners.model.FrameworkMethod$1.runReflectiveCall(FrameworkMethod.java:47)
	at org.junit.internal.runners.model.ReflectiveCallable.run(ReflectiveCallable.java:12)
	at org.junit.runners.model.FrameworkMethod.invokeExplosively(FrameworkMethod.java:44)
	at org.junit.internal.runners.statements.InvokeMethod.evaluate(InvokeMethod.java:17)
	at org.junit.runners.ParentRunner.runLeaf(ParentRunner.java:271)
	at org.junit.runners.BlockJUnit4ClassRunner.runChild(BlockJUnit4ClassRunner.java:70)
	at org.junit.runners.BlockJUnit4ClassRunner.runChild(BlockJUnit4ClassRunner.java:50)
	at org.junit.runners.ParentRunner$3.run(ParentRunner.java:238)
	at org.junit.runners.ParentRunner$1.schedule(ParentRunner.java:63)
	at org.junit.runners.ParentRunner.runChildren(ParentRunner.java:236)
	at org.junit.runners.ParentRunner.access$000(ParentRunner.java:53)
	at org.junit.runners.ParentRunner$2.evaluate(ParentRunner.java:229)
	at org.junit.runners.ParentRunner.run(ParentRunner.java:309)
	at org.junit.runners.Suite.runChild(Suite.java:127)
	at org.junit.runners.Suite.runChild(Suite.java:26)
	at org.junit.runners.ParentRunner$3.run(ParentRunner.java:238)
	at org.junit.runners.ParentRunner$1.schedule(ParentRunner.java:63)
	at org.junit.runners.ParentRunner.runChildren(ParentRunner.java:236)
	at org.junit.runners.ParentRunner.access$000(ParentRunner.java:53)
	at org.junit.runners.ParentRunner$2.evaluate(ParentRunner.java:229)
	at org.junit.runners.ParentRunner.run(ParentRunner.java:309)
	at junit.framework.JUnit4TestAdapter.run(JUnit4TestAdapter.java:38)
	at org.apache.tools.ant.taskdefs.optional.junit.JUnitTestRunner.run(JUnitTestRunner.java:534)
	at org.apache.tools.ant.taskdefs.optional.junit.JUnitTestRunner.launch(JUnitTestRunner.java:1196)
	at org.apache.tools.ant.taskdefs.optional.junit.JUnitTestRunner.main(JUnitTestRunner.java:1014)
--- org.apache.commons.cli2.builder.RegressionTest0::test164
java.lang.IllegalArgumentException: Trigger hi![<--1> [<--2> [<--3> [<--4> [<--5> [<--6> [<--7> [<--8> [<--9> [<--10> [<--11> [<--12> [<--13> [<--14> [<--15> [<--16> [<--17> [<--18> [<--19> [<--20> [<--21> [<--22> [<--23> [<--24> [<--25> [<--26> [<--27> [<--28> [<--29> [<--30> [<--31> [<--32>]]]]]]]]]]]]]]]]]]]]]]]]]]]]]]]] must be prefixed with a value from [org.apache.commons.cli2.validation.InvalidArgumentException: --]
	at org.apache.commons.cli2.option.OptionImpl.checkPrefix(OptionImpl.java:157)
	at org.apache.commons.cli2.option.OptionImpl.checkPrefixes(OptionImpl.java:133)
	at org.apache.commons.cli2.option.DefaultOption.<init>(DefaultOption.java:118)
	at org.apache.commons.cli2.builder.DefaultOptionBuilder.create(DefaultOptionBuilder.java:92)
	at org.apache.commons.cli2.builder.RegressionTest0.test164(RegressionTest0.java:8974)
	at sun.reflect.NativeMethodAccessorImpl.invoke0(Native Method)
	at sun.reflect.NativeMethodAccessorImpl.invoke(NativeMethodAccessorImpl.java:62)
	at sun.reflect.DelegatingMethodAccessorImpl.invoke(DelegatingMethodAccessorImpl.java:43)
	at java.lang.reflect.Method.invoke(Method.java:498)
	at org.junit.runners.model.FrameworkMethod$1.runReflectiveCall(FrameworkMethod.java:47)
	at org.junit.internal.runners.model.ReflectiveCallable.run(ReflectiveCallable.java:12)
	at org.junit.runners.model.FrameworkMethod.invokeExplosively(FrameworkMethod.java:44)
	at org.junit.internal.runners.statements.InvokeMethod.evaluate(InvokeMethod.java:17)
	at org.junit.runners.ParentRunner.runLeaf(ParentRunner.java:271)
	at org.junit.runners.BlockJUnit4ClassRunner.runChild(BlockJUnit4ClassRunner.java:70)
	at org.junit.runners.BlockJUnit4ClassRunner.runChild(BlockJUnit4ClassRunner.java:50)
	at org.junit.runners.ParentRunner$3.run(ParentRunner.java:238)
	at org.junit.runners.ParentRunner$1.schedule(ParentRunner.java:63)
	at org.junit.runners.ParentRunner.runChildren(ParentRunner.java:236)
	at org.junit.runners.ParentRunner.access$000(ParentRunner.java:53)
	at org.junit.runners.ParentRunner$2.evaluate(ParentRunner.java:229)
	at org.junit.runners.ParentRunner.run(ParentRunner.java:309)
	at org.junit.runners.Suite.runChild(Suite.java:127)
	at org.junit.runners.Suite.runChild(Suite.java:26)
	at org.junit.runners.ParentRunner$3.run(ParentRunner.java:238)
	at org.junit.runners.ParentRunner$1.schedule(ParentRunner.java:63)
	at org.junit.runners.ParentRunner.runChildren(ParentRunner.java:236)
	at org.junit.runners.ParentRunner.access$000(ParentRunner.java:53)
	at org.junit.runners.ParentRunner$2.evaluate(ParentRunner.java:229)
	at org.junit.runners.ParentRunner.run(ParentRunner.java:309)
	at junit.framework.JUnit4TestAdapter.run(JUnit4TestAdapter.java:38)
	at org.apache.tools.ant.taskdefs.optional.junit.JUnitTestRunner.run(JUnitTestRunner.java:534)
	at org.apache.tools.ant.taskdefs.optional.junit.JUnitTestRunner.launch(JUnitTestRunner.java:1196)
	at org.apache.tools.ant.taskdefs.optional.junit.JUnitTestRunner.main(JUnitTestRunner.java:1014)
--- org.apache.commons.cli2.builder.RegressionTest0::test165
java.lang.IllegalArgumentException: Trigger hi![<--1> [<--2> [<--3> [<--4> [<--5> [<--6> [<--7> [<--8> [<--9> [<--10> [<--11> [<--12> [<--13> [<--14> [<--15> [<--16> [<--17> [<--18> [<--19> [<--20> [<--21> [<--22> [<--23> [<--24> [<--25> [<--26> [<--27> [<--28> [<--29> [<--30> [<--31> [<--32>]]]]]]]]]]]]]]]]]]]]]]]]]]]]]]]] must be prefixed with a value from [org.apache.commons.cli2.validation.InvalidArgumentException: --]
	at org.apache.commons.cli2.option.OptionImpl.checkPrefix(OptionImpl.java:157)
	at org.apache.commons.cli2.option.OptionImpl.checkPrefixes(OptionImpl.java:133)
	at org.apache.commons.cli2.option.DefaultOption.<init>(DefaultOption.java:118)
	at org.apache.commons.cli2.builder.DefaultOptionBuilder.create(DefaultOptionBuilder.java:92)
	at org.apache.commons.cli2.builder.RegressionTest0.test165(RegressionTest0.java:9067)
	at sun.reflect.NativeMethodAccessorImpl.invoke0(Native Method)
	at sun.reflect.NativeMethodAccessorImpl.invoke(NativeMethodAccessorImpl.java:62)
	at sun.reflect.DelegatingMethodAccessorImpl.invoke(DelegatingMethodAccessorImpl.java:43)
	at java.lang.reflect.Method.invoke(Method.java:498)
	at org.junit.runners.model.FrameworkMethod$1.runReflectiveCall(FrameworkMethod.java:47)
	at org.junit.internal.runners.model.ReflectiveCallable.run(ReflectiveCallable.java:12)
	at org.junit.runners.model.FrameworkMethod.invokeExplosively(FrameworkMethod.java:44)
	at org.junit.internal.runners.statements.InvokeMethod.evaluate(InvokeMethod.java:17)
	at org.junit.runners.ParentRunner.runLeaf(ParentRunner.java:271)
	at org.junit.runners.BlockJUnit4ClassRunner.runChild(BlockJUnit4ClassRunner.java:70)
	at org.junit.runners.BlockJUnit4ClassRunner.runChild(BlockJUnit4ClassRunner.java:50)
	at org.junit.runners.ParentRunner$3.run(ParentRunner.java:238)
	at org.junit.runners.ParentRunner$1.schedule(ParentRunner.java:63)
	at org.junit.runners.ParentRunner.runChildren(ParentRunner.java:236)
	at org.junit.runners.ParentRunner.access$000(ParentRunner.java:53)
	at org.junit.runners.ParentRunner$2.evaluate(ParentRunner.java:229)
	at org.junit.runners.ParentRunner.run(ParentRunner.java:309)
	at org.junit.runners.Suite.runChild(Suite.java:127)
	at org.junit.runners.Suite.runChild(Suite.java:26)
	at org.junit.runners.ParentRunner$3.run(ParentRunner.java:238)
	at org.junit.runners.ParentRunner$1.schedule(ParentRunner.java:63)
	at org.junit.runners.ParentRunner.runChildren(ParentRunner.java:236)
	at org.junit.runners.ParentRunner.access$000(ParentRunner.java:53)
	at org.junit.runners.ParentRunner$2.evaluate(ParentRunner.java:229)
	at org.junit.runners.ParentRunner.run(ParentRunner.java:309)
	at junit.framework.JUnit4TestAdapter.run(JUnit4TestAdapter.java:38)
	at org.apache.tools.ant.taskdefs.optional.junit.JUnitTestRunner.run(JUnitTestRunner.java:534)
	at org.apache.tools.ant.taskdefs.optional.junit.JUnitTestRunner.launch(JUnitTestRunner.java:1196)
	at org.apache.tools.ant.taskdefs.optional.junit.JUnitTestRunner.main(JUnitTestRunner.java:1014)
--- org.apache.commons.cli2.builder.RegressionTest0::test175
java.lang.IllegalArgumentException: Trigger hi![<--1> [<--2> [<--3> [<--4> [<--5> [<--6> [<--7> [<--8> [<--9> [<--10> [<--11> [<--12> [<--13> [<--14> [<--15> [<--16> [<--17> [<--18> [<--19> [<--20> [<--21> [<--22> [<--23> [<--24> [<--25> [<--26> [<--27> [<--28> [<--29> [<--30> [<--31> [<--32>]]]]]]]]]]]]]]]]]]]]]]]]]]]]]]]] must be prefixed with a value from [org.apache.commons.cli2.validation.InvalidArgumentException: --]
	at org.apache.commons.cli2.option.OptionImpl.checkPrefix(OptionImpl.java:157)
	at org.apache.commons.cli2.option.OptionImpl.checkPrefixes(OptionImpl.java:133)
	at org.apache.commons.cli2.option.DefaultOption.<init>(DefaultOption.java:118)
	at org.apache.commons.cli2.builder.DefaultOptionBuilder.create(DefaultOptionBuilder.java:92)
	at org.apache.commons.cli2.builder.RegressionTest0.test175(RegressionTest0.java:9674)
	at sun.reflect.NativeMethodAccessorImpl.invoke0(Native Method)
	at sun.reflect.NativeMethodAccessorImpl.invoke(NativeMethodAccessorImpl.java:62)
	at sun.reflect.DelegatingMethodAccessorImpl.invoke(DelegatingMethodAccessorImpl.java:43)
	at java.lang.reflect.Method.invoke(Method.java:498)
	at org.junit.runners.model.FrameworkMethod$1.runReflectiveCall(FrameworkMethod.java:47)
	at org.junit.internal.runners.model.ReflectiveCallable.run(ReflectiveCallable.java:12)
	at org.junit.runners.model.FrameworkMethod.invokeExplosively(FrameworkMethod.java:44)
	at org.junit.internal.runners.statements.InvokeMethod.evaluate(InvokeMethod.java:17)
	at org.junit.runners.ParentRunner.runLeaf(ParentRunner.java:271)
	at org.junit.runners.BlockJUnit4ClassRunner.runChild(BlockJUnit4ClassRunner.java:70)
	at org.junit.runners.BlockJUnit4ClassRunner.runChild(BlockJUnit4ClassRunner.java:50)
	at org.junit.runners.ParentRunner$3.run(ParentRunner.java:238)
	at org.junit.runners.ParentRunner$1.schedule(ParentRunner.java:63)
	at org.junit.runners.ParentRunner.runChildren(ParentRunner.java:236)
	at org.junit.runners.ParentRunner.access$000(ParentRunner.java:53)
	at org.junit.runners.ParentRunner$2.evaluate(ParentRunner.java:229)
	at org.junit.runners.ParentRunner.run(ParentRunner.java:309)
	at org.junit.runners.Suite.runChild(Suite.java:127)
	at org.junit.runners.Suite.runChild(Suite.java:26)
	at org.junit.runners.ParentRunner$3.run(ParentRunner.java:238)
	at org.junit.runners.ParentRunner$1.schedule(ParentRunner.java:63)
	at org.junit.runners.ParentRunner.runChildren(ParentRunner.java:236)
	at org.junit.runners.ParentRunner.access$000(ParentRunner.java:53)
	at org.junit.runners.ParentRunner$2.evaluate(ParentRunner.java:229)
	at org.junit.runners.ParentRunner.run(ParentRunner.java:309)
	at junit.framework.JUnit4TestAdapter.run(JUnit4TestAdapter.java:38)
	at org.apache.tools.ant.taskdefs.optional.junit.JUnitTestRunner.run(JUnitTestRunner.java:534)
	at org.apache.tools.ant.taskdefs.optional.junit.JUnitTestRunner.launch(JUnitTestRunner.java:1196)
	at org.apache.tools.ant.taskdefs.optional.junit.JUnitTestRunner.main(JUnitTestRunner.java:1014)
--- org.apache.commons.cli2.builder.RegressionTest0::test185
java.lang.IllegalArgumentException: Trigger hi![<--1> [<--2> [<--3> [<--4> [<--5> [<--6> [<--7> [<--8> [<--9> [<--10> [<--11> [<--12> [<--13> [<--14> [<--15> [<--16> [<--17> [<--18> [<--19> [<--20> [<--21> [<--22> [<--23> [<--24> [<--25> [<--26> [<--27> [<--28> [<--29> [<--30> [<--31> [<--32>]]]]]]]]]]]]]]]]]]]]]]]]]]]]]]]] must be prefixed with a value from [org.apache.commons.cli2.validation.InvalidArgumentException: --]
	at org.apache.commons.cli2.option.OptionImpl.checkPrefix(OptionImpl.java:157)
	at org.apache.commons.cli2.option.OptionImpl.checkPrefixes(OptionImpl.java:133)
	at org.apache.commons.cli2.option.DefaultOption.<init>(DefaultOption.java:118)
	at org.apache.commons.cli2.builder.DefaultOptionBuilder.create(DefaultOptionBuilder.java:92)
	at org.apache.commons.cli2.builder.RegressionTest0.test185(RegressionTest0.java:10329)
	at sun.reflect.NativeMethodAccessorImpl.invoke0(Native Method)
	at sun.reflect.NativeMethodAccessorImpl.invoke(NativeMethodAccessorImpl.java:62)
	at sun.reflect.DelegatingMethodAccessorImpl.invoke(DelegatingMethodAccessorImpl.java:43)
	at java.lang.reflect.Method.invoke(Method.java:498)
	at org.junit.runners.model.FrameworkMethod$1.runReflectiveCall(FrameworkMethod.java:47)
	at org.junit.internal.runners.model.ReflectiveCallable.run(ReflectiveCallable.java:12)
	at org.junit.runners.model.FrameworkMethod.invokeExplosively(FrameworkMethod.java:44)
	at org.junit.internal.runners.statements.InvokeMethod.evaluate(InvokeMethod.java:17)
	at org.junit.runners.ParentRunner.runLeaf(ParentRunner.java:271)
	at org.junit.runners.BlockJUnit4ClassRunner.runChild(BlockJUnit4ClassRunner.java:70)
	at org.junit.runners.BlockJUnit4ClassRunner.runChild(BlockJUnit4ClassRunner.java:50)
	at org.junit.runners.ParentRunner$3.run(ParentRunner.java:238)
	at org.junit.runners.ParentRunner$1.schedule(ParentRunner.java:63)
	at org.junit.runners.ParentRunner.runChildren(ParentRunner.java:236)
	at org.junit.runners.ParentRunner.access$000(ParentRunner.java:53)
	at org.junit.runners.ParentRunner$2.evaluate(ParentRunner.java:229)
	at org.junit.runners.ParentRunner.run(ParentRunner.java:309)
	at org.junit.runners.Suite.runChild(Suite.java:127)
	at org.junit.runners.Suite.runChild(Suite.java:26)
	at org.junit.runners.ParentRunner$3.run(ParentRunner.java:238)
	at org.junit.runners.ParentRunner$1.schedule(ParentRunner.java:63)
	at org.junit.runners.ParentRunner.runChildren(ParentRunner.java:236)
	at org.junit.runners.ParentRunner.access$000(ParentRunner.java:53)
	at org.junit.runners.ParentRunner$2.evaluate(ParentRunner.java:229)
	at org.junit.runners.ParentRunner.run(ParentRunner.java:309)
	at junit.framework.JUnit4TestAdapter.run(JUnit4TestAdapter.java:38)
	at org.apache.tools.ant.taskdefs.optional.junit.JUnitTestRunner.run(JUnitTestRunner.java:534)
	at org.apache.tools.ant.taskdefs.optional.junit.JUnitTestRunner.launch(JUnitTestRunner.java:1196)
	at org.apache.tools.ant.taskdefs.optional.junit.JUnitTestRunner.main(JUnitTestRunner.java:1014)
--- org.apache.commons.cli2.builder.RegressionTest0::test087
java.lang.IllegalArgumentException: Trigger hi![<--1> [<--2> [<--3> [<--4> [<--5> [<--6> [<--7> [<--8> [<--9> [<--10> [<--11> [<--12> [<--13> [<--14> [<--15> [<--16> [<--17> [<--18> [<--19> [<--20> [<--21> [<--22> [<--23> [<--24> [<--25> [<--26> [<--27> [<--28> [<--29> [<--30> [<--31> [<--32>]]]]]]]]]]]]]]]]]]]]]]]]]]]]]]]] must be prefixed with a value from [org.apache.commons.cli2.validation.InvalidArgumentException: --]
	at org.apache.commons.cli2.option.OptionImpl.checkPrefix(OptionImpl.java:157)
	at org.apache.commons.cli2.option.OptionImpl.checkPrefixes(OptionImpl.java:133)
	at org.apache.commons.cli2.option.DefaultOption.<init>(DefaultOption.java:118)
	at org.apache.commons.cli2.builder.DefaultOptionBuilder.create(DefaultOptionBuilder.java:92)
	at org.apache.commons.cli2.builder.RegressionTest0.test087(RegressionTest0.java:4704)
	at sun.reflect.NativeMethodAccessorImpl.invoke0(Native Method)
	at sun.reflect.NativeMethodAccessorImpl.invoke(NativeMethodAccessorImpl.java:62)
	at sun.reflect.DelegatingMethodAccessorImpl.invoke(DelegatingMethodAccessorImpl.java:43)
	at java.lang.reflect.Method.invoke(Method.java:498)
	at org.junit.runners.model.FrameworkMethod$1.runReflectiveCall(FrameworkMethod.java:47)
	at org.junit.internal.runners.model.ReflectiveCallable.run(ReflectiveCallable.java:12)
	at org.junit.runners.model.FrameworkMethod.invokeExplosively(FrameworkMethod.java:44)
	at org.junit.internal.runners.statements.InvokeMethod.evaluate(InvokeMethod.java:17)
	at org.junit.runners.ParentRunner.runLeaf(ParentRunner.java:271)
	at org.junit.runners.BlockJUnit4ClassRunner.runChild(BlockJUnit4ClassRunner.java:70)
	at org.junit.runners.BlockJUnit4ClassRunner.runChild(BlockJUnit4ClassRunner.java:50)
	at org.junit.runners.ParentRunner$3.run(ParentRunner.java:238)
	at org.junit.runners.ParentRunner$1.schedule(ParentRunner.java:63)
	at org.junit.runners.ParentRunner.runChildren(ParentRunner.java:236)
	at org.junit.runners.ParentRunner.access$000(ParentRunner.java:53)
	at org.junit.runners.ParentRunner$2.evaluate(ParentRunner.java:229)
	at org.junit.runners.ParentRunner.run(ParentRunner.java:309)
	at junit.framework.JUnit4TestAdapter.run(JUnit4TestAdapter.java:38)
	at org.apache.tools.ant.taskdefs.optional.junit.JUnitTestRunner.run(JUnitTestRunner.java:534)
	at org.apache.tools.ant.taskdefs.optional.junit.JUnitTestRunner.launch(JUnitTestRunner.java:1196)
	at org.apache.tools.ant.taskdefs.optional.junit.JUnitTestRunner.main(JUnitTestRunner.java:1014)
--- org.apache.commons.cli2.builder.RegressionTest0::test128
java.lang.IllegalArgumentException: Trigger hi![<--1> [<--2> [<--3> [<--4> [<--5> [<--6> [<--7> [<--8> [<--9> [<--10> [<--11> [<--12> [<--13> [<--14> [<--15> [<--16> [<--17> [<--18> [<--19> [<--20> [<--21> [<--22> [<--23> [<--24> [<--25> [<--26> [<--27> [<--28> [<--29> [<--30> [<--31> [<--32>]]]]]]]]]]]]]]]]]]]]]]]]]]]]]]]] must be prefixed with a value from [org.apache.commons.cli2.validation.InvalidArgumentException: --]
	at org.apache.commons.cli2.option.OptionImpl.checkPrefix(OptionImpl.java:157)
	at org.apache.commons.cli2.option.OptionImpl.checkPrefixes(OptionImpl.java:133)
	at org.apache.commons.cli2.option.DefaultOption.<init>(DefaultOption.java:118)
	at org.apache.commons.cli2.builder.DefaultOptionBuilder.create(DefaultOptionBuilder.java:92)
	at org.apache.commons.cli2.builder.RegressionTest0.test128(RegressionTest0.java:7003)
	at sun.reflect.NativeMethodAccessorImpl.invoke0(Native Method)
	at sun.reflect.NativeMethodAccessorImpl.invoke(NativeMethodAccessorImpl.java:62)
	at sun.reflect.DelegatingMethodAccessorImpl.invoke(DelegatingMethodAccessorImpl.java:43)
	at java.lang.reflect.Method.invoke(Method.java:498)
	at org.junit.runners.model.FrameworkMethod$1.runReflectiveCall(FrameworkMethod.java:47)
	at org.junit.internal.runners.model.ReflectiveCallable.run(ReflectiveCallable.java:12)
	at org.junit.runners.model.FrameworkMethod.invokeExplosively(FrameworkMethod.java:44)
	at org.junit.internal.runners.statements.InvokeMethod.evaluate(InvokeMethod.java:17)
	at org.junit.runners.ParentRunner.runLeaf(ParentRunner.java:271)
	at org.junit.runners.BlockJUnit4ClassRunner.runChild(BlockJUnit4ClassRunner.java:70)
	at org.junit.runners.BlockJUnit4ClassRunner.runChild(BlockJUnit4ClassRunner.java:50)
	at org.junit.runners.ParentRunner$3.run(ParentRunner.java:238)
	at org.junit.runners.ParentRunner$1.schedule(ParentRunner.java:63)
	at org.junit.runners.ParentRunner.runChildren(ParentRunner.java:236)
	at org.junit.runners.ParentRunner.access$000(ParentRunner.java:53)
	at org.junit.runners.ParentRunner$2.evaluate(ParentRunner.java:229)
	at org.junit.runners.ParentRunner.run(ParentRunner.java:309)
	at junit.framework.JUnit4TestAdapter.run(JUnit4TestAdapter.java:38)
	at org.apache.tools.ant.taskdefs.optional.junit.JUnitTestRunner.run(JUnitTestRunner.java:534)
	at org.apache.tools.ant.taskdefs.optional.junit.JUnitTestRunner.launch(JUnitTestRunner.java:1196)
	at org.apache.tools.ant.taskdefs.optional.junit.JUnitTestRunner.main(JUnitTestRunner.java:1014)
--- org.apache.commons.cli2.builder.RegressionTest0::test151
java.lang.IllegalArgumentException: Trigger hi![<--1> [<--2> [<--3> [<--4> [<--5> [<--6> [<--7> [<--8> [<--9> [<--10> [<--11> [<--12> [<--13> [<--14> [<--15> [<--16> [<--17> [<--18> [<--19> [<--20> [<--21> [<--22> [<--23> [<--24> [<--25> [<--26> [<--27> [<--28> [<--29> [<--30> [<--31> [<--32>]]]]]]]]]]]]]]]]]]]]]]]]]]]]]]]] must be prefixed with a value from [org.apache.commons.cli2.validation.InvalidArgumentException: --]
	at org.apache.commons.cli2.option.OptionImpl.checkPrefix(OptionImpl.java:157)
	at org.apache.commons.cli2.option.OptionImpl.checkPrefixes(OptionImpl.java:133)
	at org.apache.commons.cli2.option.DefaultOption.<init>(DefaultOption.java:118)
	at org.apache.commons.cli2.builder.DefaultOptionBuilder.create(DefaultOptionBuilder.java:92)
	at org.apache.commons.cli2.builder.RegressionTest0.test151(RegressionTest0.java:8225)
	at sun.reflect.NativeMethodAccessorImpl.invoke0(Native Method)
	at sun.reflect.NativeMethodAccessorImpl.invoke(NativeMethodAccessorImpl.java:62)
	at sun.reflect.DelegatingMethodAccessorImpl.invoke(DelegatingMethodAccessorImpl.java:43)
	at java.lang.reflect.Method.invoke(Method.java:498)
	at org.junit.runners.model.FrameworkMethod$1.runReflectiveCall(FrameworkMethod.java:47)
	at org.junit.internal.runners.model.ReflectiveCallable.run(ReflectiveCallable.java:12)
	at org.junit.runners.model.FrameworkMethod.invokeExplosively(FrameworkMethod.java:44)
	at org.junit.internal.runners.statements.InvokeMethod.evaluate(InvokeMethod.java:17)
	at org.junit.runners.ParentRunner.runLeaf(ParentRunner.java:271)
	at org.junit.runners.BlockJUnit4ClassRunner.runChild(BlockJUnit4ClassRunner.java:70)
	at org.junit.runners.BlockJUnit4ClassRunner.runChild(BlockJUnit4ClassRunner.java:50)
	at org.junit.runners.ParentRunner$3.run(ParentRunner.java:238)
	at org.junit.runners.ParentRunner$1.schedule(ParentRunner.java:63)
	at org.junit.runners.ParentRunner.runChildren(ParentRunner.java:236)
	at org.junit.runners.ParentRunner.access$000(ParentRunner.java:53)
	at org.junit.runners.ParentRunner$2.evaluate(ParentRunner.java:229)
	at org.junit.runners.ParentRunner.run(ParentRunner.java:309)
	at junit.framework.JUnit4TestAdapter.run(JUnit4TestAdapter.java:38)
	at org.apache.tools.ant.taskdefs.optional.junit.JUnitTestRunner.run(JUnitTestRunner.java:534)
	at org.apache.tools.ant.taskdefs.optional.junit.JUnitTestRunner.launch(JUnitTestRunner.java:1196)
	at org.apache.tools.ant.taskdefs.optional.junit.JUnitTestRunner.main(JUnitTestRunner.java:1014)
--- org.apache.commons.cli2.builder.RegressionTest0::test152
java.lang.IllegalArgumentException: Trigger hi![<--1> [<--2> [<--3> [<--4> [<--5> [<--6> [<--7> [<--8> [<--9> [<--10> [<--11> [<--12> [<--13> [<--14> [<--15> [<--16> [<--17> [<--18> [<--19> [<--20> [<--21> [<--22> [<--23> [<--24> [<--25> [<--26> [<--27> [<--28> [<--29> [<--30> [<--31> [<--32>]]]]]]]]]]]]]]]]]]]]]]]]]]]]]]]] must be prefixed with a value from [org.apache.commons.cli2.validation.InvalidArgumentException: --]
	at org.apache.commons.cli2.option.OptionImpl.checkPrefix(OptionImpl.java:157)
	at org.apache.commons.cli2.option.OptionImpl.checkPrefixes(OptionImpl.java:133)
	at org.apache.commons.cli2.option.DefaultOption.<init>(DefaultOption.java:118)
	at org.apache.commons.cli2.builder.DefaultOptionBuilder.create(DefaultOptionBuilder.java:92)
	at org.apache.commons.cli2.builder.RegressionTest0.test152(RegressionTest0.java:8324)
	at sun.reflect.NativeMethodAccessorImpl.invoke0(Native Method)
	at sun.reflect.NativeMethodAccessorImpl.invoke(NativeMethodAccessorImpl.java:62)
	at sun.reflect.DelegatingMethodAccessorImpl.invoke(DelegatingMethodAccessorImpl.java:43)
	at java.lang.reflect.Method.invoke(Method.java:498)
	at org.junit.runners.model.FrameworkMethod$1.runReflectiveCall(FrameworkMethod.java:47)
	at org.junit.internal.runners.model.ReflectiveCallable.run(ReflectiveCallable.java:12)
	at org.junit.runners.model.FrameworkMethod.invokeExplosively(FrameworkMethod.java:44)
	at org.junit.internal.runners.statements.InvokeMethod.evaluate(InvokeMethod.java:17)
	at org.junit.runners.ParentRunner.runLeaf(ParentRunner.java:271)
	at org.junit.runners.BlockJUnit4ClassRunner.runChild(BlockJUnit4ClassRunner.java:70)
	at org.junit.runners.BlockJUnit4ClassRunner.runChild(BlockJUnit4ClassRunner.java:50)
	at org.junit.runners.ParentRunner$3.run(ParentRunner.java:238)
	at org.junit.runners.ParentRunner$1.schedule(ParentRunner.java:63)
	at org.junit.runners.ParentRunner.runChildren(ParentRunner.java:236)
	at org.junit.runners.ParentRunner.access$000(ParentRunner.java:53)
	at org.junit.runners.ParentRunner$2.evaluate(ParentRunner.java:229)
	at org.junit.runners.ParentRunner.run(ParentRunner.java:309)
	at junit.framework.JUnit4TestAdapter.run(JUnit4TestAdapter.java:38)
	at org.apache.tools.ant.taskdefs.optional.junit.JUnitTestRunner.run(JUnitTestRunner.java:534)
	at org.apache.tools.ant.taskdefs.optional.junit.JUnitTestRunner.launch(JUnitTestRunner.java:1196)
	at org.apache.tools.ant.taskdefs.optional.junit.JUnitTestRunner.main(JUnitTestRunner.java:1014)
--- org.apache.commons.cli2.builder.RegressionTest0::test162
java.lang.IllegalArgumentException: Trigger hi![<--1> [<--2> [<--3> [<--4> [<--5> [<--6> [<--7> [<--8> [<--9> [<--10> [<--11> [<--12> [<--13> [<--14> [<--15> [<--16> [<--17> [<--18> [<--19> [<--20> [<--21> [<--22> [<--23> [<--24> [<--25> [<--26> [<--27> [<--28> [<--29> [<--30> [<--31> [<--32>]]]]]]]]]]]]]]]]]]]]]]]]]]]]]]]] must be prefixed with a value from [org.apache.commons.cli2.validation.InvalidArgumentException: --]
	at org.apache.commons.cli2.option.OptionImpl.checkPrefix(OptionImpl.java:157)
	at org.apache.commons.cli2.option.OptionImpl.checkPrefixes(OptionImpl.java:133)
	at org.apache.commons.cli2.option.DefaultOption.<init>(DefaultOption.java:118)
	at org.apache.commons.cli2.builder.DefaultOptionBuilder.create(DefaultOptionBuilder.java:92)
	at org.apache.commons.cli2.builder.RegressionTest0.test162(RegressionTest0.java:8832)
	at sun.reflect.NativeMethodAccessorImpl.invoke0(Native Method)
	at sun.reflect.NativeMethodAccessorImpl.invoke(NativeMethodAccessorImpl.java:62)
	at sun.reflect.DelegatingMethodAccessorImpl.invoke(DelegatingMethodAccessorImpl.java:43)
	at java.lang.reflect.Method.invoke(Method.java:498)
	at org.junit.runners.model.FrameworkMethod$1.runReflectiveCall(FrameworkMethod.java:47)
	at org.junit.internal.runners.model.ReflectiveCallable.run(ReflectiveCallable.java:12)
	at org.junit.runners.model.FrameworkMethod.invokeExplosively(FrameworkMethod.java:44)
	at org.junit.internal.runners.statements.InvokeMethod.evaluate(InvokeMethod.java:17)
	at org.junit.runners.ParentRunner.runLeaf(ParentRunner.java:271)
	at org.junit.runners.BlockJUnit4ClassRunner.runChild(BlockJUnit4ClassRunner.java:70)
	at org.junit.runners.BlockJUnit4ClassRunner.runChild(BlockJUnit4ClassRunner.java:50)
	at org.junit.runners.ParentRunner$3.run(ParentRunner.java:238)
	at org.junit.runners.ParentRunner$1.schedule(ParentRunner.java:63)
	at org.junit.runners.ParentRunner.runChildren(ParentRunner.java:236)
	at org.junit.runners.ParentRunner.access$000(ParentRunner.java:53)
	at org.junit.runners.ParentRunner$2.evaluate(ParentRunner.java:229)
	at org.junit.runners.ParentRunner.run(ParentRunner.java:309)
	at junit.framework.JUnit4TestAdapter.run(JUnit4TestAdapter.java:38)
	at org.apache.tools.ant.taskdefs.optional.junit.JUnitTestRunner.run(JUnitTestRunner.java:534)
	at org.apache.tools.ant.taskdefs.optional.junit.JUnitTestRunner.launch(JUnitTestRunner.java:1196)
	at org.apache.tools.ant.taskdefs.optional.junit.JUnitTestRunner.main(JUnitTestRunner.java:1014)
--- org.apache.commons.cli2.builder.RegressionTest0::test164
java.lang.IllegalArgumentException: Trigger hi![<--1> [<--2> [<--3> [<--4> [<--5> [<--6> [<--7> [<--8> [<--9> [<--10> [<--11> [<--12> [<--13> [<--14> [<--15> [<--16> [<--17> [<--18> [<--19> [<--20> [<--21> [<--22> [<--23> [<--24> [<--25> [<--26> [<--27> [<--28> [<--29> [<--30> [<--31> [<--32>]]]]]]]]]]]]]]]]]]]]]]]]]]]]]]]] must be prefixed with a value from [org.apache.commons.cli2.validation.InvalidArgumentException: --]
	at org.apache.commons.cli2.option.OptionImpl.checkPrefix(OptionImpl.java:157)
	at org.apache.commons.cli2.option.OptionImpl.checkPrefixes(OptionImpl.java:133)
	at org.apache.commons.cli2.option.DefaultOption.<init>(DefaultOption.java:118)
	at org.apache.commons.cli2.builder.DefaultOptionBuilder.create(DefaultOptionBuilder.java:92)
	at org.apache.commons.cli2.builder.RegressionTest0.test164(RegressionTest0.java:8974)
	at sun.reflect.NativeMethodAccessorImpl.invoke0(Native Method)
	at sun.reflect.NativeMethodAccessorImpl.invoke(NativeMethodAccessorImpl.java:62)
	at sun.reflect.DelegatingMethodAccessorImpl.invoke(DelegatingMethodAccessorImpl.java:43)
	at java.lang.reflect.Method.invoke(Method.java:498)
	at org.junit.runners.model.FrameworkMethod$1.runReflectiveCall(FrameworkMethod.java:47)
	at org.junit.internal.runners.model.ReflectiveCallable.run(ReflectiveCallable.java:12)
	at org.junit.runners.model.FrameworkMethod.invokeExplosively(FrameworkMethod.java:44)
	at org.junit.internal.runners.statements.InvokeMethod.evaluate(InvokeMethod.java:17)
	at org.junit.runners.ParentRunner.runLeaf(ParentRunner.java:271)
	at org.junit.runners.BlockJUnit4ClassRunner.runChild(BlockJUnit4ClassRunner.java:70)
	at org.junit.runners.BlockJUnit4ClassRunner.runChild(BlockJUnit4ClassRunner.java:50)
	at org.junit.runners.ParentRunner$3.run(ParentRunner.java:238)
	at org.junit.runners.ParentRunner$1.schedule(ParentRunner.java:63)
	at org.junit.runners.ParentRunner.runChildren(ParentRunner.java:236)
	at org.junit.runners.ParentRunner.access$000(ParentRunner.java:53)
	at org.junit.runners.ParentRunner$2.evaluate(ParentRunner.java:229)
	at org.junit.runners.ParentRunner.run(ParentRunner.java:309)
	at junit.framework.JUnit4TestAdapter.run(JUnit4TestAdapter.java:38)
	at org.apache.tools.ant.taskdefs.optional.junit.JUnitTestRunner.run(JUnitTestRunner.java:534)
	at org.apache.tools.ant.taskdefs.optional.junit.JUnitTestRunner.launch(JUnitTestRunner.java:1196)
	at org.apache.tools.ant.taskdefs.optional.junit.JUnitTestRunner.main(JUnitTestRunner.java:1014)
--- org.apache.commons.cli2.builder.RegressionTest0::test165
java.lang.IllegalArgumentException: Trigger hi![<--1> [<--2> [<--3> [<--4> [<--5> [<--6> [<--7> [<--8> [<--9> [<--10> [<--11> [<--12> [<--13> [<--14> [<--15> [<--16> [<--17> [<--18> [<--19> [<--20> [<--21> [<--22> [<--23> [<--24> [<--25> [<--26> [<--27> [<--28> [<--29> [<--30> [<--31> [<--32>]]]]]]]]]]]]]]]]]]]]]]]]]]]]]]]] must be prefixed with a value from [org.apache.commons.cli2.validation.InvalidArgumentException: --]
	at org.apache.commons.cli2.option.OptionImpl.checkPrefix(OptionImpl.java:157)
	at org.apache.commons.cli2.option.OptionImpl.checkPrefixes(OptionImpl.java:133)
	at org.apache.commons.cli2.option.DefaultOption.<init>(DefaultOption.java:118)
	at org.apache.commons.cli2.builder.DefaultOptionBuilder.create(DefaultOptionBuilder.java:92)
	at org.apache.commons.cli2.builder.RegressionTest0.test165(RegressionTest0.java:9067)
	at sun.reflect.NativeMethodAccessorImpl.invoke0(Native Method)
	at sun.reflect.NativeMethodAccessorImpl.invoke(NativeMethodAccessorImpl.java:62)
	at sun.reflect.DelegatingMethodAccessorImpl.invoke(DelegatingMethodAccessorImpl.java:43)
	at java.lang.reflect.Method.invoke(Method.java:498)
	at org.junit.runners.model.FrameworkMethod$1.runReflectiveCall(FrameworkMethod.java:47)
	at org.junit.internal.runners.model.ReflectiveCallable.run(ReflectiveCallable.java:12)
	at org.junit.runners.model.FrameworkMethod.invokeExplosively(FrameworkMethod.java:44)
	at org.junit.internal.runners.statements.InvokeMethod.evaluate(InvokeMethod.java:17)
	at org.junit.runners.ParentRunner.runLeaf(ParentRunner.java:271)
	at org.junit.runners.BlockJUnit4ClassRunner.runChild(BlockJUnit4ClassRunner.java:70)
	at org.junit.runners.BlockJUnit4ClassRunner.runChild(BlockJUnit4ClassRunner.java:50)
	at org.junit.runners.ParentRunner$3.run(ParentRunner.java:238)
	at org.junit.runners.ParentRunner$1.schedule(ParentRunner.java:63)
	at org.junit.runners.ParentRunner.runChildren(ParentRunner.java:236)
	at org.junit.runners.ParentRunner.access$000(ParentRunner.java:53)
	at org.junit.runners.ParentRunner$2.evaluate(ParentRunner.java:229)
	at org.junit.runners.ParentRunner.run(ParentRunner.java:309)
	at junit.framework.JUnit4TestAdapter.run(JUnit4TestAdapter.java:38)
	at org.apache.tools.ant.taskdefs.optional.junit.JUnitTestRunner.run(JUnitTestRunner.java:534)
	at org.apache.tools.ant.taskdefs.optional.junit.JUnitTestRunner.launch(JUnitTestRunner.java:1196)
	at org.apache.tools.ant.taskdefs.optional.junit.JUnitTestRunner.main(JUnitTestRunner.java:1014)
--- org.apache.commons.cli2.builder.RegressionTest0::test175
java.lang.IllegalArgumentException: Trigger hi![<--1> [<--2> [<--3> [<--4> [<--5> [<--6> [<--7> [<--8> [<--9> [<--10> [<--11> [<--12> [<--13> [<--14> [<--15> [<--16> [<--17> [<--18> [<--19> [<--20> [<--21> [<--22> [<--23> [<--24> [<--25> [<--26> [<--27> [<--28> [<--29> [<--30> [<--31> [<--32>]]]]]]]]]]]]]]]]]]]]]]]]]]]]]]]] must be prefixed with a value from [org.apache.commons.cli2.validation.InvalidArgumentException: --]
	at org.apache.commons.cli2.option.OptionImpl.checkPrefix(OptionImpl.java:157)
	at org.apache.commons.cli2.option.OptionImpl.checkPrefixes(OptionImpl.java:133)
	at org.apache.commons.cli2.option.DefaultOption.<init>(DefaultOption.java:118)
	at org.apache.commons.cli2.builder.DefaultOptionBuilder.create(DefaultOptionBuilder.java:92)
	at org.apache.commons.cli2.builder.RegressionTest0.test175(RegressionTest0.java:9674)
	at sun.reflect.NativeMethodAccessorImpl.invoke0(Native Method)
	at sun.reflect.NativeMethodAccessorImpl.invoke(NativeMethodAccessorImpl.java:62)
	at sun.reflect.DelegatingMethodAccessorImpl.invoke(DelegatingMethodAccessorImpl.java:43)
	at java.lang.reflect.Method.invoke(Method.java:498)
	at org.junit.runners.model.FrameworkMethod$1.runReflectiveCall(FrameworkMethod.java:47)
	at org.junit.internal.runners.model.ReflectiveCallable.run(ReflectiveCallable.java:12)
	at org.junit.runners.model.FrameworkMethod.invokeExplosively(FrameworkMethod.java:44)
	at org.junit.internal.runners.statements.InvokeMethod.evaluate(InvokeMethod.java:17)
	at org.junit.runners.ParentRunner.runLeaf(ParentRunner.java:271)
	at org.junit.runners.BlockJUnit4ClassRunner.runChild(BlockJUnit4ClassRunner.java:70)
	at org.junit.runners.BlockJUnit4ClassRunner.runChild(BlockJUnit4ClassRunner.java:50)
	at org.junit.runners.ParentRunner$3.run(ParentRunner.java:238)
	at org.junit.runners.ParentRunner$1.schedule(ParentRunner.java:63)
	at org.junit.runners.ParentRunner.runChildren(ParentRunner.java:236)
	at org.junit.runners.ParentRunner.access$000(ParentRunner.java:53)
	at org.junit.runners.ParentRunner$2.evaluate(ParentRunner.java:229)
	at org.junit.runners.ParentRunner.run(ParentRunner.java:309)
	at junit.framework.JUnit4TestAdapter.run(JUnit4TestAdapter.java:38)
	at org.apache.tools.ant.taskdefs.optional.junit.JUnitTestRunner.run(JUnitTestRunner.java:534)
	at org.apache.tools.ant.taskdefs.optional.junit.JUnitTestRunner.launch(JUnitTestRunner.java:1196)
	at org.apache.tools.ant.taskdefs.optional.junit.JUnitTestRunner.main(JUnitTestRunner.java:1014)
--- org.apache.commons.cli2.builder.RegressionTest0::test185
java.lang.IllegalArgumentException: Trigger hi![<--1> [<--2> [<--3> [<--4> [<--5> [<--6> [<--7> [<--8> [<--9> [<--10> [<--11> [<--12> [<--13> [<--14> [<--15> [<--16> [<--17> [<--18> [<--19> [<--20> [<--21> [<--22> [<--23> [<--24> [<--25> [<--26> [<--27> [<--28> [<--29> [<--30> [<--31> [<--32>]]]]]]]]]]]]]]]]]]]]]]]]]]]]]]]] must be prefixed with a value from [org.apache.commons.cli2.validation.InvalidArgumentException: --]
	at org.apache.commons.cli2.option.OptionImpl.checkPrefix(OptionImpl.java:157)
	at org.apache.commons.cli2.option.OptionImpl.checkPrefixes(OptionImpl.java:133)
	at org.apache.commons.cli2.option.DefaultOption.<init>(DefaultOption.java:118)
	at org.apache.commons.cli2.builder.DefaultOptionBuilder.create(DefaultOptionBuilder.java:92)
	at org.apache.commons.cli2.builder.RegressionTest0.test185(RegressionTest0.java:10329)
	at sun.reflect.NativeMethodAccessorImpl.invoke0(Native Method)
	at sun.reflect.NativeMethodAccessorImpl.invoke(NativeMethodAccessorImpl.java:62)
	at sun.reflect.DelegatingMethodAccessorImpl.invoke(DelegatingMethodAccessorImpl.java:43)
	at java.lang.reflect.Method.invoke(Method.java:498)
	at org.junit.runners.model.FrameworkMethod$1.runReflectiveCall(FrameworkMethod.java:47)
	at org.junit.internal.runners.model.ReflectiveCallable.run(ReflectiveCallable.java:12)
	at org.junit.runners.model.FrameworkMethod.invokeExplosively(FrameworkMethod.java:44)
	at org.junit.internal.runners.statements.InvokeMethod.evaluate(InvokeMethod.java:17)
	at org.junit.runners.ParentRunner.runLeaf(ParentRunner.java:271)
	at org.junit.runners.BlockJUnit4ClassRunner.runChild(BlockJUnit4ClassRunner.java:70)
	at org.junit.runners.BlockJUnit4ClassRunner.runChild(BlockJUnit4ClassRunner.java:50)
	at org.junit.runners.ParentRunner$3.run(ParentRunner.java:238)
	at org.junit.runners.ParentRunner$1.schedule(ParentRunner.java:63)
	at org.junit.runners.ParentRunner.runChildren(ParentRunner.java:236)
	at org.junit.runners.ParentRunner.access$000(ParentRunner.java:53)
	at org.junit.runners.ParentRunner$2.evaluate(ParentRunner.java:229)
	at org.junit.runners.ParentRunner.run(ParentRunner.java:309)
	at junit.framework.JUnit4TestAdapter.run(JUnit4TestAdapter.java:38)
	at org.apache.tools.ant.taskdefs.optional.junit.JUnitTestRunner.run(JUnitTestRunner.java:534)
	at org.apache.tools.ant.taskdefs.optional.junit.JUnitTestRunner.launch(JUnitTestRunner.java:1196)
	at org.apache.tools.ant.taskdefs.optional.junit.JUnitTestRunner.main(JUnitTestRunner.java:1014)
