--- com.fasterxml.jackson.core.sym.ByteQuadsCanonicalizer_ESTest::test06
org.evosuite.runtime.mock.java.lang.MockIllegalStateException: Failed rehash(): old count=65536, copyCount=0
	at com.fasterxml.jackson.core.sym.ByteQuadsCanonicalizer.rehash(ByteQuadsCanonicalizer.java:1145)
	at com.fasterxml.jackson.core.sym.ByteQuadsCanonicalizer._verifySharing(ByteQuadsCanonicalizer.java:885)
	at com.fasterxml.jackson.core.sym.ByteQuadsCanonicalizer.addName(ByteQuadsCanonicalizer.java:797)
	at com.fasterxml.jackson.core.sym.ByteQuadsCanonicalizer_ESTest.test06(ByteQuadsCanonicalizer_ESTest.java:80)
	at sun.reflect.NativeMethodAccessorImpl.invoke0(Native Method)
	at sun.reflect.NativeMethodAccessorImpl.invoke(NativeMethodAccessorImpl.java:62)
	at sun.reflect.DelegatingMethodAccessorImpl.invoke(DelegatingMethodAccessorImpl.java:43)
	at java.lang.reflect.Method.invoke(Method.java:498)
	at org.junit.runners.model.FrameworkMethod$1.runReflectiveCall(FrameworkMethod.java:47)
	at org.junit.internal.runners.model.ReflectiveCallable.run(ReflectiveCallable.java:12)
	at org.junit.runners.model.FrameworkMethod.invokeExplosively(FrameworkMethod.java:44)
	at org.junit.internal.runners.statements.InvokeMethod.evaluate(InvokeMethod.java:17)
	at org.junit.internal.runners.statements.FailOnTimeout$StatementThread.run(FailOnTimeout.java:74)
--- com.fasterxml.jackson.core.sym.ByteQuadsCanonicalizer_ESTest::test53
org.evosuite.runtime.mock.java.lang.MockIllegalStateException: Failed rehash(): old count=3075, copyCount=0
	at com.fasterxml.jackson.core.sym.ByteQuadsCanonicalizer.rehash(ByteQuadsCanonicalizer.java:1145)
	at com.fasterxml.jackson.core.sym.ByteQuadsCanonicalizer._verifySharing(ByteQuadsCanonicalizer.java:885)
	at com.fasterxml.jackson.core.sym.ByteQuadsCanonicalizer.addName(ByteQuadsCanonicalizer.java:797)
	at com.fasterxml.jackson.core.sym.ByteQuadsCanonicalizer_ESTest.test53(ByteQuadsCanonicalizer_ESTest.java:652)
	at sun.reflect.NativeMethodAccessorImpl.invoke0(Native Method)
	at sun.reflect.NativeMethodAccessorImpl.invoke(NativeMethodAccessorImpl.java:62)
	at sun.reflect.DelegatingMethodAccessorImpl.invoke(DelegatingMethodAccessorImpl.java:43)
	at java.lang.reflect.Method.invoke(Method.java:498)
	at org.junit.runners.model.FrameworkMethod$1.runReflectiveCall(FrameworkMethod.java:47)
	at org.junit.internal.runners.model.ReflectiveCallable.run(ReflectiveCallable.java:12)
	at org.junit.runners.model.FrameworkMethod.invokeExplosively(FrameworkMethod.java:44)
	at org.junit.internal.runners.statements.InvokeMethod.evaluate(InvokeMethod.java:17)
	at org.junit.internal.runners.statements.FailOnTimeout$StatementThread.run(FailOnTimeout.java:74)
--- com.fasterxml.jackson.core.sym.ByteQuadsCanonicalizer_ESTest::test55
org.evosuite.runtime.mock.java.lang.MockIllegalStateException: Failed rehash(): old count=3011, copyCount=0
	at com.fasterxml.jackson.core.sym.ByteQuadsCanonicalizer.rehash(ByteQuadsCanonicalizer.java:1145)
	at com.fasterxml.jackson.core.sym.ByteQuadsCanonicalizer._verifySharing(ByteQuadsCanonicalizer.java:885)
	at com.fasterxml.jackson.core.sym.ByteQuadsCanonicalizer.addName(ByteQuadsCanonicalizer.java:797)
	at com.fasterxml.jackson.core.sym.ByteQuadsCanonicalizer_ESTest.test55(ByteQuadsCanonicalizer_ESTest.java:681)
	at sun.reflect.NativeMethodAccessorImpl.invoke0(Native Method)
	at sun.reflect.NativeMethodAccessorImpl.invoke(NativeMethodAccessorImpl.java:62)
	at sun.reflect.DelegatingMethodAccessorImpl.invoke(DelegatingMethodAccessorImpl.java:43)
	at java.lang.reflect.Method.invoke(Method.java:498)
	at org.junit.runners.model.FrameworkMethod$1.runReflectiveCall(FrameworkMethod.java:47)
	at org.junit.internal.runners.model.ReflectiveCallable.run(ReflectiveCallable.java:12)
	at org.junit.runners.model.FrameworkMethod.invokeExplosively(FrameworkMethod.java:44)
	at org.junit.internal.runners.statements.InvokeMethod.evaluate(InvokeMethod.java:17)
	at org.junit.internal.runners.statements.FailOnTimeout$StatementThread.run(FailOnTimeout.java:74)
--- com.fasterxml.jackson.core.sym.ByteQuadsCanonicalizer_ESTest::test57
org.evosuite.runtime.mock.java.lang.MockIllegalStateException: Failed rehash(): old count=3075, copyCount=0
	at com.fasterxml.jackson.core.sym.ByteQuadsCanonicalizer.rehash(ByteQuadsCanonicalizer.java:1145)
	at com.fasterxml.jackson.core.sym.ByteQuadsCanonicalizer._verifySharing(ByteQuadsCanonicalizer.java:885)
	at com.fasterxml.jackson.core.sym.ByteQuadsCanonicalizer.addName(ByteQuadsCanonicalizer.java:797)
	at com.fasterxml.jackson.core.sym.ByteQuadsCanonicalizer_ESTest.test57(ByteQuadsCanonicalizer_ESTest.java:717)
	at sun.reflect.NativeMethodAccessorImpl.invoke0(Native Method)
	at sun.reflect.NativeMethodAccessorImpl.invoke(NativeMethodAccessorImpl.java:62)
	at sun.reflect.DelegatingMethodAccessorImpl.invoke(DelegatingMethodAccessorImpl.java:43)
	at java.lang.reflect.Method.invoke(Method.java:498)
	at org.junit.runners.model.FrameworkMethod$1.runReflectiveCall(FrameworkMethod.java:47)
	at org.junit.internal.runners.model.ReflectiveCallable.run(ReflectiveCallable.java:12)
	at org.junit.runners.model.FrameworkMethod.invokeExplosively(FrameworkMethod.java:44)
	at org.junit.internal.runners.statements.InvokeMethod.evaluate(InvokeMethod.java:17)
	at org.junit.internal.runners.statements.FailOnTimeout$StatementThread.run(FailOnTimeout.java:74)
