--- com.fasterxml.jackson.core.json.ReaderBasedJsonParser_ESTest::test174
junit.framework.AssertionFailedError: Exception was not thrown in com.fasterxml.jackson.core.JsonParser but in com.fasterxml.jackson.core.base.ParserMinimalBase._reportInvalidEOF(ParserMinimalBase.java:618): com.fasterxml.jackson.core.io.JsonEOFException: Unexpected end-of-input within/between root entries
 at [Source: (Integer); line: 1, column: 7]
	at org.evosuite.runtime.EvoAssertions.assertThrownBy(EvoAssertions.java:112)
	at org.evosuite.runtime.EvoAssertions.verifyException(EvoAssertions.java:49)
	at com.fasterxml.jackson.core.json.ReaderBasedJsonParser_ESTest.test174(ReaderBasedJsonParser_ESTest.java:3321)
	at sun.reflect.NativeMethodAccessorImpl.invoke0(Native Method)
	at sun.reflect.NativeMethodAccessorImpl.invoke(NativeMethodAccessorImpl.java:62)
	at sun.reflect.DelegatingMethodAccessorImpl.invoke(DelegatingMethodAccessorImpl.java:43)
	at java.lang.reflect.Method.invoke(Method.java:498)
	at org.junit.runners.model.FrameworkMethod$1.runReflectiveCall(FrameworkMethod.java:47)
	at org.junit.internal.runners.model.ReflectiveCallable.run(ReflectiveCallable.java:12)
	at org.junit.runners.model.FrameworkMethod.invokeExplosively(FrameworkMethod.java:44)
	at org.junit.internal.runners.statements.InvokeMethod.evaluate(InvokeMethod.java:17)
	at org.junit.internal.runners.statements.FailOnTimeout$StatementThread.run(FailOnTimeout.java:74)
--- com.fasterxml.jackson.core.json.ReaderBasedJsonParser_ESTest::test190
com.fasterxml.jackson.core.io.JsonEOFException: Unexpected end-of-input: was expecting closing quote for a string value
 at [Source: UNKNOWN; line: 1, column: 31]
	at com.fasterxml.jackson.core.base.ParserMinimalBase._reportInvalidEOF(ParserMinimalBase.java:618)
	at com.fasterxml.jackson.core.json.ReaderBasedJsonParser._finishString2(ReaderBasedJsonParser.java:2037)
	at com.fasterxml.jackson.core.json.ReaderBasedJsonParser._finishString(ReaderBasedJsonParser.java:2024)
	at com.fasterxml.jackson.core.json.ReaderBasedJsonParser_ESTest.test190(ReaderBasedJsonParser_ESTest.java:3625)
	at sun.reflect.NativeMethodAccessorImpl.invoke0(Native Method)
	at sun.reflect.NativeMethodAccessorImpl.invoke(NativeMethodAccessorImpl.java:62)
	at sun.reflect.DelegatingMethodAccessorImpl.invoke(DelegatingMethodAccessorImpl.java:43)
	at java.lang.reflect.Method.invoke(Method.java:498)
	at org.junit.runners.model.FrameworkMethod$1.runReflectiveCall(FrameworkMethod.java:47)
	at org.junit.internal.runners.model.ReflectiveCallable.run(ReflectiveCallable.java:12)
	at org.junit.runners.model.FrameworkMethod.invokeExplosively(FrameworkMethod.java:44)
	at org.junit.internal.runners.statements.InvokeMethod.evaluate(InvokeMethod.java:17)
	at org.junit.internal.runners.statements.FailOnTimeout$StatementThread.run(FailOnTimeout.java:74)
--- com.fasterxml.jackson.core.json.ReaderBasedJsonParser_ESTest::test198
junit.framework.AssertionFailedError: Exception was not thrown in com.fasterxml.jackson.core.JsonParser but in com.fasterxml.jackson.core.base.ParserMinimalBase._reportInvalidEOF(ParserMinimalBase.java:618): com.fasterxml.jackson.core.io.JsonEOFException: Unexpected end-of-input within/between root entries
 at [Source: UNKNOWN; line: 1, column: 274]
	at org.evosuite.runtime.EvoAssertions.assertThrownBy(EvoAssertions.java:112)
	at org.evosuite.runtime.EvoAssertions.verifyException(EvoAssertions.java:49)
	at com.fasterxml.jackson.core.json.ReaderBasedJsonParser_ESTest.test198(ReaderBasedJsonParser_ESTest.java:3773)
	at sun.reflect.NativeMethodAccessorImpl.invoke0(Native Method)
	at sun.reflect.NativeMethodAccessorImpl.invoke(NativeMethodAccessorImpl.java:62)
	at sun.reflect.DelegatingMethodAccessorImpl.invoke(DelegatingMethodAccessorImpl.java:43)
	at java.lang.reflect.Method.invoke(Method.java:498)
	at org.junit.runners.model.FrameworkMethod$1.runReflectiveCall(FrameworkMethod.java:47)
	at org.junit.internal.runners.model.ReflectiveCallable.run(ReflectiveCallable.java:12)
	at org.junit.runners.model.FrameworkMethod.invokeExplosively(FrameworkMethod.java:44)
	at org.junit.internal.runners.statements.InvokeMethod.evaluate(InvokeMethod.java:17)
	at org.junit.internal.runners.statements.FailOnTimeout$StatementThread.run(FailOnTimeout.java:74)
