--- com.google.javascript.jscomp.TypedScopeCreator_ESTest::test02
java.lang.RuntimeException: java.lang.NullPointerException
	at com.google.javascript.jscomp.Compiler.runInCompilerThread(Compiler.java:584)
	at com.google.javascript.jscomp.Compiler.compile(Compiler.java:522)
	at com.google.javascript.jscomp.Compiler.compile(Compiler.java:481)
	at com.google.javascript.jscomp.Compiler.compile(Compiler.java:463)
	at com.google.javascript.jscomp.Compiler.compile(Compiler.java:449)
	at com.google.javascript.jscomp.Compiler.compile(Compiler.java:444)
	at com.google.javascript.jscomp.TypedScopeCreator_ESTest.test02(TypedScopeCreator_ESTest.java:73)
	at sun.reflect.NativeMethodAccessorImpl.invoke0(Native Method)
	at sun.reflect.NativeMethodAccessorImpl.invoke(NativeMethodAccessorImpl.java:57)
	at sun.reflect.DelegatingMethodAccessorImpl.invoke(DelegatingMethodAccessorImpl.java:43)
	at java.lang.reflect.Method.invoke(Method.java:606)
	at org.junit.runners.model.FrameworkMethod$1.runReflectiveCall(FrameworkMethod.java:44)
	at org.junit.internal.runners.model.ReflectiveCallable.run(ReflectiveCallable.java:15)
	at org.junit.runners.model.FrameworkMethod.invokeExplosively(FrameworkMethod.java:41)
	at org.junit.internal.runners.statements.InvokeMethod.evaluate(InvokeMethod.java:20)
	at org.junit.internal.runners.statements.RunBefores.evaluate(RunBefores.java:28)
	at org.junit.internal.runners.statements.RunAfters.evaluate(RunAfters.java:31)
	at org.junit.runners.BlockJUnit4ClassRunner.runChild(BlockJUnit4ClassRunner.java:73)
	at org.junit.runners.BlockJUnit4ClassRunner.runChild(BlockJUnit4ClassRunner.java:46)
	at org.junit.runners.ParentRunner.runChildren(ParentRunner.java:180)
	at org.junit.runners.ParentRunner.access$000(ParentRunner.java:41)
	at org.junit.runners.ParentRunner$1.evaluate(ParentRunner.java:173)
	at org.junit.internal.runners.statements.RunBefores.evaluate(RunBefores.java:28)
	at org.junit.internal.runners.statements.RunAfters.evaluate(RunAfters.java:31)
	at org.junit.runners.ParentRunner.run(ParentRunner.java:220)
	at junit.framework.JUnit4TestAdapter.run(JUnit4TestAdapter.java:39)
	at org.apache.tools.ant.taskdefs.optional.junit.JUnitTestRunner.run(JUnitTestRunner.java:520)
	at org.apache.tools.ant.taskdefs.optional.junit.JUnitTestRunner.launch(JUnitTestRunner.java:1060)
	at org.apache.tools.ant.taskdefs.optional.junit.JUnitTestRunner.main(JUnitTestRunner.java:911)
Caused by: java.lang.NullPointerException
	at com.google.javascript.rhino.Node.addChildToBack(Node.java:602)
	at com.google.javascript.jscomp.Compiler.parseInputs(Compiler.java:1055)
	at com.google.javascript.jscomp.Compiler.parse(Compiler.java:633)
	at com.google.javascript.jscomp.Compiler.compileInternal(Compiler.java:591)
	at com.google.javascript.jscomp.Compiler.access$000(Compiler.java:63)
	at com.google.javascript.jscomp.Compiler$1.call(Compiler.java:524)
	at com.google.javascript.jscomp.Compiler$1.call(Compiler.java:522)
	at com.google.javascript.jscomp.Compiler$2.run(Compiler.java:556)
	at java.lang.Thread.run(Thread.java:745)
--- com.google.javascript.jscomp.TypedScopeCreator_ESTest::test03
java.lang.RuntimeException: java.lang.NullPointerException
	at com.google.javascript.jscomp.Compiler.runInCompilerThread(Compiler.java:584)
	at com.google.javascript.jscomp.Compiler.compile(Compiler.java:522)
	at com.google.javascript.jscomp.Compiler.compile(Compiler.java:481)
	at com.google.javascript.jscomp.Compiler.compile(Compiler.java:463)
	at com.google.javascript.jscomp.Compiler.compile(Compiler.java:449)
	at com.google.javascript.jscomp.Compiler.compile(Compiler.java:444)
	at com.google.javascript.jscomp.TypedScopeCreator_ESTest.test03(TypedScopeCreator_ESTest.java:95)
	at sun.reflect.NativeMethodAccessorImpl.invoke0(Native Method)
	at sun.reflect.NativeMethodAccessorImpl.invoke(NativeMethodAccessorImpl.java:57)
	at sun.reflect.DelegatingMethodAccessorImpl.invoke(DelegatingMethodAccessorImpl.java:43)
	at java.lang.reflect.Method.invoke(Method.java:606)
	at org.junit.runners.model.FrameworkMethod$1.runReflectiveCall(FrameworkMethod.java:44)
	at org.junit.internal.runners.model.ReflectiveCallable.run(ReflectiveCallable.java:15)
	at org.junit.runners.model.FrameworkMethod.invokeExplosively(FrameworkMethod.java:41)
	at org.junit.internal.runners.statements.InvokeMethod.evaluate(InvokeMethod.java:20)
	at org.junit.internal.runners.statements.RunBefores.evaluate(RunBefores.java:28)
	at org.junit.internal.runners.statements.RunAfters.evaluate(RunAfters.java:31)
	at org.junit.runners.BlockJUnit4ClassRunner.runChild(BlockJUnit4ClassRunner.java:73)
	at org.junit.runners.BlockJUnit4ClassRunner.runChild(BlockJUnit4ClassRunner.java:46)
	at org.junit.runners.ParentRunner.runChildren(ParentRunner.java:180)
	at org.junit.runners.ParentRunner.access$000(ParentRunner.java:41)
	at org.junit.runners.ParentRunner$1.evaluate(ParentRunner.java:173)
	at org.junit.internal.runners.statements.RunBefores.evaluate(RunBefores.java:28)
	at org.junit.internal.runners.statements.RunAfters.evaluate(RunAfters.java:31)
	at org.junit.runners.ParentRunner.run(ParentRunner.java:220)
	at junit.framework.JUnit4TestAdapter.run(JUnit4TestAdapter.java:39)
	at org.apache.tools.ant.taskdefs.optional.junit.JUnitTestRunner.run(JUnitTestRunner.java:520)
	at org.apache.tools.ant.taskdefs.optional.junit.JUnitTestRunner.launch(JUnitTestRunner.java:1060)
	at org.apache.tools.ant.taskdefs.optional.junit.JUnitTestRunner.main(JUnitTestRunner.java:911)
Caused by: java.lang.NullPointerException
	at com.google.javascript.rhino.Node.addChildToBack(Node.java:602)
	at com.google.javascript.jscomp.Compiler.parseInputs(Compiler.java:1055)
	at com.google.javascript.jscomp.Compiler.parse(Compiler.java:633)
	at com.google.javascript.jscomp.Compiler.compileInternal(Compiler.java:591)
	at com.google.javascript.jscomp.Compiler.access$000(Compiler.java:63)
	at com.google.javascript.jscomp.Compiler$1.call(Compiler.java:524)
	at com.google.javascript.jscomp.Compiler$1.call(Compiler.java:522)
	at com.google.javascript.jscomp.Compiler$2.run(Compiler.java:556)
	at java.lang.Thread.run(Thread.java:745)
--- com.google.javascript.jscomp.TypedScopeCreator_ESTest::test04
java.lang.RuntimeException: java.lang.NullPointerException
	at com.google.javascript.jscomp.Compiler.runInCompilerThread(Compiler.java:584)
	at com.google.javascript.jscomp.Compiler.compile(Compiler.java:522)
	at com.google.javascript.jscomp.Compiler.compile(Compiler.java:481)
	at com.google.javascript.jscomp.Compiler.compile(Compiler.java:463)
	at com.google.javascript.jscomp.Compiler.compile(Compiler.java:449)
	at com.google.javascript.jscomp.Compiler.compile(Compiler.java:444)
	at com.google.javascript.jscomp.TypedScopeCreator_ESTest.test04(TypedScopeCreator_ESTest.java:117)
	at sun.reflect.NativeMethodAccessorImpl.invoke0(Native Method)
	at sun.reflect.NativeMethodAccessorImpl.invoke(NativeMethodAccessorImpl.java:57)
	at sun.reflect.DelegatingMethodAccessorImpl.invoke(DelegatingMethodAccessorImpl.java:43)
	at java.lang.reflect.Method.invoke(Method.java:606)
	at org.junit.runners.model.FrameworkMethod$1.runReflectiveCall(FrameworkMethod.java:44)
	at org.junit.internal.runners.model.ReflectiveCallable.run(ReflectiveCallable.java:15)
	at org.junit.runners.model.FrameworkMethod.invokeExplosively(FrameworkMethod.java:41)
	at org.junit.internal.runners.statements.InvokeMethod.evaluate(InvokeMethod.java:20)
	at org.junit.internal.runners.statements.RunBefores.evaluate(RunBefores.java:28)
	at org.junit.internal.runners.statements.RunAfters.evaluate(RunAfters.java:31)
	at org.junit.runners.BlockJUnit4ClassRunner.runChild(BlockJUnit4ClassRunner.java:73)
	at org.junit.runners.BlockJUnit4ClassRunner.runChild(BlockJUnit4ClassRunner.java:46)
	at org.junit.runners.ParentRunner.runChildren(ParentRunner.java:180)
	at org.junit.runners.ParentRunner.access$000(ParentRunner.java:41)
	at org.junit.runners.ParentRunner$1.evaluate(ParentRunner.java:173)
	at org.junit.internal.runners.statements.RunBefores.evaluate(RunBefores.java:28)
	at org.junit.internal.runners.statements.RunAfters.evaluate(RunAfters.java:31)
	at org.junit.runners.ParentRunner.run(ParentRunner.java:220)
	at junit.framework.JUnit4TestAdapter.run(JUnit4TestAdapter.java:39)
	at org.apache.tools.ant.taskdefs.optional.junit.JUnitTestRunner.run(JUnitTestRunner.java:520)
	at org.apache.tools.ant.taskdefs.optional.junit.JUnitTestRunner.launch(JUnitTestRunner.java:1060)
	at org.apache.tools.ant.taskdefs.optional.junit.JUnitTestRunner.main(JUnitTestRunner.java:911)
Caused by: java.lang.NullPointerException
	at com.google.javascript.rhino.Node.addChildToBack(Node.java:602)
	at com.google.javascript.jscomp.Compiler.parseInputs(Compiler.java:1055)
	at com.google.javascript.jscomp.Compiler.parse(Compiler.java:633)
	at com.google.javascript.jscomp.Compiler.compileInternal(Compiler.java:591)
	at com.google.javascript.jscomp.Compiler.access$000(Compiler.java:63)
	at com.google.javascript.jscomp.Compiler$1.call(Compiler.java:524)
	at com.google.javascript.jscomp.Compiler$1.call(Compiler.java:522)
	at com.google.javascript.jscomp.Compiler$2.run(Compiler.java:556)
	at java.lang.Thread.run(Thread.java:745)
--- com.google.javascript.jscomp.TypedScopeCreator_ESTest::test05
java.lang.RuntimeException: java.lang.NullPointerException
	at com.google.javascript.jscomp.Compiler.runInCompilerThread(Compiler.java:584)
	at com.google.javascript.jscomp.Compiler.compile(Compiler.java:522)
	at com.google.javascript.jscomp.Compiler.compile(Compiler.java:481)
	at com.google.javascript.jscomp.Compiler.compile(Compiler.java:463)
	at com.google.javascript.jscomp.Compiler.compile(Compiler.java:449)
	at com.google.javascript.jscomp.Compiler.compile(Compiler.java:444)
	at com.google.javascript.jscomp.TypedScopeCreator_ESTest.test05(TypedScopeCreator_ESTest.java:129)
	at sun.reflect.NativeMethodAccessorImpl.invoke0(Native Method)
	at sun.reflect.NativeMethodAccessorImpl.invoke(NativeMethodAccessorImpl.java:57)
	at sun.reflect.DelegatingMethodAccessorImpl.invoke(DelegatingMethodAccessorImpl.java:43)
	at java.lang.reflect.Method.invoke(Method.java:606)
	at org.junit.runners.model.FrameworkMethod$1.runReflectiveCall(FrameworkMethod.java:44)
	at org.junit.internal.runners.model.ReflectiveCallable.run(ReflectiveCallable.java:15)
	at org.junit.runners.model.FrameworkMethod.invokeExplosively(FrameworkMethod.java:41)
	at org.junit.internal.runners.statements.InvokeMethod.evaluate(InvokeMethod.java:20)
	at org.junit.internal.runners.statements.RunBefores.evaluate(RunBefores.java:28)
	at org.junit.internal.runners.statements.RunAfters.evaluate(RunAfters.java:31)
	at org.junit.runners.BlockJUnit4ClassRunner.runChild(BlockJUnit4ClassRunner.java:73)
	at org.junit.runners.BlockJUnit4ClassRunner.runChild(BlockJUnit4ClassRunner.java:46)
	at org.junit.runners.ParentRunner.runChildren(ParentRunner.java:180)
	at org.junit.runners.ParentRunner.access$000(ParentRunner.java:41)
	at org.junit.runners.ParentRunner$1.evaluate(ParentRunner.java:173)
	at org.junit.internal.runners.statements.RunBefores.evaluate(RunBefores.java:28)
	at org.junit.internal.runners.statements.RunAfters.evaluate(RunAfters.java:31)
	at org.junit.runners.ParentRunner.run(ParentRunner.java:220)
	at junit.framework.JUnit4TestAdapter.run(JUnit4TestAdapter.java:39)
	at org.apache.tools.ant.taskdefs.optional.junit.JUnitTestRunner.run(JUnitTestRunner.java:520)
	at org.apache.tools.ant.taskdefs.optional.junit.JUnitTestRunner.launch(JUnitTestRunner.java:1060)
	at org.apache.tools.ant.taskdefs.optional.junit.JUnitTestRunner.main(JUnitTestRunner.java:911)
Caused by: java.lang.NullPointerException
	at com.google.javascript.rhino.Node.addChildToBack(Node.java:602)
	at com.google.javascript.jscomp.Compiler.parseInputs(Compiler.java:1055)
	at com.google.javascript.jscomp.Compiler.parse(Compiler.java:633)
	at com.google.javascript.jscomp.Compiler.compileInternal(Compiler.java:591)
	at com.google.javascript.jscomp.Compiler.access$000(Compiler.java:63)
	at com.google.javascript.jscomp.Compiler$1.call(Compiler.java:524)
	at com.google.javascript.jscomp.Compiler$1.call(Compiler.java:522)
	at com.google.javascript.jscomp.Compiler$2.run(Compiler.java:556)
	at java.lang.Thread.run(Thread.java:745)
--- com.google.javascript.jscomp.TypedScopeCreator_ESTest::test06
java.lang.RuntimeException: java.lang.NullPointerException
	at com.google.javascript.jscomp.Compiler.runInCompilerThread(Compiler.java:584)
	at com.google.javascript.jscomp.Compiler.compile(Compiler.java:522)
	at com.google.javascript.jscomp.Compiler.compile(Compiler.java:481)
	at com.google.javascript.jscomp.Compiler.compile(Compiler.java:463)
	at com.google.javascript.jscomp.Compiler.compile(Compiler.java:449)
	at com.google.javascript.jscomp.Compiler.compile(Compiler.java:444)
	at com.google.javascript.jscomp.TypedScopeCreator_ESTest.test06(TypedScopeCreator_ESTest.java:141)
	at sun.reflect.NativeMethodAccessorImpl.invoke0(Native Method)
	at sun.reflect.NativeMethodAccessorImpl.invoke(NativeMethodAccessorImpl.java:57)
	at sun.reflect.DelegatingMethodAccessorImpl.invoke(DelegatingMethodAccessorImpl.java:43)
	at java.lang.reflect.Method.invoke(Method.java:606)
	at org.junit.runners.model.FrameworkMethod$1.runReflectiveCall(FrameworkMethod.java:44)
	at org.junit.internal.runners.model.ReflectiveCallable.run(ReflectiveCallable.java:15)
	at org.junit.runners.model.FrameworkMethod.invokeExplosively(FrameworkMethod.java:41)
	at org.junit.internal.runners.statements.InvokeMethod.evaluate(InvokeMethod.java:20)
	at org.junit.internal.runners.statements.RunBefores.evaluate(RunBefores.java:28)
	at org.junit.internal.runners.statements.RunAfters.evaluate(RunAfters.java:31)
	at org.junit.runners.BlockJUnit4ClassRunner.runChild(BlockJUnit4ClassRunner.java:73)
	at org.junit.runners.BlockJUnit4ClassRunner.runChild(BlockJUnit4ClassRunner.java:46)
	at org.junit.runners.ParentRunner.runChildren(ParentRunner.java:180)
	at org.junit.runners.ParentRunner.access$000(ParentRunner.java:41)
	at org.junit.runners.ParentRunner$1.evaluate(ParentRunner.java:173)
	at org.junit.internal.runners.statements.RunBefores.evaluate(RunBefores.java:28)
	at org.junit.internal.runners.statements.RunAfters.evaluate(RunAfters.java:31)
	at org.junit.runners.ParentRunner.run(ParentRunner.java:220)
	at junit.framework.JUnit4TestAdapter.run(JUnit4TestAdapter.java:39)
	at org.apache.tools.ant.taskdefs.optional.junit.JUnitTestRunner.run(JUnitTestRunner.java:520)
	at org.apache.tools.ant.taskdefs.optional.junit.JUnitTestRunner.launch(JUnitTestRunner.java:1060)
	at org.apache.tools.ant.taskdefs.optional.junit.JUnitTestRunner.main(JUnitTestRunner.java:911)
Caused by: java.lang.NullPointerException
	at com.google.javascript.rhino.Node.addChildToBack(Node.java:602)
	at com.google.javascript.jscomp.Compiler.parseInputs(Compiler.java:1055)
	at com.google.javascript.jscomp.Compiler.parse(Compiler.java:633)
	at com.google.javascript.jscomp.Compiler.compileInternal(Compiler.java:591)
	at com.google.javascript.jscomp.Compiler.access$000(Compiler.java:63)
	at com.google.javascript.jscomp.Compiler$1.call(Compiler.java:524)
	at com.google.javascript.jscomp.Compiler$1.call(Compiler.java:522)
	at com.google.javascript.jscomp.Compiler$2.run(Compiler.java:556)
	at java.lang.Thread.run(Thread.java:745)
--- com.google.javascript.jscomp.TypedScopeCreator_ESTest::test07
java.lang.RuntimeException: java.lang.NullPointerException
	at com.google.javascript.jscomp.Compiler.runInCompilerThread(Compiler.java:584)
	at com.google.javascript.jscomp.Compiler.compile(Compiler.java:522)
	at com.google.javascript.jscomp.Compiler.compile(Compiler.java:481)
	at com.google.javascript.jscomp.Compiler.compile(Compiler.java:463)
	at com.google.javascript.jscomp.Compiler.compile(Compiler.java:449)
	at com.google.javascript.jscomp.Compiler.compile(Compiler.java:444)
	at com.google.javascript.jscomp.TypedScopeCreator_ESTest.test07(TypedScopeCreator_ESTest.java:153)
	at sun.reflect.NativeMethodAccessorImpl.invoke0(Native Method)
	at sun.reflect.NativeMethodAccessorImpl.invoke(NativeMethodAccessorImpl.java:57)
	at sun.reflect.DelegatingMethodAccessorImpl.invoke(DelegatingMethodAccessorImpl.java:43)
	at java.lang.reflect.Method.invoke(Method.java:606)
	at org.junit.runners.model.FrameworkMethod$1.runReflectiveCall(FrameworkMethod.java:44)
	at org.junit.internal.runners.model.ReflectiveCallable.run(ReflectiveCallable.java:15)
	at org.junit.runners.model.FrameworkMethod.invokeExplosively(FrameworkMethod.java:41)
	at org.junit.internal.runners.statements.InvokeMethod.evaluate(InvokeMethod.java:20)
	at org.junit.internal.runners.statements.RunBefores.evaluate(RunBefores.java:28)
	at org.junit.internal.runners.statements.RunAfters.evaluate(RunAfters.java:31)
	at org.junit.runners.BlockJUnit4ClassRunner.runChild(BlockJUnit4ClassRunner.java:73)
	at org.junit.runners.BlockJUnit4ClassRunner.runChild(BlockJUnit4ClassRunner.java:46)
	at org.junit.runners.ParentRunner.runChildren(ParentRunner.java:180)
	at org.junit.runners.ParentRunner.access$000(ParentRunner.java:41)
	at org.junit.runners.ParentRunner$1.evaluate(ParentRunner.java:173)
	at org.junit.internal.runners.statements.RunBefores.evaluate(RunBefores.java:28)
	at org.junit.internal.runners.statements.RunAfters.evaluate(RunAfters.java:31)
	at org.junit.runners.ParentRunner.run(ParentRunner.java:220)
	at junit.framework.JUnit4TestAdapter.run(JUnit4TestAdapter.java:39)
	at org.apache.tools.ant.taskdefs.optional.junit.JUnitTestRunner.run(JUnitTestRunner.java:520)
	at org.apache.tools.ant.taskdefs.optional.junit.JUnitTestRunner.launch(JUnitTestRunner.java:1060)
	at org.apache.tools.ant.taskdefs.optional.junit.JUnitTestRunner.main(JUnitTestRunner.java:911)
Caused by: java.lang.NullPointerException
	at com.google.javascript.rhino.Node.addChildToBack(Node.java:602)
	at com.google.javascript.jscomp.Compiler.parseInputs(Compiler.java:1055)
	at com.google.javascript.jscomp.Compiler.parse(Compiler.java:633)
	at com.google.javascript.jscomp.Compiler.compileInternal(Compiler.java:591)
	at com.google.javascript.jscomp.Compiler.access$000(Compiler.java:63)
	at com.google.javascript.jscomp.Compiler$1.call(Compiler.java:524)
	at com.google.javascript.jscomp.Compiler$1.call(Compiler.java:522)
	at com.google.javascript.jscomp.Compiler$2.run(Compiler.java:556)
	at java.lang.Thread.run(Thread.java:745)
--- com.google.javascript.jscomp.TypedScopeCreator_ESTest::test08
java.lang.RuntimeException: java.lang.NullPointerException
	at com.google.javascript.jscomp.Compiler.runInCompilerThread(Compiler.java:584)
	at com.google.javascript.jscomp.Compiler.compile(Compiler.java:522)
	at com.google.javascript.jscomp.Compiler.compile(Compiler.java:481)
	at com.google.javascript.jscomp.Compiler.compile(Compiler.java:463)
	at com.google.javascript.jscomp.Compiler.compile(Compiler.java:449)
	at com.google.javascript.jscomp.Compiler.compile(Compiler.java:444)
	at com.google.javascript.jscomp.TypedScopeCreator_ESTest.test08(TypedScopeCreator_ESTest.java:165)
	at sun.reflect.NativeMethodAccessorImpl.invoke0(Native Method)
	at sun.reflect.NativeMethodAccessorImpl.invoke(NativeMethodAccessorImpl.java:57)
	at sun.reflect.DelegatingMethodAccessorImpl.invoke(DelegatingMethodAccessorImpl.java:43)
	at java.lang.reflect.Method.invoke(Method.java:606)
	at org.junit.runners.model.FrameworkMethod$1.runReflectiveCall(FrameworkMethod.java:44)
	at org.junit.internal.runners.model.ReflectiveCallable.run(ReflectiveCallable.java:15)
	at org.junit.runners.model.FrameworkMethod.invokeExplosively(FrameworkMethod.java:41)
	at org.junit.internal.runners.statements.InvokeMethod.evaluate(InvokeMethod.java:20)
	at org.junit.internal.runners.statements.RunBefores.evaluate(RunBefores.java:28)
	at org.junit.internal.runners.statements.RunAfters.evaluate(RunAfters.java:31)
	at org.junit.runners.BlockJUnit4ClassRunner.runChild(BlockJUnit4ClassRunner.java:73)
	at org.junit.runners.BlockJUnit4ClassRunner.runChild(BlockJUnit4ClassRunner.java:46)
	at org.junit.runners.ParentRunner.runChildren(ParentRunner.java:180)
	at org.junit.runners.ParentRunner.access$000(ParentRunner.java:41)
	at org.junit.runners.ParentRunner$1.evaluate(ParentRunner.java:173)
	at org.junit.internal.runners.statements.RunBefores.evaluate(RunBefores.java:28)
	at org.junit.internal.runners.statements.RunAfters.evaluate(RunAfters.java:31)
	at org.junit.runners.ParentRunner.run(ParentRunner.java:220)
	at junit.framework.JUnit4TestAdapter.run(JUnit4TestAdapter.java:39)
	at org.apache.tools.ant.taskdefs.optional.junit.JUnitTestRunner.run(JUnitTestRunner.java:520)
	at org.apache.tools.ant.taskdefs.optional.junit.JUnitTestRunner.launch(JUnitTestRunner.java:1060)
	at org.apache.tools.ant.taskdefs.optional.junit.JUnitTestRunner.main(JUnitTestRunner.java:911)
Caused by: java.lang.NullPointerException
	at com.google.javascript.rhino.Node.addChildToBack(Node.java:602)
	at com.google.javascript.jscomp.Compiler.parseInputs(Compiler.java:1055)
	at com.google.javascript.jscomp.Compiler.parse(Compiler.java:633)
	at com.google.javascript.jscomp.Compiler.compileInternal(Compiler.java:591)
	at com.google.javascript.jscomp.Compiler.access$000(Compiler.java:63)
	at com.google.javascript.jscomp.Compiler$1.call(Compiler.java:524)
	at com.google.javascript.jscomp.Compiler$1.call(Compiler.java:522)
	at com.google.javascript.jscomp.Compiler$2.run(Compiler.java:556)
	at java.lang.Thread.run(Thread.java:745)
--- com.google.javascript.jscomp.TypedScopeCreator_ESTest::test09
java.lang.RuntimeException: java.lang.NullPointerException
	at com.google.javascript.jscomp.Compiler.runInCompilerThread(Compiler.java:584)
	at com.google.javascript.jscomp.Compiler.compile(Compiler.java:522)
	at com.google.javascript.jscomp.Compiler.compile(Compiler.java:481)
	at com.google.javascript.jscomp.Compiler.compile(Compiler.java:463)
	at com.google.javascript.jscomp.Compiler.compile(Compiler.java:449)
	at com.google.javascript.jscomp.Compiler.compile(Compiler.java:444)
	at com.google.javascript.jscomp.TypedScopeCreator_ESTest.test09(TypedScopeCreator_ESTest.java:177)
	at sun.reflect.NativeMethodAccessorImpl.invoke0(Native Method)
	at sun.reflect.NativeMethodAccessorImpl.invoke(NativeMethodAccessorImpl.java:57)
	at sun.reflect.DelegatingMethodAccessorImpl.invoke(DelegatingMethodAccessorImpl.java:43)
	at java.lang.reflect.Method.invoke(Method.java:606)
	at org.junit.runners.model.FrameworkMethod$1.runReflectiveCall(FrameworkMethod.java:44)
	at org.junit.internal.runners.model.ReflectiveCallable.run(ReflectiveCallable.java:15)
	at org.junit.runners.model.FrameworkMethod.invokeExplosively(FrameworkMethod.java:41)
	at org.junit.internal.runners.statements.InvokeMethod.evaluate(InvokeMethod.java:20)
	at org.junit.internal.runners.statements.RunBefores.evaluate(RunBefores.java:28)
	at org.junit.internal.runners.statements.RunAfters.evaluate(RunAfters.java:31)
	at org.junit.runners.BlockJUnit4ClassRunner.runChild(BlockJUnit4ClassRunner.java:73)
	at org.junit.runners.BlockJUnit4ClassRunner.runChild(BlockJUnit4ClassRunner.java:46)
	at org.junit.runners.ParentRunner.runChildren(ParentRunner.java:180)
	at org.junit.runners.ParentRunner.access$000(ParentRunner.java:41)
	at org.junit.runners.ParentRunner$1.evaluate(ParentRunner.java:173)
	at org.junit.internal.runners.statements.RunBefores.evaluate(RunBefores.java:28)
	at org.junit.internal.runners.statements.RunAfters.evaluate(RunAfters.java:31)
	at org.junit.runners.ParentRunner.run(ParentRunner.java:220)
	at junit.framework.JUnit4TestAdapter.run(JUnit4TestAdapter.java:39)
	at org.apache.tools.ant.taskdefs.optional.junit.JUnitTestRunner.run(JUnitTestRunner.java:520)
	at org.apache.tools.ant.taskdefs.optional.junit.JUnitTestRunner.launch(JUnitTestRunner.java:1060)
	at org.apache.tools.ant.taskdefs.optional.junit.JUnitTestRunner.main(JUnitTestRunner.java:911)
Caused by: java.lang.NullPointerException
	at com.google.javascript.rhino.Node.addChildToBack(Node.java:602)
	at com.google.javascript.jscomp.Compiler.parseInputs(Compiler.java:1055)
	at com.google.javascript.jscomp.Compiler.parse(Compiler.java:633)
	at com.google.javascript.jscomp.Compiler.compileInternal(Compiler.java:591)
	at com.google.javascript.jscomp.Compiler.access$000(Compiler.java:63)
	at com.google.javascript.jscomp.Compiler$1.call(Compiler.java:524)
	at com.google.javascript.jscomp.Compiler$1.call(Compiler.java:522)
	at com.google.javascript.jscomp.Compiler$2.run(Compiler.java:556)
	at java.lang.Thread.run(Thread.java:745)
--- com.google.javascript.jscomp.TypedScopeCreator_ESTest::test10
java.lang.RuntimeException: java.lang.NullPointerException
	at com.google.javascript.jscomp.Compiler.runInCompilerThread(Compiler.java:584)
	at com.google.javascript.jscomp.Compiler.compile(Compiler.java:522)
	at com.google.javascript.jscomp.Compiler.compile(Compiler.java:481)
	at com.google.javascript.jscomp.Compiler.compile(Compiler.java:463)
	at com.google.javascript.jscomp.Compiler.compile(Compiler.java:449)
	at com.google.javascript.jscomp.Compiler.compile(Compiler.java:444)
	at com.google.javascript.jscomp.TypedScopeCreator_ESTest.test10(TypedScopeCreator_ESTest.java:189)
	at sun.reflect.NativeMethodAccessorImpl.invoke0(Native Method)
	at sun.reflect.NativeMethodAccessorImpl.invoke(NativeMethodAccessorImpl.java:57)
	at sun.reflect.DelegatingMethodAccessorImpl.invoke(DelegatingMethodAccessorImpl.java:43)
	at java.lang.reflect.Method.invoke(Method.java:606)
	at org.junit.runners.model.FrameworkMethod$1.runReflectiveCall(FrameworkMethod.java:44)
	at org.junit.internal.runners.model.ReflectiveCallable.run(ReflectiveCallable.java:15)
	at org.junit.runners.model.FrameworkMethod.invokeExplosively(FrameworkMethod.java:41)
	at org.junit.internal.runners.statements.InvokeMethod.evaluate(InvokeMethod.java:20)
	at org.junit.internal.runners.statements.RunBefores.evaluate(RunBefores.java:28)
	at org.junit.internal.runners.statements.RunAfters.evaluate(RunAfters.java:31)
	at org.junit.runners.BlockJUnit4ClassRunner.runChild(BlockJUnit4ClassRunner.java:73)
	at org.junit.runners.BlockJUnit4ClassRunner.runChild(BlockJUnit4ClassRunner.java:46)
	at org.junit.runners.ParentRunner.runChildren(ParentRunner.java:180)
	at org.junit.runners.ParentRunner.access$000(ParentRunner.java:41)
	at org.junit.runners.ParentRunner$1.evaluate(ParentRunner.java:173)
	at org.junit.internal.runners.statements.RunBefores.evaluate(RunBefores.java:28)
	at org.junit.internal.runners.statements.RunAfters.evaluate(RunAfters.java:31)
	at org.junit.runners.ParentRunner.run(ParentRunner.java:220)
	at junit.framework.JUnit4TestAdapter.run(JUnit4TestAdapter.java:39)
	at org.apache.tools.ant.taskdefs.optional.junit.JUnitTestRunner.run(JUnitTestRunner.java:520)
	at org.apache.tools.ant.taskdefs.optional.junit.JUnitTestRunner.launch(JUnitTestRunner.java:1060)
	at org.apache.tools.ant.taskdefs.optional.junit.JUnitTestRunner.main(JUnitTestRunner.java:911)
Caused by: java.lang.NullPointerException
	at com.google.javascript.rhino.Node.addChildToBack(Node.java:602)
	at com.google.javascript.jscomp.Compiler.parseInputs(Compiler.java:1055)
	at com.google.javascript.jscomp.Compiler.parse(Compiler.java:633)
	at com.google.javascript.jscomp.Compiler.compileInternal(Compiler.java:591)
	at com.google.javascript.jscomp.Compiler.access$000(Compiler.java:63)
	at com.google.javascript.jscomp.Compiler$1.call(Compiler.java:524)
	at com.google.javascript.jscomp.Compiler$1.call(Compiler.java:522)
	at com.google.javascript.jscomp.Compiler$2.run(Compiler.java:556)
	at java.lang.Thread.run(Thread.java:745)
--- com.google.javascript.jscomp.TypedScopeCreator_ESTest::test11
java.lang.RuntimeException: java.lang.NullPointerException
	at com.google.javascript.jscomp.Compiler.runInCompilerThread(Compiler.java:584)
	at com.google.javascript.jscomp.Compiler.compile(Compiler.java:522)
	at com.google.javascript.jscomp.Compiler.compile(Compiler.java:481)
	at com.google.javascript.jscomp.Compiler.compile(Compiler.java:463)
	at com.google.javascript.jscomp.Compiler.compile(Compiler.java:449)
	at com.google.javascript.jscomp.Compiler.compile(Compiler.java:444)
	at com.google.javascript.jscomp.TypedScopeCreator_ESTest.test11(TypedScopeCreator_ESTest.java:204)
	at sun.reflect.NativeMethodAccessorImpl.invoke0(Native Method)
	at sun.reflect.NativeMethodAccessorImpl.invoke(NativeMethodAccessorImpl.java:57)
	at sun.reflect.DelegatingMethodAccessorImpl.invoke(DelegatingMethodAccessorImpl.java:43)
	at java.lang.reflect.Method.invoke(Method.java:606)
	at org.junit.runners.model.FrameworkMethod$1.runReflectiveCall(FrameworkMethod.java:44)
	at org.junit.internal.runners.model.ReflectiveCallable.run(ReflectiveCallable.java:15)
	at org.junit.runners.model.FrameworkMethod.invokeExplosively(FrameworkMethod.java:41)
	at org.junit.internal.runners.statements.InvokeMethod.evaluate(InvokeMethod.java:20)
	at org.junit.internal.runners.statements.RunBefores.evaluate(RunBefores.java:28)
	at org.junit.internal.runners.statements.RunAfters.evaluate(RunAfters.java:31)
	at org.junit.runners.BlockJUnit4ClassRunner.runChild(BlockJUnit4ClassRunner.java:73)
	at org.junit.runners.BlockJUnit4ClassRunner.runChild(BlockJUnit4ClassRunner.java:46)
	at org.junit.runners.ParentRunner.runChildren(ParentRunner.java:180)
	at org.junit.runners.ParentRunner.access$000(ParentRunner.java:41)
	at org.junit.runners.ParentRunner$1.evaluate(ParentRunner.java:173)
	at org.junit.internal.runners.statements.RunBefores.evaluate(RunBefores.java:28)
	at org.junit.internal.runners.statements.RunAfters.evaluate(RunAfters.java:31)
	at org.junit.runners.ParentRunner.run(ParentRunner.java:220)
	at junit.framework.JUnit4TestAdapter.run(JUnit4TestAdapter.java:39)
	at org.apache.tools.ant.taskdefs.optional.junit.JUnitTestRunner.run(JUnitTestRunner.java:520)
	at org.apache.tools.ant.taskdefs.optional.junit.JUnitTestRunner.launch(JUnitTestRunner.java:1060)
	at org.apache.tools.ant.taskdefs.optional.junit.JUnitTestRunner.main(JUnitTestRunner.java:911)
Caused by: java.lang.NullPointerException
	at com.google.javascript.rhino.Node.addChildToBack(Node.java:602)
	at com.google.javascript.jscomp.Compiler.parseInputs(Compiler.java:1055)
	at com.google.javascript.jscomp.Compiler.parse(Compiler.java:633)
	at com.google.javascript.jscomp.Compiler.compileInternal(Compiler.java:591)
	at com.google.javascript.jscomp.Compiler.access$000(Compiler.java:63)
	at com.google.javascript.jscomp.Compiler$1.call(Compiler.java:524)
	at com.google.javascript.jscomp.Compiler$1.call(Compiler.java:522)
	at com.google.javascript.jscomp.Compiler$2.run(Compiler.java:556)
	at java.lang.Thread.run(Thread.java:745)
--- com.google.javascript.jscomp.TypedScopeCreator_ESTest::test12
java.lang.RuntimeException: java.lang.NullPointerException
	at com.google.javascript.jscomp.Compiler.runInCompilerThread(Compiler.java:584)
	at com.google.javascript.jscomp.Compiler.compile(Compiler.java:522)
	at com.google.javascript.jscomp.Compiler.compile(Compiler.java:481)
	at com.google.javascript.jscomp.Compiler.compile(Compiler.java:463)
	at com.google.javascript.jscomp.Compiler.compile(Compiler.java:449)
	at com.google.javascript.jscomp.Compiler.compile(Compiler.java:444)
	at com.google.javascript.jscomp.TypedScopeCreator_ESTest.test12(TypedScopeCreator_ESTest.java:232)
	at sun.reflect.NativeMethodAccessorImpl.invoke0(Native Method)
	at sun.reflect.NativeMethodAccessorImpl.invoke(NativeMethodAccessorImpl.java:57)
	at sun.reflect.DelegatingMethodAccessorImpl.invoke(DelegatingMethodAccessorImpl.java:43)
	at java.lang.reflect.Method.invoke(Method.java:606)
	at org.junit.runners.model.FrameworkMethod$1.runReflectiveCall(FrameworkMethod.java:44)
	at org.junit.internal.runners.model.ReflectiveCallable.run(ReflectiveCallable.java:15)
	at org.junit.runners.model.FrameworkMethod.invokeExplosively(FrameworkMethod.java:41)
	at org.junit.internal.runners.statements.InvokeMethod.evaluate(InvokeMethod.java:20)
	at org.junit.internal.runners.statements.RunBefores.evaluate(RunBefores.java:28)
	at org.junit.internal.runners.statements.RunAfters.evaluate(RunAfters.java:31)
	at org.junit.runners.BlockJUnit4ClassRunner.runChild(BlockJUnit4ClassRunner.java:73)
	at org.junit.runners.BlockJUnit4ClassRunner.runChild(BlockJUnit4ClassRunner.java:46)
	at org.junit.runners.ParentRunner.runChildren(ParentRunner.java:180)
	at org.junit.runners.ParentRunner.access$000(ParentRunner.java:41)
	at org.junit.runners.ParentRunner$1.evaluate(ParentRunner.java:173)
	at org.junit.internal.runners.statements.RunBefores.evaluate(RunBefores.java:28)
	at org.junit.internal.runners.statements.RunAfters.evaluate(RunAfters.java:31)
	at org.junit.runners.ParentRunner.run(ParentRunner.java:220)
	at junit.framework.JUnit4TestAdapter.run(JUnit4TestAdapter.java:39)
	at org.apache.tools.ant.taskdefs.optional.junit.JUnitTestRunner.run(JUnitTestRunner.java:520)
	at org.apache.tools.ant.taskdefs.optional.junit.JUnitTestRunner.launch(JUnitTestRunner.java:1060)
	at org.apache.tools.ant.taskdefs.optional.junit.JUnitTestRunner.main(JUnitTestRunner.java:911)
Caused by: java.lang.NullPointerException
	at com.google.javascript.rhino.Node.addChildToBack(Node.java:602)
	at com.google.javascript.jscomp.Compiler.parseInputs(Compiler.java:1055)
	at com.google.javascript.jscomp.Compiler.parse(Compiler.java:633)
	at com.google.javascript.jscomp.Compiler.compileInternal(Compiler.java:591)
	at com.google.javascript.jscomp.Compiler.access$000(Compiler.java:63)
	at com.google.javascript.jscomp.Compiler$1.call(Compiler.java:524)
	at com.google.javascript.jscomp.Compiler$1.call(Compiler.java:522)
	at com.google.javascript.jscomp.Compiler$2.run(Compiler.java:556)
	at java.lang.Thread.run(Thread.java:745)
--- com.google.javascript.jscomp.TypedScopeCreator_ESTest::test00
java.lang.RuntimeException: java.lang.NullPointerException
	at com.google.javascript.jscomp.Compiler.runInCompilerThread(Compiler.java:584)
	at com.google.javascript.jscomp.Compiler.compile(Compiler.java:522)
	at com.google.javascript.jscomp.Compiler.compile(Compiler.java:481)
	at com.google.javascript.jscomp.Compiler.compile(Compiler.java:463)
	at com.google.javascript.jscomp.Compiler.compile(Compiler.java:449)
	at com.google.javascript.jscomp.Compiler.compile(Compiler.java:444)
	at com.google.javascript.jscomp.TypedScopeCreator_ESTest.test00(TypedScopeCreator_ESTest.java:38)
	at sun.reflect.NativeMethodAccessorImpl.invoke0(Native Method)
	at sun.reflect.NativeMethodAccessorImpl.invoke(NativeMethodAccessorImpl.java:57)
	at sun.reflect.DelegatingMethodAccessorImpl.invoke(DelegatingMethodAccessorImpl.java:43)
	at java.lang.reflect.Method.invoke(Method.java:606)
	at org.junit.runners.model.FrameworkMethod$1.runReflectiveCall(FrameworkMethod.java:44)
	at org.junit.internal.runners.model.ReflectiveCallable.run(ReflectiveCallable.java:15)
	at org.junit.runners.model.FrameworkMethod.invokeExplosively(FrameworkMethod.java:41)
	at org.junit.internal.runners.statements.InvokeMethod.evaluate(InvokeMethod.java:20)
	at org.junit.internal.runners.statements.RunBefores.evaluate(RunBefores.java:28)
	at org.junit.internal.runners.statements.RunAfters.evaluate(RunAfters.java:31)
	at org.junit.runners.BlockJUnit4ClassRunner.runChild(BlockJUnit4ClassRunner.java:73)
	at org.junit.runners.BlockJUnit4ClassRunner.runChild(BlockJUnit4ClassRunner.java:46)
	at org.junit.runners.ParentRunner.runChildren(ParentRunner.java:180)
	at org.junit.runners.ParentRunner.access$000(ParentRunner.java:41)
	at org.junit.runners.ParentRunner$1.evaluate(ParentRunner.java:173)
	at org.junit.internal.runners.statements.RunBefores.evaluate(RunBefores.java:28)
	at org.junit.internal.runners.statements.RunAfters.evaluate(RunAfters.java:31)
	at org.junit.runners.ParentRunner.run(ParentRunner.java:220)
	at junit.framework.JUnit4TestAdapter.run(JUnit4TestAdapter.java:39)
	at org.apache.tools.ant.taskdefs.optional.junit.JUnitTestRunner.run(JUnitTestRunner.java:520)
	at org.apache.tools.ant.taskdefs.optional.junit.JUnitTestRunner.launch(JUnitTestRunner.java:1060)
	at org.apache.tools.ant.taskdefs.optional.junit.JUnitTestRunner.main(JUnitTestRunner.java:911)
Caused by: java.lang.NullPointerException
	at com.google.javascript.rhino.Node.addChildToBack(Node.java:602)
	at com.google.javascript.jscomp.Compiler.parseInputs(Compiler.java:1055)
	at com.google.javascript.jscomp.Compiler.parse(Compiler.java:633)
	at com.google.javascript.jscomp.Compiler.compileInternal(Compiler.java:591)
	at com.google.javascript.jscomp.Compiler.access$000(Compiler.java:63)
	at com.google.javascript.jscomp.Compiler$1.call(Compiler.java:524)
	at com.google.javascript.jscomp.Compiler$1.call(Compiler.java:522)
	at com.google.javascript.jscomp.Compiler$2.run(Compiler.java:556)
	at java.lang.Thread.run(Thread.java:745)
--- com.google.javascript.jscomp.TypedScopeCreator_ESTest::test13
java.lang.RuntimeException: java.lang.NullPointerException
	at com.google.javascript.jscomp.Compiler.runInCompilerThread(Compiler.java:584)
	at com.google.javascript.jscomp.Compiler.compile(Compiler.java:522)
	at com.google.javascript.jscomp.Compiler.compile(Compiler.java:481)
	at com.google.javascript.jscomp.Compiler.compile(Compiler.java:463)
	at com.google.javascript.jscomp.Compiler.compile(Compiler.java:449)
	at com.google.javascript.jscomp.Compiler.compile(Compiler.java:444)
	at com.google.javascript.jscomp.TypedScopeCreator_ESTest.test13(TypedScopeCreator_ESTest.java:244)
	at sun.reflect.NativeMethodAccessorImpl.invoke0(Native Method)
	at sun.reflect.NativeMethodAccessorImpl.invoke(NativeMethodAccessorImpl.java:57)
	at sun.reflect.DelegatingMethodAccessorImpl.invoke(DelegatingMethodAccessorImpl.java:43)
	at java.lang.reflect.Method.invoke(Method.java:606)
	at org.junit.runners.model.FrameworkMethod$1.runReflectiveCall(FrameworkMethod.java:44)
	at org.junit.internal.runners.model.ReflectiveCallable.run(ReflectiveCallable.java:15)
	at org.junit.runners.model.FrameworkMethod.invokeExplosively(FrameworkMethod.java:41)
	at org.junit.internal.runners.statements.InvokeMethod.evaluate(InvokeMethod.java:20)
	at org.junit.internal.runners.statements.RunBefores.evaluate(RunBefores.java:28)
	at org.junit.internal.runners.statements.RunAfters.evaluate(RunAfters.java:31)
	at org.junit.runners.BlockJUnit4ClassRunner.runChild(BlockJUnit4ClassRunner.java:73)
	at org.junit.runners.BlockJUnit4ClassRunner.runChild(BlockJUnit4ClassRunner.java:46)
	at org.junit.runners.ParentRunner.runChildren(ParentRunner.java:180)
	at org.junit.runners.ParentRunner.access$000(ParentRunner.java:41)
	at org.junit.runners.ParentRunner$1.evaluate(ParentRunner.java:173)
	at org.junit.internal.runners.statements.RunBefores.evaluate(RunBefores.java:28)
	at org.junit.internal.runners.statements.RunAfters.evaluate(RunAfters.java:31)
	at org.junit.runners.ParentRunner.run(ParentRunner.java:220)
	at junit.framework.JUnit4TestAdapter.run(JUnit4TestAdapter.java:39)
	at org.apache.tools.ant.taskdefs.optional.junit.JUnitTestRunner.run(JUnitTestRunner.java:520)
	at org.apache.tools.ant.taskdefs.optional.junit.JUnitTestRunner.launch(JUnitTestRunner.java:1060)
	at org.apache.tools.ant.taskdefs.optional.junit.JUnitTestRunner.main(JUnitTestRunner.java:911)
Caused by: java.lang.NullPointerException
	at com.google.javascript.rhino.Node.addChildToBack(Node.java:602)
	at com.google.javascript.jscomp.Compiler.parseInputs(Compiler.java:1055)
	at com.google.javascript.jscomp.Compiler.parse(Compiler.java:633)
	at com.google.javascript.jscomp.Compiler.compileInternal(Compiler.java:591)
	at com.google.javascript.jscomp.Compiler.access$000(Compiler.java:63)
	at com.google.javascript.jscomp.Compiler$1.call(Compiler.java:524)
	at com.google.javascript.jscomp.Compiler$1.call(Compiler.java:522)
	at com.google.javascript.jscomp.Compiler$2.run(Compiler.java:556)
	at java.lang.Thread.run(Thread.java:745)
--- com.google.javascript.jscomp.TypedScopeCreator_ESTest::test14
java.lang.RuntimeException: java.lang.NullPointerException
	at com.google.javascript.jscomp.Compiler.runInCompilerThread(Compiler.java:584)
	at com.google.javascript.jscomp.Compiler.compile(Compiler.java:522)
	at com.google.javascript.jscomp.Compiler.compile(Compiler.java:481)
	at com.google.javascript.jscomp.Compiler.compile(Compiler.java:463)
	at com.google.javascript.jscomp.Compiler.compile(Compiler.java:449)
	at com.google.javascript.jscomp.Compiler.compile(Compiler.java:444)
	at com.google.javascript.jscomp.TypedScopeCreator_ESTest.test14(TypedScopeCreator_ESTest.java:266)
	at sun.reflect.NativeMethodAccessorImpl.invoke0(Native Method)
	at sun.reflect.NativeMethodAccessorImpl.invoke(NativeMethodAccessorImpl.java:57)
	at sun.reflect.DelegatingMethodAccessorImpl.invoke(DelegatingMethodAccessorImpl.java:43)
	at java.lang.reflect.Method.invoke(Method.java:606)
	at org.junit.runners.model.FrameworkMethod$1.runReflectiveCall(FrameworkMethod.java:44)
	at org.junit.internal.runners.model.ReflectiveCallable.run(ReflectiveCallable.java:15)
	at org.junit.runners.model.FrameworkMethod.invokeExplosively(FrameworkMethod.java:41)
	at org.junit.internal.runners.statements.InvokeMethod.evaluate(InvokeMethod.java:20)
	at org.junit.internal.runners.statements.RunBefores.evaluate(RunBefores.java:28)
	at org.junit.internal.runners.statements.RunAfters.evaluate(RunAfters.java:31)
	at org.junit.runners.BlockJUnit4ClassRunner.runChild(BlockJUnit4ClassRunner.java:73)
	at org.junit.runners.BlockJUnit4ClassRunner.runChild(BlockJUnit4ClassRunner.java:46)
	at org.junit.runners.ParentRunner.runChildren(ParentRunner.java:180)
	at org.junit.runners.ParentRunner.access$000(ParentRunner.java:41)
	at org.junit.runners.ParentRunner$1.evaluate(ParentRunner.java:173)
	at org.junit.internal.runners.statements.RunBefores.evaluate(RunBefores.java:28)
	at org.junit.internal.runners.statements.RunAfters.evaluate(RunAfters.java:31)
	at org.junit.runners.ParentRunner.run(ParentRunner.java:220)
	at junit.framework.JUnit4TestAdapter.run(JUnit4TestAdapter.java:39)
	at org.apache.tools.ant.taskdefs.optional.junit.JUnitTestRunner.run(JUnitTestRunner.java:520)
	at org.apache.tools.ant.taskdefs.optional.junit.JUnitTestRunner.launch(JUnitTestRunner.java:1060)
	at org.apache.tools.ant.taskdefs.optional.junit.JUnitTestRunner.main(JUnitTestRunner.java:911)
Caused by: java.lang.NullPointerException
	at com.google.javascript.rhino.Node.addChildToBack(Node.java:602)
	at com.google.javascript.jscomp.Compiler.parseInputs(Compiler.java:1055)
	at com.google.javascript.jscomp.Compiler.parse(Compiler.java:633)
	at com.google.javascript.jscomp.Compiler.compileInternal(Compiler.java:591)
	at com.google.javascript.jscomp.Compiler.access$000(Compiler.java:63)
	at com.google.javascript.jscomp.Compiler$1.call(Compiler.java:524)
	at com.google.javascript.jscomp.Compiler$1.call(Compiler.java:522)
	at com.google.javascript.jscomp.Compiler$2.run(Compiler.java:556)
	at java.lang.Thread.run(Thread.java:745)
--- com.google.javascript.jscomp.TypedScopeCreator_ESTest::test15
java.lang.RuntimeException: java.lang.NullPointerException
	at com.google.javascript.jscomp.Compiler.runInCompilerThread(Compiler.java:584)
	at com.google.javascript.jscomp.Compiler.compile(Compiler.java:522)
	at com.google.javascript.jscomp.Compiler.compile(Compiler.java:481)
	at com.google.javascript.jscomp.Compiler.compile(Compiler.java:463)
	at com.google.javascript.jscomp.Compiler.compile(Compiler.java:449)
	at com.google.javascript.jscomp.Compiler.compile(Compiler.java:444)
	at com.google.javascript.jscomp.TypedScopeCreator_ESTest.test15(TypedScopeCreator_ESTest.java:288)
	at sun.reflect.NativeMethodAccessorImpl.invoke0(Native Method)
	at sun.reflect.NativeMethodAccessorImpl.invoke(NativeMethodAccessorImpl.java:57)
	at sun.reflect.DelegatingMethodAccessorImpl.invoke(DelegatingMethodAccessorImpl.java:43)
	at java.lang.reflect.Method.invoke(Method.java:606)
	at org.junit.runners.model.FrameworkMethod$1.runReflectiveCall(FrameworkMethod.java:44)
	at org.junit.internal.runners.model.ReflectiveCallable.run(ReflectiveCallable.java:15)
	at org.junit.runners.model.FrameworkMethod.invokeExplosively(FrameworkMethod.java:41)
	at org.junit.internal.runners.statements.InvokeMethod.evaluate(InvokeMethod.java:20)
	at org.junit.internal.runners.statements.RunBefores.evaluate(RunBefores.java:28)
	at org.junit.internal.runners.statements.RunAfters.evaluate(RunAfters.java:31)
	at org.junit.runners.BlockJUnit4ClassRunner.runChild(BlockJUnit4ClassRunner.java:73)
	at org.junit.runners.BlockJUnit4ClassRunner.runChild(BlockJUnit4ClassRunner.java:46)
	at org.junit.runners.ParentRunner.runChildren(ParentRunner.java:180)
	at org.junit.runners.ParentRunner.access$000(ParentRunner.java:41)
	at org.junit.runners.ParentRunner$1.evaluate(ParentRunner.java:173)
	at org.junit.internal.runners.statements.RunBefores.evaluate(RunBefores.java:28)
	at org.junit.internal.runners.statements.RunAfters.evaluate(RunAfters.java:31)
	at org.junit.runners.ParentRunner.run(ParentRunner.java:220)
	at junit.framework.JUnit4TestAdapter.run(JUnit4TestAdapter.java:39)
	at org.apache.tools.ant.taskdefs.optional.junit.JUnitTestRunner.run(JUnitTestRunner.java:520)
	at org.apache.tools.ant.taskdefs.optional.junit.JUnitTestRunner.launch(JUnitTestRunner.java:1060)
	at org.apache.tools.ant.taskdefs.optional.junit.JUnitTestRunner.main(JUnitTestRunner.java:911)
Caused by: java.lang.NullPointerException
	at com.google.javascript.rhino.Node.addChildToBack(Node.java:602)
	at com.google.javascript.jscomp.Compiler.parseInputs(Compiler.java:1055)
	at com.google.javascript.jscomp.Compiler.parse(Compiler.java:633)
	at com.google.javascript.jscomp.Compiler.compileInternal(Compiler.java:591)
	at com.google.javascript.jscomp.Compiler.access$000(Compiler.java:63)
	at com.google.javascript.jscomp.Compiler$1.call(Compiler.java:524)
	at com.google.javascript.jscomp.Compiler$1.call(Compiler.java:522)
	at com.google.javascript.jscomp.Compiler$2.run(Compiler.java:556)
	at java.lang.Thread.run(Thread.java:745)
--- com.google.javascript.jscomp.TypedScopeCreator_ESTest::test16
java.lang.RuntimeException: java.lang.NullPointerException
	at com.google.javascript.jscomp.Compiler.runInCompilerThread(Compiler.java:584)
	at com.google.javascript.jscomp.Compiler.compile(Compiler.java:522)
	at com.google.javascript.jscomp.Compiler.compile(Compiler.java:481)
	at com.google.javascript.jscomp.Compiler.compile(Compiler.java:463)
	at com.google.javascript.jscomp.Compiler.compile(Compiler.java:449)
	at com.google.javascript.jscomp.Compiler.compile(Compiler.java:444)
	at com.google.javascript.jscomp.TypedScopeCreator_ESTest.test16(TypedScopeCreator_ESTest.java:310)
	at sun.reflect.NativeMethodAccessorImpl.invoke0(Native Method)
	at sun.reflect.NativeMethodAccessorImpl.invoke(NativeMethodAccessorImpl.java:57)
	at sun.reflect.DelegatingMethodAccessorImpl.invoke(DelegatingMethodAccessorImpl.java:43)
	at java.lang.reflect.Method.invoke(Method.java:606)
	at org.junit.runners.model.FrameworkMethod$1.runReflectiveCall(FrameworkMethod.java:44)
	at org.junit.internal.runners.model.ReflectiveCallable.run(ReflectiveCallable.java:15)
	at org.junit.runners.model.FrameworkMethod.invokeExplosively(FrameworkMethod.java:41)
	at org.junit.internal.runners.statements.InvokeMethod.evaluate(InvokeMethod.java:20)
	at org.junit.internal.runners.statements.RunBefores.evaluate(RunBefores.java:28)
	at org.junit.internal.runners.statements.RunAfters.evaluate(RunAfters.java:31)
	at org.junit.runners.BlockJUnit4ClassRunner.runChild(BlockJUnit4ClassRunner.java:73)
	at org.junit.runners.BlockJUnit4ClassRunner.runChild(BlockJUnit4ClassRunner.java:46)
	at org.junit.runners.ParentRunner.runChildren(ParentRunner.java:180)
	at org.junit.runners.ParentRunner.access$000(ParentRunner.java:41)
	at org.junit.runners.ParentRunner$1.evaluate(ParentRunner.java:173)
	at org.junit.internal.runners.statements.RunBefores.evaluate(RunBefores.java:28)
	at org.junit.internal.runners.statements.RunAfters.evaluate(RunAfters.java:31)
	at org.junit.runners.ParentRunner.run(ParentRunner.java:220)
	at junit.framework.JUnit4TestAdapter.run(JUnit4TestAdapter.java:39)
	at org.apache.tools.ant.taskdefs.optional.junit.JUnitTestRunner.run(JUnitTestRunner.java:520)
	at org.apache.tools.ant.taskdefs.optional.junit.JUnitTestRunner.launch(JUnitTestRunner.java:1060)
	at org.apache.tools.ant.taskdefs.optional.junit.JUnitTestRunner.main(JUnitTestRunner.java:911)
Caused by: java.lang.NullPointerException
	at com.google.javascript.rhino.Node.addChildToBack(Node.java:602)
	at com.google.javascript.jscomp.Compiler.parseInputs(Compiler.java:1055)
	at com.google.javascript.jscomp.Compiler.parse(Compiler.java:633)
	at com.google.javascript.jscomp.Compiler.compileInternal(Compiler.java:591)
	at com.google.javascript.jscomp.Compiler.access$000(Compiler.java:63)
	at com.google.javascript.jscomp.Compiler$1.call(Compiler.java:524)
	at com.google.javascript.jscomp.Compiler$1.call(Compiler.java:522)
	at com.google.javascript.jscomp.Compiler$2.run(Compiler.java:556)
	at java.lang.Thread.run(Thread.java:745)
