--- com.google.javascript.jscomp.TypedScopeCreator_ESTest::test6
java.lang.RuntimeException: org.evosuite.runtime.mock.java.lang.MockThrowable: Missing 'synthetic block' annotation. Reference node SCRIPT [source_file: UU90O.xiS] [input_id: InputId: UU90O.xiS]
	at com.google.javascript.jscomp.Compiler.runCallable(Compiler.java:629)
	at com.google.javascript.jscomp.Compiler.runInCompilerThread(Compiler.java:574)
	at com.google.javascript.jscomp.Compiler.compile(Compiler.java:556)
	at com.google.javascript.jscomp.Compiler.compile(Compiler.java:515)
	at com.google.javascript.jscomp.Compiler.compile(Compiler.java:497)
	at com.google.javascript.jscomp.Compiler.compile(Compiler.java:483)
	at com.google.javascript.jscomp.TypedScopeCreator_ESTest.test6(TypedScopeCreator_ESTest.java:142)
	at sun.reflect.NativeMethodAccessorImpl.invoke0(Native Method)
	at sun.reflect.NativeMethodAccessorImpl.invoke(NativeMethodAccessorImpl.java:57)
	at sun.reflect.DelegatingMethodAccessorImpl.invoke(DelegatingMethodAccessorImpl.java:43)
	at java.lang.reflect.Method.invoke(Method.java:606)
	at org.junit.runners.model.FrameworkMethod$1.runReflectiveCall(FrameworkMethod.java:44)
	at org.junit.internal.runners.model.ReflectiveCallable.run(ReflectiveCallable.java:15)
	at org.junit.runners.model.FrameworkMethod.invokeExplosively(FrameworkMethod.java:41)
	at org.junit.internal.runners.statements.InvokeMethod.evaluate(InvokeMethod.java:20)
	at org.junit.internal.runners.statements.RunBefores.evaluate(RunBefores.java:28)
	at org.junit.internal.runners.statements.RunAfters.evaluate(RunAfters.java:31)
	at org.junit.internal.runners.statements.FailOnTimeout$1.run(FailOnTimeout.java:28)
Caused by: org.evosuite.runtime.mock.java.lang.MockIllegalStateException: Missing 'synthetic block' annotation. Reference node SCRIPT [source_file: UU90O.xiS] [input_id: InputId: UU90O.xiS]
--- com.google.javascript.jscomp.TypedScopeCreator_ESTest::test7
java.lang.RuntimeException: org.evosuite.runtime.mock.java.lang.MockThrowable: Missing 'synthetic block' annotation. Reference node SCRIPT [source_file: UO.i] [input_id: InputId: UO.i]
	at com.google.javascript.jscomp.Compiler.runCallable(Compiler.java:629)
	at com.google.javascript.jscomp.Compiler.runInCompilerThread(Compiler.java:574)
	at com.google.javascript.jscomp.Compiler.compile(Compiler.java:556)
	at com.google.javascript.jscomp.Compiler.compile(Compiler.java:515)
	at com.google.javascript.jscomp.Compiler.compile(Compiler.java:497)
	at com.google.javascript.jscomp.Compiler.compile(Compiler.java:483)
	at com.google.javascript.jscomp.TypedScopeCreator_ESTest.test7(TypedScopeCreator_ESTest.java:162)
	at sun.reflect.NativeMethodAccessorImpl.invoke0(Native Method)
	at sun.reflect.NativeMethodAccessorImpl.invoke(NativeMethodAccessorImpl.java:57)
	at sun.reflect.DelegatingMethodAccessorImpl.invoke(DelegatingMethodAccessorImpl.java:43)
	at java.lang.reflect.Method.invoke(Method.java:606)
	at org.junit.runners.model.FrameworkMethod$1.runReflectiveCall(FrameworkMethod.java:44)
	at org.junit.internal.runners.model.ReflectiveCallable.run(ReflectiveCallable.java:15)
	at org.junit.runners.model.FrameworkMethod.invokeExplosively(FrameworkMethod.java:41)
	at org.junit.internal.runners.statements.InvokeMethod.evaluate(InvokeMethod.java:20)
	at org.junit.internal.runners.statements.RunBefores.evaluate(RunBefores.java:28)
	at org.junit.internal.runners.statements.RunAfters.evaluate(RunAfters.java:31)
	at org.junit.internal.runners.statements.FailOnTimeout$1.run(FailOnTimeout.java:28)
Caused by: org.evosuite.runtime.mock.java.lang.MockIllegalStateException: Missing 'synthetic block' annotation. Reference node SCRIPT [source_file: UO.i] [input_id: InputId: UO.i]
--- com.google.javascript.jscomp.TypedScopeCreator_ESTest::test5
java.lang.RuntimeException: org.evosuite.runtime.mock.java.lang.MockThrowable: Missing 'synthetic block' annotation. Reference node SCRIPT [source_file: UU90O.xSiJS] [input_id: InputId: UU90O.xSiJS]
	at com.google.javascript.jscomp.Compiler.runCallable(Compiler.java:629)
	at com.google.javascript.jscomp.Compiler.runInCompilerThread(Compiler.java:574)
	at com.google.javascript.jscomp.Compiler.compile(Compiler.java:556)
	at com.google.javascript.jscomp.Compiler.compile(Compiler.java:515)
	at com.google.javascript.jscomp.Compiler.compile(Compiler.java:497)
	at com.google.javascript.jscomp.Compiler.compile(Compiler.java:483)
	at com.google.javascript.jscomp.TypedScopeCreator_ESTest.test5(TypedScopeCreator_ESTest.java:123)
	at sun.reflect.NativeMethodAccessorImpl.invoke0(Native Method)
	at sun.reflect.NativeMethodAccessorImpl.invoke(NativeMethodAccessorImpl.java:57)
	at sun.reflect.DelegatingMethodAccessorImpl.invoke(DelegatingMethodAccessorImpl.java:43)
	at java.lang.reflect.Method.invoke(Method.java:606)
	at org.junit.runners.model.FrameworkMethod$1.runReflectiveCall(FrameworkMethod.java:44)
	at org.junit.internal.runners.model.ReflectiveCallable.run(ReflectiveCallable.java:15)
	at org.junit.runners.model.FrameworkMethod.invokeExplosively(FrameworkMethod.java:41)
	at org.junit.internal.runners.statements.InvokeMethod.evaluate(InvokeMethod.java:20)
	at org.junit.internal.runners.statements.RunBefores.evaluate(RunBefores.java:28)
	at org.junit.internal.runners.statements.RunAfters.evaluate(RunAfters.java:31)
	at org.junit.internal.runners.statements.FailOnTimeout$1.run(FailOnTimeout.java:28)
Caused by: org.evosuite.runtime.mock.java.lang.MockIllegalStateException: Missing 'synthetic block' annotation. Reference node SCRIPT [source_file: UU90O.xSiJS] [input_id: InputId: UU90O.xSiJS]
