--- org.joda.time.Partial_ESTest::test37
org.evosuite.runtime.mock.java.lang.MockIllegalArgumentException: Field 'seconds' is not supported
--- org.joda.time.Partial_ESTest::test55
org.evosuite.runtime.mock.java.lang.MockIllegalArgumentException: The field must not be null
