--- RegressionTest1::test190
java.lang.RuntimeException: java.lang.NullPointerException
	at com.google.javascript.jscomp.Compiler.runCallable(Compiler.java:658)
	at com.google.javascript.jscomp.Compiler.runInCompilerThread(Compiler.java:603)
	at com.google.javascript.jscomp.Compiler.compile(Compiler.java:585)
	at com.google.javascript.jscomp.Compiler.compile(Compiler.java:544)
	at com.google.javascript.jscomp.Compiler.compile(Compiler.java:511)
	at RegressionTest1.test190(RegressionTest1.java:5191)
	at sun.reflect.NativeMethodAccessorImpl.invoke0(Native Method)
	at sun.reflect.NativeMethodAccessorImpl.invoke(NativeMethodAccessorImpl.java:57)
	at sun.reflect.DelegatingMethodAccessorImpl.invoke(DelegatingMethodAccessorImpl.java:43)
	at java.lang.reflect.Method.invoke(Method.java:606)
	at org.junit.runners.model.FrameworkMethod$1.runReflectiveCall(FrameworkMethod.java:44)
	at org.junit.internal.runners.model.ReflectiveCallable.run(ReflectiveCallable.java:15)
	at org.junit.runners.model.FrameworkMethod.invokeExplosively(FrameworkMethod.java:41)
	at org.junit.internal.runners.statements.InvokeMethod.evaluate(InvokeMethod.java:20)
	at org.junit.runners.BlockJUnit4ClassRunner.runNotIgnored(BlockJUnit4ClassRunner.java:79)
	at org.junit.runners.BlockJUnit4ClassRunner.runChild(BlockJUnit4ClassRunner.java:71)
	at org.junit.runners.BlockJUnit4ClassRunner.runChild(BlockJUnit4ClassRunner.java:49)
	at org.junit.runners.ParentRunner$3.run(ParentRunner.java:193)
	at org.junit.runners.ParentRunner$1.schedule(ParentRunner.java:52)
	at org.junit.runners.ParentRunner.runChildren(ParentRunner.java:191)
	at org.junit.runners.ParentRunner.access$000(ParentRunner.java:42)
	at org.junit.runners.ParentRunner$2.evaluate(ParentRunner.java:184)
	at org.junit.runners.ParentRunner.run(ParentRunner.java:236)
	at junit.framework.JUnit4TestAdapter.run(JUnit4TestAdapter.java:39)
	at org.apache.tools.ant.taskdefs.optional.junit.JUnitTestRunner.run(JUnitTestRunner.java:520)
	at org.apache.tools.ant.taskdefs.optional.junit.JUnitTestRunner.launch(JUnitTestRunner.java:1060)
	at org.apache.tools.ant.taskdefs.optional.junit.JUnitTestRunner.main(JUnitTestRunner.java:884)
Caused by: java.lang.NullPointerException
	at com.google.javascript.jscomp.DiagnosticGroup.isSubGroup(DiagnosticGroup.java:117)
	at com.google.javascript.jscomp.DiagnosticGroupWarningsGuard.disables(DiagnosticGroupWarningsGuard.java:45)
	at com.google.javascript.jscomp.ComposeWarningsGuard.enables(ComposeWarningsGuard.java:153)
	at com.google.javascript.jscomp.CompilerOptions.enables(CompilerOptions.java:1052)
	at com.google.javascript.jscomp.DefaultPassConfig.getChecks(DefaultPassConfig.java:222)
	at com.google.javascript.jscomp.Compiler.check(Compiler.java:769)
	at com.google.javascript.jscomp.Compiler.compileInternal(Compiler.java:685)
	at com.google.javascript.jscomp.Compiler.access$000(Compiler.java:78)
	at com.google.javascript.jscomp.Compiler$1.call(Compiler.java:588)
	at com.google.javascript.jscomp.Compiler$1.call(Compiler.java:585)
	at com.google.javascript.jscomp.Compiler$2.run(Compiler.java:630)
	at java.lang.Thread.run(Thread.java:745)
--- RegressionTest1::test193
java.lang.RuntimeException: java.lang.NullPointerException
	at com.google.javascript.jscomp.Compiler.runCallable(Compiler.java:658)
	at com.google.javascript.jscomp.Compiler.runInCompilerThread(Compiler.java:603)
	at com.google.javascript.jscomp.Compiler.compile(Compiler.java:585)
	at com.google.javascript.jscomp.Compiler.compile(Compiler.java:544)
	at com.google.javascript.jscomp.Compiler.compile(Compiler.java:511)
	at RegressionTest1.test193(RegressionTest1.java:5376)
	at sun.reflect.NativeMethodAccessorImpl.invoke0(Native Method)
	at sun.reflect.NativeMethodAccessorImpl.invoke(NativeMethodAccessorImpl.java:57)
	at sun.reflect.DelegatingMethodAccessorImpl.invoke(DelegatingMethodAccessorImpl.java:43)
	at java.lang.reflect.Method.invoke(Method.java:606)
	at org.junit.runners.model.FrameworkMethod$1.runReflectiveCall(FrameworkMethod.java:44)
	at org.junit.internal.runners.model.ReflectiveCallable.run(ReflectiveCallable.java:15)
	at org.junit.runners.model.FrameworkMethod.invokeExplosively(FrameworkMethod.java:41)
	at org.junit.internal.runners.statements.InvokeMethod.evaluate(InvokeMethod.java:20)
	at org.junit.runners.BlockJUnit4ClassRunner.runNotIgnored(BlockJUnit4ClassRunner.java:79)
	at org.junit.runners.BlockJUnit4ClassRunner.runChild(BlockJUnit4ClassRunner.java:71)
	at org.junit.runners.BlockJUnit4ClassRunner.runChild(BlockJUnit4ClassRunner.java:49)
	at org.junit.runners.ParentRunner$3.run(ParentRunner.java:193)
	at org.junit.runners.ParentRunner$1.schedule(ParentRunner.java:52)
	at org.junit.runners.ParentRunner.runChildren(ParentRunner.java:191)
	at org.junit.runners.ParentRunner.access$000(ParentRunner.java:42)
	at org.junit.runners.ParentRunner$2.evaluate(ParentRunner.java:184)
	at org.junit.runners.ParentRunner.run(ParentRunner.java:236)
	at junit.framework.JUnit4TestAdapter.run(JUnit4TestAdapter.java:39)
	at org.apache.tools.ant.taskdefs.optional.junit.JUnitTestRunner.run(JUnitTestRunner.java:520)
	at org.apache.tools.ant.taskdefs.optional.junit.JUnitTestRunner.launch(JUnitTestRunner.java:1060)
	at org.apache.tools.ant.taskdefs.optional.junit.JUnitTestRunner.main(JUnitTestRunner.java:884)
Caused by: java.lang.NullPointerException
	at com.google.javascript.jscomp.DiagnosticGroup.isSubGroup(DiagnosticGroup.java:117)
	at com.google.javascript.jscomp.DiagnosticGroupWarningsGuard.disables(DiagnosticGroupWarningsGuard.java:45)
	at com.google.javascript.jscomp.ComposeWarningsGuard.enables(ComposeWarningsGuard.java:153)
	at com.google.javascript.jscomp.CompilerOptions.enables(CompilerOptions.java:1052)
	at com.google.javascript.jscomp.DefaultPassConfig.getChecks(DefaultPassConfig.java:222)
	at com.google.javascript.jscomp.Compiler.check(Compiler.java:769)
	at com.google.javascript.jscomp.Compiler.compileInternal(Compiler.java:685)
	at com.google.javascript.jscomp.Compiler.access$000(Compiler.java:78)
	at com.google.javascript.jscomp.Compiler$1.call(Compiler.java:588)
	at com.google.javascript.jscomp.Compiler$1.call(Compiler.java:585)
	at com.google.javascript.jscomp.Compiler$2.run(Compiler.java:630)
	at java.lang.Thread.run(Thread.java:745)
--- RegressionTest1::test213
java.lang.RuntimeException: java.lang.NullPointerException
	at com.google.javascript.jscomp.Compiler.runCallable(Compiler.java:658)
	at com.google.javascript.jscomp.Compiler.runInCompilerThread(Compiler.java:603)
	at com.google.javascript.jscomp.Compiler.compile(Compiler.java:585)
	at com.google.javascript.jscomp.Compiler.compile(Compiler.java:544)
	at com.google.javascript.jscomp.Compiler.compile(Compiler.java:511)
	at RegressionTest1.test213(RegressionTest1.java:5857)
	at sun.reflect.NativeMethodAccessorImpl.invoke0(Native Method)
	at sun.reflect.NativeMethodAccessorImpl.invoke(NativeMethodAccessorImpl.java:57)
	at sun.reflect.DelegatingMethodAccessorImpl.invoke(DelegatingMethodAccessorImpl.java:43)
	at java.lang.reflect.Method.invoke(Method.java:606)
	at org.junit.runners.model.FrameworkMethod$1.runReflectiveCall(FrameworkMethod.java:44)
	at org.junit.internal.runners.model.ReflectiveCallable.run(ReflectiveCallable.java:15)
	at org.junit.runners.model.FrameworkMethod.invokeExplosively(FrameworkMethod.java:41)
	at org.junit.internal.runners.statements.InvokeMethod.evaluate(InvokeMethod.java:20)
	at org.junit.runners.BlockJUnit4ClassRunner.runNotIgnored(BlockJUnit4ClassRunner.java:79)
	at org.junit.runners.BlockJUnit4ClassRunner.runChild(BlockJUnit4ClassRunner.java:71)
	at org.junit.runners.BlockJUnit4ClassRunner.runChild(BlockJUnit4ClassRunner.java:49)
	at org.junit.runners.ParentRunner$3.run(ParentRunner.java:193)
	at org.junit.runners.ParentRunner$1.schedule(ParentRunner.java:52)
	at org.junit.runners.ParentRunner.runChildren(ParentRunner.java:191)
	at org.junit.runners.ParentRunner.access$000(ParentRunner.java:42)
	at org.junit.runners.ParentRunner$2.evaluate(ParentRunner.java:184)
	at org.junit.runners.ParentRunner.run(ParentRunner.java:236)
	at junit.framework.JUnit4TestAdapter.run(JUnit4TestAdapter.java:39)
	at org.apache.tools.ant.taskdefs.optional.junit.JUnitTestRunner.run(JUnitTestRunner.java:520)
	at org.apache.tools.ant.taskdefs.optional.junit.JUnitTestRunner.launch(JUnitTestRunner.java:1060)
	at org.apache.tools.ant.taskdefs.optional.junit.JUnitTestRunner.main(JUnitTestRunner.java:884)
Caused by: java.lang.NullPointerException
	at com.google.javascript.jscomp.DiagnosticGroup.isSubGroup(DiagnosticGroup.java:117)
	at com.google.javascript.jscomp.DiagnosticGroupWarningsGuard.disables(DiagnosticGroupWarningsGuard.java:45)
	at com.google.javascript.jscomp.ComposeWarningsGuard.enables(ComposeWarningsGuard.java:153)
	at com.google.javascript.jscomp.CompilerOptions.enables(CompilerOptions.java:1052)
	at com.google.javascript.jscomp.DefaultPassConfig.getChecks(DefaultPassConfig.java:222)
	at com.google.javascript.jscomp.Compiler.check(Compiler.java:769)
	at com.google.javascript.jscomp.Compiler.compileInternal(Compiler.java:685)
	at com.google.javascript.jscomp.Compiler.access$000(Compiler.java:78)
	at com.google.javascript.jscomp.Compiler$1.call(Compiler.java:588)
	at com.google.javascript.jscomp.Compiler$1.call(Compiler.java:585)
	at com.google.javascript.jscomp.Compiler$2.run(Compiler.java:630)
	at java.lang.Thread.run(Thread.java:745)
--- RegressionTest1::test217
junit.framework.AssertionFailedError: 
	at org.junit.Assert.fail(Assert.java:91)
	at org.junit.Assert.assertTrue(Assert.java:43)
	at org.junit.Assert.assertNotNull(Assert.java:524)
	at org.junit.Assert.assertNotNull(Assert.java:535)
	at RegressionTest1.test217(RegressionTest1.java:5996)
	at sun.reflect.NativeMethodAccessorImpl.invoke0(Native Method)
	at sun.reflect.NativeMethodAccessorImpl.invoke(NativeMethodAccessorImpl.java:57)
	at sun.reflect.DelegatingMethodAccessorImpl.invoke(DelegatingMethodAccessorImpl.java:43)
	at java.lang.reflect.Method.invoke(Method.java:606)
	at org.junit.runners.model.FrameworkMethod$1.runReflectiveCall(FrameworkMethod.java:44)
	at org.junit.internal.runners.model.ReflectiveCallable.run(ReflectiveCallable.java:15)
	at org.junit.runners.model.FrameworkMethod.invokeExplosively(FrameworkMethod.java:41)
	at org.junit.internal.runners.statements.InvokeMethod.evaluate(InvokeMethod.java:20)
	at org.junit.runners.BlockJUnit4ClassRunner.runNotIgnored(BlockJUnit4ClassRunner.java:79)
	at org.junit.runners.BlockJUnit4ClassRunner.runChild(BlockJUnit4ClassRunner.java:71)
	at org.junit.runners.BlockJUnit4ClassRunner.runChild(BlockJUnit4ClassRunner.java:49)
	at org.junit.runners.ParentRunner$3.run(ParentRunner.java:193)
	at org.junit.runners.ParentRunner$1.schedule(ParentRunner.java:52)
	at org.junit.runners.ParentRunner.runChildren(ParentRunner.java:191)
	at org.junit.runners.ParentRunner.access$000(ParentRunner.java:42)
	at org.junit.runners.ParentRunner$2.evaluate(ParentRunner.java:184)
	at org.junit.runners.ParentRunner.run(ParentRunner.java:236)
	at junit.framework.JUnit4TestAdapter.run(JUnit4TestAdapter.java:39)
	at org.apache.tools.ant.taskdefs.optional.junit.JUnitTestRunner.run(JUnitTestRunner.java:520)
	at org.apache.tools.ant.taskdefs.optional.junit.JUnitTestRunner.launch(JUnitTestRunner.java:1060)
	at org.apache.tools.ant.taskdefs.optional.junit.JUnitTestRunner.main(JUnitTestRunner.java:884)
--- RegressionTest1::test025
java.lang.RuntimeException: java.lang.NullPointerException
	at com.google.javascript.jscomp.Compiler.runCallable(Compiler.java:658)
	at com.google.javascript.jscomp.Compiler.runInCompilerThread(Compiler.java:603)
	at com.google.javascript.jscomp.Compiler.compile(Compiler.java:585)
	at com.google.javascript.jscomp.Compiler.compile(Compiler.java:544)
	at com.google.javascript.jscomp.Compiler.compile(Compiler.java:511)
	at RegressionTest1.test025(RegressionTest1.java:495)
	at sun.reflect.NativeMethodAccessorImpl.invoke0(Native Method)
	at sun.reflect.NativeMethodAccessorImpl.invoke(NativeMethodAccessorImpl.java:57)
	at sun.reflect.DelegatingMethodAccessorImpl.invoke(DelegatingMethodAccessorImpl.java:43)
	at java.lang.reflect.Method.invoke(Method.java:606)
	at org.junit.runners.model.FrameworkMethod$1.runReflectiveCall(FrameworkMethod.java:44)
	at org.junit.internal.runners.model.ReflectiveCallable.run(ReflectiveCallable.java:15)
	at org.junit.runners.model.FrameworkMethod.invokeExplosively(FrameworkMethod.java:41)
	at org.junit.internal.runners.statements.InvokeMethod.evaluate(InvokeMethod.java:20)
	at org.junit.runners.BlockJUnit4ClassRunner.runNotIgnored(BlockJUnit4ClassRunner.java:79)
	at org.junit.runners.BlockJUnit4ClassRunner.runChild(BlockJUnit4ClassRunner.java:71)
	at org.junit.runners.BlockJUnit4ClassRunner.runChild(BlockJUnit4ClassRunner.java:49)
	at org.junit.runners.ParentRunner$3.run(ParentRunner.java:193)
	at org.junit.runners.ParentRunner$1.schedule(ParentRunner.java:52)
	at org.junit.runners.ParentRunner.runChildren(ParentRunner.java:191)
	at org.junit.runners.ParentRunner.access$000(ParentRunner.java:42)
	at org.junit.runners.ParentRunner$2.evaluate(ParentRunner.java:184)
	at org.junit.runners.ParentRunner.run(ParentRunner.java:236)
	at junit.framework.JUnit4TestAdapter.run(JUnit4TestAdapter.java:39)
	at org.apache.tools.ant.taskdefs.optional.junit.JUnitTestRunner.run(JUnitTestRunner.java:520)
	at org.apache.tools.ant.taskdefs.optional.junit.JUnitTestRunner.launch(JUnitTestRunner.java:1060)
	at org.apache.tools.ant.taskdefs.optional.junit.JUnitTestRunner.main(JUnitTestRunner.java:884)
Caused by: java.lang.NullPointerException
	at com.google.javascript.jscomp.DiagnosticGroup.isSubGroup(DiagnosticGroup.java:117)
	at com.google.javascript.jscomp.DiagnosticGroupWarningsGuard.disables(DiagnosticGroupWarningsGuard.java:45)
	at com.google.javascript.jscomp.ComposeWarningsGuard.enables(ComposeWarningsGuard.java:153)
	at com.google.javascript.jscomp.CompilerOptions.enables(CompilerOptions.java:1052)
	at com.google.javascript.jscomp.DefaultPassConfig.getChecks(DefaultPassConfig.java:222)
	at com.google.javascript.jscomp.Compiler.check(Compiler.java:769)
	at com.google.javascript.jscomp.Compiler.compileInternal(Compiler.java:685)
	at com.google.javascript.jscomp.Compiler.access$000(Compiler.java:78)
	at com.google.javascript.jscomp.Compiler$1.call(Compiler.java:588)
	at com.google.javascript.jscomp.Compiler$1.call(Compiler.java:585)
	at com.google.javascript.jscomp.Compiler$2.run(Compiler.java:630)
	at java.lang.Thread.run(Thread.java:745)
