--- com.google.javascript.jscomp.Compiler_ESTest::test52
java.lang.RuntimeException: org.evosuite.runtime.mock.java.lang.MockThrowable: Expected script but was block Reference node BLOCK [source_file: STRIP]
	at com.google.javascript.jscomp.Compiler.runCallable(Compiler.java:626)
	at com.google.javascript.jscomp.Compiler.runInCompilerThread(Compiler.java:572)
	at com.google.javascript.jscomp.Compiler.compile(Compiler.java:555)
	at com.google.javascript.jscomp.Compiler.compile(Compiler.java:514)
	at com.google.javascript.jscomp.Compiler.compile(Compiler.java:496)
	at com.google.javascript.jscomp.Compiler.compile(Compiler.java:482)
	at com.google.javascript.jscomp.Compiler.compile(Compiler.java:477)
	at com.google.javascript.jscomp.Compiler_ESTest.test52(Compiler_ESTest.java:671)
	at sun.reflect.NativeMethodAccessorImpl.invoke0(Native Method)
	at sun.reflect.NativeMethodAccessorImpl.invoke(NativeMethodAccessorImpl.java:57)
	at sun.reflect.DelegatingMethodAccessorImpl.invoke(DelegatingMethodAccessorImpl.java:43)
	at java.lang.reflect.Method.invoke(Method.java:606)
	at org.junit.runners.model.FrameworkMethod$1.runReflectiveCall(FrameworkMethod.java:44)
	at org.junit.internal.runners.model.ReflectiveCallable.run(ReflectiveCallable.java:15)
	at org.junit.runners.model.FrameworkMethod.invokeExplosively(FrameworkMethod.java:41)
	at org.junit.internal.runners.statements.InvokeMethod.evaluate(InvokeMethod.java:20)
	at org.junit.internal.runners.statements.RunBefores.evaluate(RunBefores.java:28)
	at org.junit.internal.runners.statements.RunAfters.evaluate(RunAfters.java:31)
	at org.junit.internal.runners.statements.FailOnTimeout$1.run(FailOnTimeout.java:28)
Caused by: org.evosuite.runtime.mock.java.lang.MockIllegalStateException: Expected script but was block Reference node BLOCK [source_file: STRIP]
--- com.google.javascript.jscomp.Compiler_ESTest::test08
junit.framework.AssertionFailedError: expected:<1> but was:<0>
	at org.junit.Assert.fail(Assert.java:91)
	at org.junit.Assert.failNotEquals(Assert.java:645)
	at org.junit.Assert.assertEquals(Assert.java:126)
	at org.junit.Assert.assertEquals(Assert.java:470)
	at org.junit.Assert.assertEquals(Assert.java:454)
	at com.google.javascript.jscomp.Compiler_ESTest.test08(Compiler_ESTest.java:186)
	at sun.reflect.NativeMethodAccessorImpl.invoke0(Native Method)
	at sun.reflect.NativeMethodAccessorImpl.invoke(NativeMethodAccessorImpl.java:57)
	at sun.reflect.DelegatingMethodAccessorImpl.invoke(DelegatingMethodAccessorImpl.java:43)
	at java.lang.reflect.Method.invoke(Method.java:606)
	at org.junit.runners.model.FrameworkMethod$1.runReflectiveCall(FrameworkMethod.java:44)
	at org.junit.internal.runners.model.ReflectiveCallable.run(ReflectiveCallable.java:15)
	at org.junit.runners.model.FrameworkMethod.invokeExplosively(FrameworkMethod.java:41)
	at org.junit.internal.runners.statements.InvokeMethod.evaluate(InvokeMethod.java:20)
	at org.junit.internal.runners.statements.RunBefores.evaluate(RunBefores.java:28)
	at org.junit.internal.runners.statements.RunAfters.evaluate(RunAfters.java:31)
	at org.junit.internal.runners.statements.FailOnTimeout$1.run(FailOnTimeout.java:28)
--- com.google.javascript.jscomp.Compiler_ESTest::test21
java.lang.RuntimeException: org.evosuite.runtime.mock.java.lang.MockThrowable: Expected script but was block Reference node BLOCK [source_file: STRIP]
	at com.google.javascript.jscomp.Compiler.runCallable(Compiler.java:626)
	at com.google.javascript.jscomp.Compiler.runInCompilerThread(Compiler.java:572)
	at com.google.javascript.jscomp.Compiler.compile(Compiler.java:555)
	at com.google.javascript.jscomp.Compiler.compile(Compiler.java:514)
	at com.google.javascript.jscomp.Compiler.compile(Compiler.java:496)
	at com.google.javascript.jscomp.Compiler.compile(Compiler.java:482)
	at com.google.javascript.jscomp.Compiler.compile(Compiler.java:477)
	at com.google.javascript.jscomp.Compiler_ESTest.test21(Compiler_ESTest.java:325)
	at sun.reflect.NativeMethodAccessorImpl.invoke0(Native Method)
	at sun.reflect.NativeMethodAccessorImpl.invoke(NativeMethodAccessorImpl.java:57)
	at sun.reflect.DelegatingMethodAccessorImpl.invoke(DelegatingMethodAccessorImpl.java:43)
	at java.lang.reflect.Method.invoke(Method.java:606)
	at org.junit.runners.model.FrameworkMethod$1.runReflectiveCall(FrameworkMethod.java:44)
	at org.junit.internal.runners.model.ReflectiveCallable.run(ReflectiveCallable.java:15)
	at org.junit.runners.model.FrameworkMethod.invokeExplosively(FrameworkMethod.java:41)
	at org.junit.internal.runners.statements.InvokeMethod.evaluate(InvokeMethod.java:20)
	at org.junit.internal.runners.statements.RunBefores.evaluate(RunBefores.java:28)
	at org.junit.internal.runners.statements.RunAfters.evaluate(RunAfters.java:31)
	at org.junit.internal.runners.statements.FailOnTimeout$1.run(FailOnTimeout.java:28)
Caused by: org.evosuite.runtime.mock.java.lang.MockIllegalStateException: Expected script but was block Reference node BLOCK [source_file: STRIP]
