--- com.google.javascript.jscomp.Compiler_ESTest::test33
java.lang.RuntimeException: org.evosuite.runtime.mock.java.lang.MockThrowable: Missing 'synthetic block' annotation. Reference node SCRIPT [source_file: x:sqP! R8Mf3'] [input_id: InputId: x:sqP! R8Mf3']
	at com.google.javascript.jscomp.Compiler.runCallable(Compiler.java:654)
	at com.google.javascript.jscomp.Compiler.runInCompilerThread(Compiler.java:599)
	at com.google.javascript.jscomp.Compiler.compile(Compiler.java:581)
	at com.google.javascript.jscomp.Compiler.compile(Compiler.java:540)
	at com.google.javascript.jscomp.Compiler.compile(Compiler.java:502)
	at com.google.javascript.jscomp.Compiler_ESTest.test33(Compiler_ESTest.java:483)
	at sun.reflect.NativeMethodAccessorImpl.invoke0(Native Method)
	at sun.reflect.NativeMethodAccessorImpl.invoke(NativeMethodAccessorImpl.java:57)
	at sun.reflect.DelegatingMethodAccessorImpl.invoke(DelegatingMethodAccessorImpl.java:43)
	at java.lang.reflect.Method.invoke(Method.java:606)
	at org.junit.runners.model.FrameworkMethod$1.runReflectiveCall(FrameworkMethod.java:44)
	at org.junit.internal.runners.model.ReflectiveCallable.run(ReflectiveCallable.java:15)
	at org.junit.runners.model.FrameworkMethod.invokeExplosively(FrameworkMethod.java:41)
	at org.junit.internal.runners.statements.InvokeMethod.evaluate(InvokeMethod.java:20)
	at org.junit.internal.runners.statements.RunBefores.evaluate(RunBefores.java:28)
	at org.junit.internal.runners.statements.RunAfters.evaluate(RunAfters.java:31)
	at org.junit.internal.runners.statements.FailOnTimeout$1.run(FailOnTimeout.java:28)
Caused by: org.evosuite.runtime.mock.java.lang.MockIllegalStateException: Missing 'synthetic block' annotation. Reference node SCRIPT [source_file: x:sqP! R8Mf3'] [input_id: InputId: x:sqP! R8Mf3']
