--- com.google.javascript.jscomp.NodeUtil_ESTest::test101
java.lang.Exception: test timed out after 4000 milliseconds
	at java.lang.Class.forName0(Native Method)
	at java.lang.Class.forName(Class.java:195)
	at com.google.javascript.rhino.head.Kit.classOrNull(Kit.java:74)
	at com.google.javascript.rhino.head.Kit.__STATIC_RESET(Kit.java:62)
	at sun.reflect.GeneratedMethodAccessor27.invoke(Unknown Source)
	at sun.reflect.DelegatingMethodAccessorImpl.invoke(DelegatingMethodAccessorImpl.java:43)
	at java.lang.reflect.Method.invoke(Method.java:606)
	at org.evosuite.runtime.classhandling.ClassResetter.reset(ClassResetter.java:148)
	at org.evosuite.runtime.classhandling.ClassStateSupport.resetClasses(ClassStateSupport.java:87)
	at com.google.javascript.jscomp.NodeUtil_ESTest_scaffolding.resetClasses(NodeUtil_ESTest_scaffolding.java:992)
	at com.google.javascript.jscomp.NodeUtil_ESTest_scaffolding.doneWithTestCase(NodeUtil_ESTest_scaffolding.java:60)
	at sun.reflect.GeneratedMethodAccessor2.invoke(Unknown Source)
	at sun.reflect.DelegatingMethodAccessorImpl.invoke(DelegatingMethodAccessorImpl.java:43)
	at java.lang.reflect.Method.invoke(Method.java:606)
	at org.junit.runners.model.FrameworkMethod$1.runReflectiveCall(FrameworkMethod.java:45)
	at org.junit.internal.runners.model.ReflectiveCallable.run(ReflectiveCallable.java:15)
	at org.junit.runners.model.FrameworkMethod.invokeExplosively(FrameworkMethod.java:42)
	at org.junit.internal.runners.statements.RunAfters.evaluate(RunAfters.java:36)
	at org.junit.internal.runners.statements.FailOnTimeout$StatementThread.run(FailOnTimeout.java:62)
--- com.google.javascript.jscomp.NodeUtil_ESTest::test102
java.lang.Exception: test timed out after 4000 milliseconds
	at java.io.ExpiringCache.entryFor(ExpiringCache.java:105)
	at java.io.ExpiringCache.get(ExpiringCache.java:77)
	at java.io.UnixFileSystem.canonicalize(UnixFileSystem.java:152)
	at java.io.File.getCanonicalPath(File.java:618)
	at java.io.FilePermission$1.run(FilePermission.java:221)
	at java.io.FilePermission$1.run(FilePermission.java:209)
	at java.security.AccessController.doPrivileged(Native Method)
	at java.io.FilePermission.init(FilePermission.java:209)
	at java.io.FilePermission.<init>(FilePermission.java:285)
	at java.lang.SecurityManager.checkRead(SecurityManager.java:888)
	at java.io.File.exists(File.java:808)
	at sun.misc.URLClassPath$FileLoader.getResource(URLClassPath.java:1080)
	at sun.misc.URLClassPath.getResource(URLClassPath.java:199)
	at java.net.URLClassLoader$1.run(URLClassLoader.java:358)
	at java.net.URLClassLoader$1.run(URLClassLoader.java:355)
	at java.security.AccessController.doPrivileged(Native Method)
	at java.net.URLClassLoader.findClass(URLClassLoader.java:354)
	at java.lang.ClassLoader.loadClass(ClassLoader.java:425)
	at sun.misc.Launcher$AppClassLoader.loadClass(Launcher.java:308)
	at java.lang.ClassLoader.loadClass(ClassLoader.java:358)
	at java.lang.Class.forName0(Native Method)
	at java.lang.Class.forName(Class.java:195)
	at com.google.javascript.rhino.head.Kit.classOrNull(Kit.java:74)
	at com.google.javascript.rhino.head.VMBridge.makeInstance(VMBridge.java:61)
	at com.google.javascript.rhino.head.VMBridge.__STATIC_RESET(VMBridge.java:49)
	at sun.reflect.GeneratedMethodAccessor35.invoke(Unknown Source)
	at sun.reflect.DelegatingMethodAccessorImpl.invoke(DelegatingMethodAccessorImpl.java:43)
	at java.lang.reflect.Method.invoke(Method.java:606)
	at org.evosuite.runtime.classhandling.ClassResetter.reset(ClassResetter.java:148)
	at org.evosuite.runtime.classhandling.ClassStateSupport.resetClasses(ClassStateSupport.java:87)
	at com.google.javascript.jscomp.NodeUtil_ESTest_scaffolding.resetClasses(NodeUtil_ESTest_scaffolding.java:992)
	at com.google.javascript.jscomp.NodeUtil_ESTest_scaffolding.doneWithTestCase(NodeUtil_ESTest_scaffolding.java:60)
	at sun.reflect.GeneratedMethodAccessor2.invoke(Unknown Source)
	at sun.reflect.DelegatingMethodAccessorImpl.invoke(DelegatingMethodAccessorImpl.java:43)
	at java.lang.reflect.Method.invoke(Method.java:606)
	at org.junit.runners.model.FrameworkMethod$1.runReflectiveCall(FrameworkMethod.java:45)
	at org.junit.internal.runners.model.ReflectiveCallable.run(ReflectiveCallable.java:15)
	at org.junit.runners.model.FrameworkMethod.invokeExplosively(FrameworkMethod.java:42)
	at org.junit.internal.runners.statements.RunAfters.evaluate(RunAfters.java:36)
	at org.junit.internal.runners.statements.FailOnTimeout$StatementThread.run(FailOnTimeout.java:62)
--- com.google.javascript.jscomp.NodeUtil_ESTest::test104
java.lang.Exception: test timed out after 4000 milliseconds
