--- com.google.javascript.jscomp.MinimizeExitPoints_ESTest::test5
java.lang.Exception: test timed out after 4000 milliseconds
	at java.lang.Throwable.fillInStackTrace(Native Method)
	at java.lang.Throwable.fillInStackTrace(Throwable.java:783)
	at java.lang.Throwable.<init>(Throwable.java:287)
	at java.lang.Exception.<init>(Exception.java:84)
	at java.lang.ReflectiveOperationException.<init>(ReflectiveOperationException.java:75)
	at java.lang.ClassNotFoundException.<init>(ClassNotFoundException.java:82)
	at java.net.URLClassLoader$1.run(URLClassLoader.java:366)
	at java.net.URLClassLoader$1.run(URLClassLoader.java:355)
	at java.security.AccessController.doPrivileged(Native Method)
	at java.net.URLClassLoader.findClass(URLClassLoader.java:354)
	at java.lang.ClassLoader.loadClass(ClassLoader.java:425)
	at java.lang.ClassLoader.loadClass(ClassLoader.java:412)
	at sun.misc.Launcher$AppClassLoader.loadClass(Launcher.java:308)
	at java.lang.ClassLoader.loadClass(ClassLoader.java:358)
	at org.junit.internal.runners.statements.RunAfters.evaluate(RunAfters.java:41)
	at org.junit.internal.runners.statements.FailOnTimeout$StatementThread.run(FailOnTimeout.java:62)
--- com.google.javascript.jscomp.MinimizeExitPoints_ESTest::test6
java.lang.Exception: test timed out after 4000 milliseconds
	at java.io.UnixFileSystem.getBooleanAttributes0(Native Method)
	at java.io.UnixFileSystem.getBooleanAttributes(UnixFileSystem.java:242)
	at java.io.File.exists(File.java:813)
	at sun.misc.URLClassPath$FileLoader.getResource(URLClassPath.java:1080)
	at sun.misc.URLClassPath.getResource(URLClassPath.java:199)
	at java.net.URLClassLoader$1.run(URLClassLoader.java:358)
	at java.net.URLClassLoader$1.run(URLClassLoader.java:355)
	at java.security.AccessController.doPrivileged(Native Method)
	at java.net.URLClassLoader.findClass(URLClassLoader.java:354)
	at java.lang.ClassLoader.loadClass(ClassLoader.java:425)
	at sun.misc.Launcher$AppClassLoader.loadClass(Launcher.java:308)
	at java.lang.ClassLoader.loadClass(ClassLoader.java:358)
	at java.util.ResourceBundle$Control.newBundle(ResourceBundle.java:2566)
	at java.util.ResourceBundle.loadBundle(ResourceBundle.java:1436)
	at java.util.ResourceBundle.findBundle(ResourceBundle.java:1400)
	at java.util.ResourceBundle.findBundle(ResourceBundle.java:1354)
	at java.util.ResourceBundle.getBundleImpl(ResourceBundle.java:1296)
	at java.util.ResourceBundle.getBundle(ResourceBundle.java:795)
	at com.google.javascript.rhino.head.ScriptRuntime$DefaultMessageProvider.getMessage(ScriptRuntime.java:3641)
	at com.google.javascript.rhino.head.ScriptRuntime.getMessage(ScriptRuntime.java:3625)
	at com.google.javascript.rhino.head.ScriptRuntime.getMessage0(ScriptRuntime.java:3574)
	at com.google.javascript.jscomp.RhinoErrorReporter.<init>(RhinoErrorReporter.java:80)
	at com.google.javascript.jscomp.RhinoErrorReporter.<init>(RhinoErrorReporter.java:31)
	at com.google.javascript.jscomp.RhinoErrorReporter$OldRhinoErrorReporter.<init>(RhinoErrorReporter.java:162)
	at com.google.javascript.jscomp.RhinoErrorReporter$OldRhinoErrorReporter.<init>(RhinoErrorReporter.java:158)
	at com.google.javascript.jscomp.RhinoErrorReporter.forOldRhino(RhinoErrorReporter.java:119)
	at com.google.javascript.jscomp.Compiler.<init>(Compiler.java:178)
	at com.google.javascript.jscomp.MinimizeExitPoints_ESTest.test6(MinimizeExitPoints_ESTest.java:140)
	at sun.reflect.NativeMethodAccessorImpl.invoke0(Native Method)
	at sun.reflect.NativeMethodAccessorImpl.invoke(NativeMethodAccessorImpl.java:57)
	at sun.reflect.DelegatingMethodAccessorImpl.invoke(DelegatingMethodAccessorImpl.java:43)
	at java.lang.reflect.Method.invoke(Method.java:606)
	at org.junit.runners.model.FrameworkMethod$1.runReflectiveCall(FrameworkMethod.java:45)
	at org.junit.internal.runners.model.ReflectiveCallable.run(ReflectiveCallable.java:15)
	at org.junit.runners.model.FrameworkMethod.invokeExplosively(FrameworkMethod.java:42)
	at org.junit.internal.runners.statements.InvokeMethod.evaluate(InvokeMethod.java:20)
	at org.junit.internal.runners.statements.RunBefores.evaluate(RunBefores.java:28)
	at org.junit.internal.runners.statements.RunAfters.evaluate(RunAfters.java:30)
	at org.junit.internal.runners.statements.FailOnTimeout$StatementThread.run(FailOnTimeout.java:62)
--- com.google.javascript.jscomp.MinimizeExitPoints_ESTest::test7
java.lang.Exception: test timed out after 4000 milliseconds
	at java.lang.Thread.getThreadGroup(Thread.java:1182)
	at org.evosuite.runtime.sandbox.MSecurityManager.allowPermission(MSecurityManager.java:555)
	at org.evosuite.runtime.sandbox.MSecurityManager.checkPermission(MSecurityManager.java:431)
	at java.util.Locale.setDefault(Locale.java:909)
	at java.util.Locale.setDefault(Locale.java:869)
	at org.evosuite.runtime.mock.java.util.MockLocale.reset(MockLocale.java:14)
	at org.evosuite.runtime.Runtime.resetRuntime(Runtime.java:80)
	at org.evosuite.runtime.classhandling.ClassResetter.reset(ClassResetter.java:142)
	at org.evosuite.runtime.classhandling.ClassStateSupport.resetClasses(ClassStateSupport.java:87)
	at com.google.javascript.jscomp.MinimizeExitPoints_ESTest_scaffolding.resetClasses(MinimizeExitPoints_ESTest_scaffolding.java:1067)
	at com.google.javascript.jscomp.MinimizeExitPoints_ESTest_scaffolding.doneWithTestCase(MinimizeExitPoints_ESTest_scaffolding.java:60)
	at sun.reflect.NativeMethodAccessorImpl.invoke0(Native Method)
	at sun.reflect.NativeMethodAccessorImpl.invoke(NativeMethodAccessorImpl.java:57)
	at sun.reflect.DelegatingMethodAccessorImpl.invoke(DelegatingMethodAccessorImpl.java:43)
	at java.lang.reflect.Method.invoke(Method.java:606)
	at org.junit.runners.model.FrameworkMethod$1.runReflectiveCall(FrameworkMethod.java:45)
	at org.junit.internal.runners.model.ReflectiveCallable.run(ReflectiveCallable.java:15)
	at org.junit.runners.model.FrameworkMethod.invokeExplosively(FrameworkMethod.java:42)
	at org.junit.internal.runners.statements.RunAfters.evaluate(RunAfters.java:36)
	at org.junit.internal.runners.statements.FailOnTimeout$StatementThread.run(FailOnTimeout.java:62)
--- com.google.javascript.jscomp.MinimizeExitPoints_ESTest::test1
java.lang.IllegalStateException: Trying to set up the sandbox while executing a test case
	at org.evosuite.runtime.sandbox.MSecurityManager.goingToExecuteTestCase(MSecurityManager.java:347)
	at org.evosuite.runtime.sandbox.Sandbox.goingToExecuteSUTCode(Sandbox.java:128)
	at com.google.javascript.jscomp.MinimizeExitPoints_ESTest_scaffolding.initTestCase(MinimizeExitPoints_ESTest_scaffolding.java:49)
	at sun.reflect.NativeMethodAccessorImpl.invoke0(Native Method)
	at sun.reflect.NativeMethodAccessorImpl.invoke(NativeMethodAccessorImpl.java:57)
	at sun.reflect.DelegatingMethodAccessorImpl.invoke(DelegatingMethodAccessorImpl.java:43)
	at java.lang.reflect.Method.invoke(Method.java:606)
	at org.junit.runners.model.FrameworkMethod$1.runReflectiveCall(FrameworkMethod.java:45)
	at org.junit.internal.runners.model.ReflectiveCallable.run(ReflectiveCallable.java:15)
	at org.junit.runners.model.FrameworkMethod.invokeExplosively(FrameworkMethod.java:42)
	at org.junit.internal.runners.statements.RunBefores.evaluate(RunBefores.java:27)
	at org.junit.internal.runners.statements.RunAfters.evaluate(RunAfters.java:30)
	at org.junit.internal.runners.statements.FailOnTimeout$StatementThread.run(FailOnTimeout.java:62)
--- com.google.javascript.jscomp.MinimizeExitPoints_ESTest::test1
java.lang.NullPointerException
	at org.evosuite.runtime.vfs.VirtualFileSystem.createFolder(VirtualFileSystem.java:364)
	at org.evosuite.runtime.vfs.VirtualFileSystem.init(VirtualFileSystem.java:195)
	at org.evosuite.runtime.Runtime.resetRuntime(Runtime.java:85)
	at org.evosuite.runtime.classhandling.ClassResetter.reset(ClassResetter.java:142)
	at org.evosuite.runtime.classhandling.ClassStateSupport.resetClasses(ClassStateSupport.java:87)
	at com.google.javascript.jscomp.MinimizeExitPoints_ESTest_scaffolding.resetClasses(MinimizeExitPoints_ESTest_scaffolding.java:1067)
	at com.google.javascript.jscomp.MinimizeExitPoints_ESTest_scaffolding.doneWithTestCase(MinimizeExitPoints_ESTest_scaffolding.java:60)
	at sun.reflect.NativeMethodAccessorImpl.invoke0(Native Method)
	at sun.reflect.NativeMethodAccessorImpl.invoke(NativeMethodAccessorImpl.java:57)
	at sun.reflect.DelegatingMethodAccessorImpl.invoke(DelegatingMethodAccessorImpl.java:43)
	at java.lang.reflect.Method.invoke(Method.java:606)
	at org.junit.runners.model.FrameworkMethod$1.runReflectiveCall(FrameworkMethod.java:45)
	at org.junit.internal.runners.model.ReflectiveCallable.run(ReflectiveCallable.java:15)
	at org.junit.runners.model.FrameworkMethod.invokeExplosively(FrameworkMethod.java:42)
	at org.junit.internal.runners.statements.RunAfters.evaluate(RunAfters.java:36)
	at org.junit.internal.runners.statements.FailOnTimeout$StatementThread.run(FailOnTimeout.java:62)
--- com.google.javascript.jscomp.MinimizeExitPoints_ESTest::test2
java.lang.NullPointerException
	at java.util.LinkedList.node(LinkedList.java:570)
	at java.util.LinkedList.get(LinkedList.java:475)
	at org.evosuite.runtime.LoopCounter.checkLoop(LoopCounter.java:78)
	at com.google.common.base.Preconditions.checkNotNull(Preconditions.java:233)
	at com.google.common.collect.ImmutableMap.entryOf(ImmutableMap.java:143)
	at com.google.common.collect.ImmutableMap$Builder.put(ImmutableMap.java:182)
	at com.google.javascript.jscomp.RhinoErrorReporter.<init>(RhinoErrorReporter.java:80)
	at com.google.javascript.jscomp.RhinoErrorReporter.<init>(RhinoErrorReporter.java:31)
	at com.google.javascript.jscomp.RhinoErrorReporter$OldRhinoErrorReporter.<init>(RhinoErrorReporter.java:162)
	at com.google.javascript.jscomp.RhinoErrorReporter$OldRhinoErrorReporter.<init>(RhinoErrorReporter.java:158)
	at com.google.javascript.jscomp.RhinoErrorReporter.forOldRhino(RhinoErrorReporter.java:119)
	at com.google.javascript.jscomp.Compiler.<init>(Compiler.java:178)
	at com.google.javascript.jscomp.Compiler.<init>(Compiler.java:240)
	at com.google.javascript.jscomp.MinimizeExitPoints_ESTest.test2(MinimizeExitPoints_ESTest.java:68)
	at sun.reflect.NativeMethodAccessorImpl.invoke0(Native Method)
	at sun.reflect.NativeMethodAccessorImpl.invoke(NativeMethodAccessorImpl.java:57)
	at sun.reflect.DelegatingMethodAccessorImpl.invoke(DelegatingMethodAccessorImpl.java:43)
	at java.lang.reflect.Method.invoke(Method.java:606)
	at org.junit.runners.model.FrameworkMethod$1.runReflectiveCall(FrameworkMethod.java:45)
	at org.junit.internal.runners.model.ReflectiveCallable.run(ReflectiveCallable.java:15)
	at org.junit.runners.model.FrameworkMethod.invokeExplosively(FrameworkMethod.java:42)
	at org.junit.internal.runners.statements.InvokeMethod.evaluate(InvokeMethod.java:20)
	at org.junit.internal.runners.statements.RunBefores.evaluate(RunBefores.java:28)
	at org.junit.internal.runners.statements.RunAfters.evaluate(RunAfters.java:30)
	at org.junit.internal.runners.statements.FailOnTimeout$StatementThread.run(FailOnTimeout.java:62)
--- com.google.javascript.jscomp.MinimizeExitPoints_ESTest::test2
java.lang.IllegalStateException: Trying to disable sandbox when not test case was run
	at org.evosuite.runtime.sandbox.MSecurityManager.goingToEndTestCase(MSecurityManager.java:359)
	at org.evosuite.runtime.sandbox.Sandbox.doneWithExecutingSUTCode(Sandbox.java:139)
	at com.google.javascript.jscomp.MinimizeExitPoints_ESTest_scaffolding.doneWithTestCase(MinimizeExitPoints_ESTest_scaffolding.java:61)
	at sun.reflect.NativeMethodAccessorImpl.invoke0(Native Method)
	at sun.reflect.NativeMethodAccessorImpl.invoke(NativeMethodAccessorImpl.java:57)
	at sun.reflect.DelegatingMethodAccessorImpl.invoke(DelegatingMethodAccessorImpl.java:43)
	at java.lang.reflect.Method.invoke(Method.java:606)
	at org.junit.runners.model.FrameworkMethod$1.runReflectiveCall(FrameworkMethod.java:45)
	at org.junit.internal.runners.model.ReflectiveCallable.run(ReflectiveCallable.java:15)
	at org.junit.runners.model.FrameworkMethod.invokeExplosively(FrameworkMethod.java:42)
	at org.junit.internal.runners.statements.RunAfters.evaluate(RunAfters.java:36)
	at org.junit.internal.runners.statements.FailOnTimeout$StatementThread.run(FailOnTimeout.java:62)
