--- RegressionTest0::test081
junit.framework.AssertionFailedError: '0.9524313567398038' != '0.8677067523663956'
	at org.junit.Assert.fail(Assert.java:88)
	at org.junit.Assert.assertTrue(Assert.java:41)
	at RegressionTest0.test081(RegressionTest0.java:1168)
	at sun.reflect.NativeMethodAccessorImpl.invoke0(Native Method)
	at sun.reflect.NativeMethodAccessorImpl.invoke(NativeMethodAccessorImpl.java:57)
	at sun.reflect.DelegatingMethodAccessorImpl.invoke(DelegatingMethodAccessorImpl.java:43)
	at java.lang.reflect.Method.invoke(Method.java:606)
	at org.junit.runners.model.FrameworkMethod$1.runReflectiveCall(FrameworkMethod.java:47)
	at org.junit.internal.runners.model.ReflectiveCallable.run(ReflectiveCallable.java:12)
	at org.junit.runners.model.FrameworkMethod.invokeExplosively(FrameworkMethod.java:44)
	at org.junit.internal.runners.statements.InvokeMethod.evaluate(InvokeMethod.java:17)
	at org.junit.runners.ParentRunner.runLeaf(ParentRunner.java:271)
	at org.junit.runners.BlockJUnit4ClassRunner.runChild(BlockJUnit4ClassRunner.java:70)
	at org.junit.runners.BlockJUnit4ClassRunner.runChild(BlockJUnit4ClassRunner.java:50)
	at org.junit.runners.ParentRunner$3.run(ParentRunner.java:238)
	at org.junit.runners.ParentRunner$1.schedule(ParentRunner.java:63)
	at org.junit.runners.ParentRunner.runChildren(ParentRunner.java:236)
	at org.junit.runners.ParentRunner.access$000(ParentRunner.java:53)
	at org.junit.runners.ParentRunner$2.evaluate(ParentRunner.java:229)
	at org.junit.runners.ParentRunner.run(ParentRunner.java:309)
	at junit.framework.JUnit4TestAdapter.run(JUnit4TestAdapter.java:38)
	at org.apache.tools.ant.taskdefs.optional.junit.JUnitTestRunner.run(JUnitTestRunner.java:520)
	at org.apache.tools.ant.taskdefs.optional.junit.JUnitTestRunner.launch(JUnitTestRunner.java:1060)
	at org.apache.tools.ant.taskdefs.optional.junit.JUnitTestRunner.main(JUnitTestRunner.java:884)
--- RegressionTest0::test139
org.apache.commons.math3.exception.NotStrictlyPositiveException: 0 is smaller than, or equal to, the minimum (0)
	at org.apache.commons.math3.linear.AbstractRealMatrix.<init>(AbstractRealMatrix.java:69)
	at org.apache.commons.math3.linear.DiagonalMatrix.<init>(DiagonalMatrix.java:56)
	at org.apache.commons.math3.optimization.general.AbstractLeastSquaresOptimizer.squareRoot(AbstractLeastSquaresOptimizer.java:564)
	at org.apache.commons.math3.optimization.general.AbstractLeastSquaresOptimizer.setUp(AbstractLeastSquaresOptimizer.java:508)
	at org.apache.commons.math3.optimization.direct.BaseAbstractMultivariateVectorOptimizer.optimizeInternal(BaseAbstractMultivariateVectorOptimizer.java:239)
	at org.apache.commons.math3.optimization.general.AbstractLeastSquaresOptimizer.optimizeInternal(AbstractLeastSquaresOptimizer.java:496)
	at org.apache.commons.math3.optimization.general.AbstractLeastSquaresOptimizer.optimize(AbstractLeastSquaresOptimizer.java:423)
	at org.apache.commons.math3.optimization.general.AbstractLeastSquaresOptimizer.optimize(AbstractLeastSquaresOptimizer.java:62)
	at org.apache.commons.math3.optimization.fitting.CurveFitter.fit(CurveFitter.java:189)
	at org.apache.commons.math3.optimization.fitting.CurveFitter.fit(CurveFitter.java:153)
	at RegressionTest0.test139(RegressionTest0.java:1951)
	at sun.reflect.NativeMethodAccessorImpl.invoke0(Native Method)
	at sun.reflect.NativeMethodAccessorImpl.invoke(NativeMethodAccessorImpl.java:57)
	at sun.reflect.DelegatingMethodAccessorImpl.invoke(DelegatingMethodAccessorImpl.java:43)
	at java.lang.reflect.Method.invoke(Method.java:606)
	at org.junit.runners.model.FrameworkMethod$1.runReflectiveCall(FrameworkMethod.java:47)
	at org.junit.internal.runners.model.ReflectiveCallable.run(ReflectiveCallable.java:12)
	at org.junit.runners.model.FrameworkMethod.invokeExplosively(FrameworkMethod.java:44)
	at org.junit.internal.runners.statements.InvokeMethod.evaluate(InvokeMethod.java:17)
	at org.junit.runners.ParentRunner.runLeaf(ParentRunner.java:271)
	at org.junit.runners.BlockJUnit4ClassRunner.runChild(BlockJUnit4ClassRunner.java:70)
	at org.junit.runners.BlockJUnit4ClassRunner.runChild(BlockJUnit4ClassRunner.java:50)
	at org.junit.runners.ParentRunner$3.run(ParentRunner.java:238)
	at org.junit.runners.ParentRunner$1.schedule(ParentRunner.java:63)
	at org.junit.runners.ParentRunner.runChildren(ParentRunner.java:236)
	at org.junit.runners.ParentRunner.access$000(ParentRunner.java:53)
	at org.junit.runners.ParentRunner$2.evaluate(ParentRunner.java:229)
	at org.junit.runners.ParentRunner.run(ParentRunner.java:309)
	at junit.framework.JUnit4TestAdapter.run(JUnit4TestAdapter.java:38)
	at org.apache.tools.ant.taskdefs.optional.junit.JUnitTestRunner.run(JUnitTestRunner.java:520)
	at org.apache.tools.ant.taskdefs.optional.junit.JUnitTestRunner.launch(JUnitTestRunner.java:1060)
	at org.apache.tools.ant.taskdefs.optional.junit.JUnitTestRunner.main(JUnitTestRunner.java:884)
--- RegressionTest0::test454
org.apache.commons.math3.exception.NotStrictlyPositiveException: 0 is smaller than, or equal to, the minimum (0)
	at org.apache.commons.math3.linear.AbstractRealMatrix.<init>(AbstractRealMatrix.java:69)
	at org.apache.commons.math3.linear.DiagonalMatrix.<init>(DiagonalMatrix.java:56)
	at org.apache.commons.math3.optimization.general.AbstractLeastSquaresOptimizer.squareRoot(AbstractLeastSquaresOptimizer.java:564)
	at org.apache.commons.math3.optimization.general.AbstractLeastSquaresOptimizer.setUp(AbstractLeastSquaresOptimizer.java:508)
	at org.apache.commons.math3.optimization.direct.BaseAbstractMultivariateVectorOptimizer.optimizeInternal(BaseAbstractMultivariateVectorOptimizer.java:239)
	at org.apache.commons.math3.optimization.general.AbstractLeastSquaresOptimizer.optimizeInternal(AbstractLeastSquaresOptimizer.java:496)
	at org.apache.commons.math3.optimization.general.AbstractLeastSquaresOptimizer.optimize(AbstractLeastSquaresOptimizer.java:423)
	at org.apache.commons.math3.optimization.general.AbstractLeastSquaresOptimizer.optimize(AbstractLeastSquaresOptimizer.java:62)
	at org.apache.commons.math3.optimization.fitting.CurveFitter.fit(CurveFitter.java:189)
	at org.apache.commons.math3.optimization.fitting.CurveFitter.fit(CurveFitter.java:153)
	at RegressionTest0.test454(RegressionTest0.java:9443)
	at sun.reflect.NativeMethodAccessorImpl.invoke0(Native Method)
	at sun.reflect.NativeMethodAccessorImpl.invoke(NativeMethodAccessorImpl.java:57)
	at sun.reflect.DelegatingMethodAccessorImpl.invoke(DelegatingMethodAccessorImpl.java:43)
	at java.lang.reflect.Method.invoke(Method.java:606)
	at org.junit.runners.model.FrameworkMethod$1.runReflectiveCall(FrameworkMethod.java:47)
	at org.junit.internal.runners.model.ReflectiveCallable.run(ReflectiveCallable.java:12)
	at org.junit.runners.model.FrameworkMethod.invokeExplosively(FrameworkMethod.java:44)
	at org.junit.internal.runners.statements.InvokeMethod.evaluate(InvokeMethod.java:17)
	at org.junit.runners.ParentRunner.runLeaf(ParentRunner.java:271)
	at org.junit.runners.BlockJUnit4ClassRunner.runChild(BlockJUnit4ClassRunner.java:70)
	at org.junit.runners.BlockJUnit4ClassRunner.runChild(BlockJUnit4ClassRunner.java:50)
	at org.junit.runners.ParentRunner$3.run(ParentRunner.java:238)
	at org.junit.runners.ParentRunner$1.schedule(ParentRunner.java:63)
	at org.junit.runners.ParentRunner.runChildren(ParentRunner.java:236)
	at org.junit.runners.ParentRunner.access$000(ParentRunner.java:53)
	at org.junit.runners.ParentRunner$2.evaluate(ParentRunner.java:229)
	at org.junit.runners.ParentRunner.run(ParentRunner.java:309)
	at junit.framework.JUnit4TestAdapter.run(JUnit4TestAdapter.java:38)
	at org.apache.tools.ant.taskdefs.optional.junit.JUnitTestRunner.run(JUnitTestRunner.java:520)
	at org.apache.tools.ant.taskdefs.optional.junit.JUnitTestRunner.launch(JUnitTestRunner.java:1060)
	at org.apache.tools.ant.taskdefs.optional.junit.JUnitTestRunner.main(JUnitTestRunner.java:884)
--- RegressionTest0::test500
java.lang.NullPointerException
	at org.apache.commons.math3.analysis.FunctionUtils$18.value(FunctionUtils.java:676)
	at org.apache.commons.math3.analysis.FunctionUtils$19.value(FunctionUtils.java:731)
	at org.apache.commons.math3.analysis.FunctionUtils$18.value(FunctionUtils.java:676)
	at org.apache.commons.math3.optimization.direct.BaseAbstractMultivariateVectorOptimizer.computeObjectiveValue(BaseAbstractMultivariateVectorOptimizer.java:112)
	at org.apache.commons.math3.optimization.general.LevenbergMarquardtOptimizer.doOptimize(LevenbergMarquardtOptimizer.java:308)
	at org.apache.commons.math3.optimization.direct.BaseAbstractMultivariateVectorOptimizer.optimizeInternal(BaseAbstractMultivariateVectorOptimizer.java:241)
	at org.apache.commons.math3.optimization.general.AbstractLeastSquaresOptimizer.optimizeInternal(AbstractLeastSquaresOptimizer.java:496)
	at org.apache.commons.math3.optimization.general.AbstractLeastSquaresOptimizer.optimize(AbstractLeastSquaresOptimizer.java:459)
	at RegressionTest0.test500(RegressionTest0.java:10880)
	at sun.reflect.NativeMethodAccessorImpl.invoke0(Native Method)
	at sun.reflect.NativeMethodAccessorImpl.invoke(NativeMethodAccessorImpl.java:57)
	at sun.reflect.DelegatingMethodAccessorImpl.invoke(DelegatingMethodAccessorImpl.java:43)
	at java.lang.reflect.Method.invoke(Method.java:606)
	at org.junit.runners.model.FrameworkMethod$1.runReflectiveCall(FrameworkMethod.java:47)
	at org.junit.internal.runners.model.ReflectiveCallable.run(ReflectiveCallable.java:12)
	at org.junit.runners.model.FrameworkMethod.invokeExplosively(FrameworkMethod.java:44)
	at org.junit.internal.runners.statements.InvokeMethod.evaluate(InvokeMethod.java:17)
	at org.junit.runners.ParentRunner.runLeaf(ParentRunner.java:271)
	at org.junit.runners.BlockJUnit4ClassRunner.runChild(BlockJUnit4ClassRunner.java:70)
	at org.junit.runners.BlockJUnit4ClassRunner.runChild(BlockJUnit4ClassRunner.java:50)
	at org.junit.runners.ParentRunner$3.run(ParentRunner.java:238)
	at org.junit.runners.ParentRunner$1.schedule(ParentRunner.java:63)
	at org.junit.runners.ParentRunner.runChildren(ParentRunner.java:236)
	at org.junit.runners.ParentRunner.access$000(ParentRunner.java:53)
	at org.junit.runners.ParentRunner$2.evaluate(ParentRunner.java:229)
	at org.junit.runners.ParentRunner.run(ParentRunner.java:309)
	at junit.framework.JUnit4TestAdapter.run(JUnit4TestAdapter.java:38)
	at org.apache.tools.ant.taskdefs.optional.junit.JUnitTestRunner.run(JUnitTestRunner.java:520)
	at org.apache.tools.ant.taskdefs.optional.junit.JUnitTestRunner.launch(JUnitTestRunner.java:1060)
	at org.apache.tools.ant.taskdefs.optional.junit.JUnitTestRunner.main(JUnitTestRunner.java:884)
--- RegressionTest1::test091
org.apache.commons.math3.exception.TooManyEvaluationsException: illegal state: maximal count (0) exceeded: evaluations
	at org.apache.commons.math3.optimization.direct.BaseAbstractMultivariateVectorOptimizer.computeObjectiveValue(BaseAbstractMultivariateVectorOptimizer.java:110)
	at org.apache.commons.math3.optimization.general.LevenbergMarquardtOptimizer.doOptimize(LevenbergMarquardtOptimizer.java:308)
	at org.apache.commons.math3.optimization.direct.BaseAbstractMultivariateVectorOptimizer.optimizeInternal(BaseAbstractMultivariateVectorOptimizer.java:241)
	at org.apache.commons.math3.optimization.general.AbstractLeastSquaresOptimizer.optimizeInternal(AbstractLeastSquaresOptimizer.java:496)
	at org.apache.commons.math3.optimization.general.AbstractLeastSquaresOptimizer.optimize(AbstractLeastSquaresOptimizer.java:423)
	at RegressionTest1.test091(RegressionTest1.java:2599)
	at sun.reflect.NativeMethodAccessorImpl.invoke0(Native Method)
	at sun.reflect.NativeMethodAccessorImpl.invoke(NativeMethodAccessorImpl.java:57)
	at sun.reflect.DelegatingMethodAccessorImpl.invoke(DelegatingMethodAccessorImpl.java:43)
	at java.lang.reflect.Method.invoke(Method.java:606)
	at org.junit.runners.model.FrameworkMethod$1.runReflectiveCall(FrameworkMethod.java:47)
	at org.junit.internal.runners.model.ReflectiveCallable.run(ReflectiveCallable.java:12)
	at org.junit.runners.model.FrameworkMethod.invokeExplosively(FrameworkMethod.java:44)
	at org.junit.internal.runners.statements.InvokeMethod.evaluate(InvokeMethod.java:17)
	at org.junit.runners.ParentRunner.runLeaf(ParentRunner.java:271)
	at org.junit.runners.BlockJUnit4ClassRunner.runChild(BlockJUnit4ClassRunner.java:70)
	at org.junit.runners.BlockJUnit4ClassRunner.runChild(BlockJUnit4ClassRunner.java:50)
	at org.junit.runners.ParentRunner$3.run(ParentRunner.java:238)
	at org.junit.runners.ParentRunner$1.schedule(ParentRunner.java:63)
	at org.junit.runners.ParentRunner.runChildren(ParentRunner.java:236)
	at org.junit.runners.ParentRunner.access$000(ParentRunner.java:53)
	at org.junit.runners.ParentRunner$2.evaluate(ParentRunner.java:229)
	at org.junit.runners.ParentRunner.run(ParentRunner.java:309)
	at junit.framework.JUnit4TestAdapter.run(JUnit4TestAdapter.java:38)
	at org.apache.tools.ant.taskdefs.optional.junit.JUnitTestRunner.run(JUnitTestRunner.java:520)
	at org.apache.tools.ant.taskdefs.optional.junit.JUnitTestRunner.launch(JUnitTestRunner.java:1060)
	at org.apache.tools.ant.taskdefs.optional.junit.JUnitTestRunner.main(JUnitTestRunner.java:884)
--- RegressionTest1::test357
org.apache.commons.math3.exception.NotStrictlyPositiveException: 0 is smaller than, or equal to, the minimum (0)
	at org.apache.commons.math3.linear.AbstractRealMatrix.<init>(AbstractRealMatrix.java:69)
	at org.apache.commons.math3.linear.DiagonalMatrix.<init>(DiagonalMatrix.java:56)
	at org.apache.commons.math3.optimization.general.AbstractLeastSquaresOptimizer.squareRoot(AbstractLeastSquaresOptimizer.java:564)
	at org.apache.commons.math3.optimization.general.AbstractLeastSquaresOptimizer.setUp(AbstractLeastSquaresOptimizer.java:508)
	at org.apache.commons.math3.optimization.direct.BaseAbstractMultivariateVectorOptimizer.optimizeInternal(BaseAbstractMultivariateVectorOptimizer.java:239)
	at org.apache.commons.math3.optimization.general.AbstractLeastSquaresOptimizer.optimizeInternal(AbstractLeastSquaresOptimizer.java:496)
	at org.apache.commons.math3.optimization.general.AbstractLeastSquaresOptimizer.optimize(AbstractLeastSquaresOptimizer.java:423)
	at org.apache.commons.math3.optimization.general.AbstractLeastSquaresOptimizer.optimize(AbstractLeastSquaresOptimizer.java:62)
	at org.apache.commons.math3.optimization.fitting.CurveFitter.fit(CurveFitter.java:189)
	at RegressionTest1.test357(RegressionTest1.java:10017)
	at sun.reflect.NativeMethodAccessorImpl.invoke0(Native Method)
	at sun.reflect.NativeMethodAccessorImpl.invoke(NativeMethodAccessorImpl.java:57)
	at sun.reflect.DelegatingMethodAccessorImpl.invoke(DelegatingMethodAccessorImpl.java:43)
	at java.lang.reflect.Method.invoke(Method.java:606)
	at org.junit.runners.model.FrameworkMethod$1.runReflectiveCall(FrameworkMethod.java:47)
	at org.junit.internal.runners.model.ReflectiveCallable.run(ReflectiveCallable.java:12)
	at org.junit.runners.model.FrameworkMethod.invokeExplosively(FrameworkMethod.java:44)
	at org.junit.internal.runners.statements.InvokeMethod.evaluate(InvokeMethod.java:17)
	at org.junit.runners.ParentRunner.runLeaf(ParentRunner.java:271)
	at org.junit.runners.BlockJUnit4ClassRunner.runChild(BlockJUnit4ClassRunner.java:70)
	at org.junit.runners.BlockJUnit4ClassRunner.runChild(BlockJUnit4ClassRunner.java:50)
	at org.junit.runners.ParentRunner$3.run(ParentRunner.java:238)
	at org.junit.runners.ParentRunner$1.schedule(ParentRunner.java:63)
	at org.junit.runners.ParentRunner.runChildren(ParentRunner.java:236)
	at org.junit.runners.ParentRunner.access$000(ParentRunner.java:53)
	at org.junit.runners.ParentRunner$2.evaluate(ParentRunner.java:229)
	at org.junit.runners.ParentRunner.run(ParentRunner.java:309)
	at junit.framework.JUnit4TestAdapter.run(JUnit4TestAdapter.java:38)
	at org.apache.tools.ant.taskdefs.optional.junit.JUnitTestRunner.run(JUnitTestRunner.java:520)
	at org.apache.tools.ant.taskdefs.optional.junit.JUnitTestRunner.launch(JUnitTestRunner.java:1060)
	at org.apache.tools.ant.taskdefs.optional.junit.JUnitTestRunner.main(JUnitTestRunner.java:884)
