--- org.apache.commons.compress.archivers.zip.X5455_ExtendedTimestamp_ESTest::test41
org.evosuite.runtime.mock.java.lang.MockIllegalArgumentException: X5455 timestamps must fit in a signed 32 bit integer: -2182719480
	at org.apache.commons.compress.archivers.zip.X5455_ExtendedTimestamp.unixTimeToZipLong(X5455_ExtendedTimestamp.java:530)
	at org.apache.commons.compress.archivers.zip.X5455_ExtendedTimestamp.dateToZipLong(X5455_ExtendedTimestamp.java:525)
	at org.apache.commons.compress.archivers.zip.X5455_ExtendedTimestamp.setAccessJavaTime(X5455_ExtendedTimestamp.java:495)
	at org.apache.commons.compress.archivers.zip.X5455_ExtendedTimestamp_ESTest.test41(X5455_ExtendedTimestamp_ESTest.java:443)
	at sun.reflect.NativeMethodAccessorImpl.invoke0(Native Method)
	at sun.reflect.NativeMethodAccessorImpl.invoke(NativeMethodAccessorImpl.java:62)
	at sun.reflect.DelegatingMethodAccessorImpl.invoke(DelegatingMethodAccessorImpl.java:43)
	at java.lang.reflect.Method.invoke(Method.java:498)
	at org.junit.runners.model.FrameworkMethod$1.runReflectiveCall(FrameworkMethod.java:47)
	at org.junit.internal.runners.model.ReflectiveCallable.run(ReflectiveCallable.java:12)
	at org.junit.runners.model.FrameworkMethod.invokeExplosively(FrameworkMethod.java:44)
	at org.junit.internal.runners.statements.InvokeMethod.evaluate(InvokeMethod.java:17)
	at org.junit.internal.runners.statements.FailOnTimeout$StatementThread.run(FailOnTimeout.java:74)
--- org.apache.commons.compress.archivers.zip.X5455_ExtendedTimestamp_ESTest::test40
org.evosuite.runtime.mock.java.lang.MockIllegalArgumentException: X5455 timestamps must fit in a signed 32 bit integer: -2206220340
	at org.apache.commons.compress.archivers.zip.X5455_ExtendedTimestamp.unixTimeToZipLong(X5455_ExtendedTimestamp.java:530)
	at org.apache.commons.compress.archivers.zip.X5455_ExtendedTimestamp.dateToZipLong(X5455_ExtendedTimestamp.java:525)
	at org.apache.commons.compress.archivers.zip.X5455_ExtendedTimestamp.setModifyJavaTime(X5455_ExtendedTimestamp.java:480)
	at org.apache.commons.compress.archivers.zip.X5455_ExtendedTimestamp_ESTest.test40(X5455_ExtendedTimestamp_ESTest.java:434)
	at sun.reflect.NativeMethodAccessorImpl.invoke0(Native Method)
	at sun.reflect.NativeMethodAccessorImpl.invoke(NativeMethodAccessorImpl.java:62)
	at sun.reflect.DelegatingMethodAccessorImpl.invoke(DelegatingMethodAccessorImpl.java:43)
	at java.lang.reflect.Method.invoke(Method.java:498)
	at org.junit.runners.model.FrameworkMethod$1.runReflectiveCall(FrameworkMethod.java:47)
	at org.junit.internal.runners.model.ReflectiveCallable.run(ReflectiveCallable.java:12)
	at org.junit.runners.model.FrameworkMethod.invokeExplosively(FrameworkMethod.java:44)
	at org.junit.internal.runners.statements.InvokeMethod.evaluate(InvokeMethod.java:17)
	at org.junit.internal.runners.statements.FailOnTimeout$StatementThread.run(FailOnTimeout.java:74)
